{"C:\\Users\\juneh\\Documents\\projects\\random-ai-prompt\\targets\\mobile\\App.js": {"path":"C:\\Users\\juneh\\Documents\\projects\\random-ai-prompt\\targets\\mobile\\App.js","statementMap":{"0":{"start":{"line":16,"column":13},"end":{"line":21,"column":1}},"1":{"start":{"line":28,"column":2},"end":{"line":34,"column":4}},"2":{"start":{"line":38,"column":26},"end":{"line":38,"column":36}},"3":{"start":{"line":39,"column":17},"end":{"line":39,"column":50}},"4":{"start":{"line":39,"column":31},"end":{"line":39,"column":44}},"5":{"start":{"line":40,"column":17},"end":{"line":40,"column":36}},"6":{"start":{"line":41,"column":26},"end":{"line":41,"column":46}},"7":{"start":{"line":42,"column":28},"end":{"line":42,"column":42}},"8":{"start":{"line":43,"column":38},"end":{"line":43,"column":49}},"9":{"start":{"line":44,"column":44},"end":{"line":44,"column":74}},"10":{"start":{"line":45,"column":34},"end":{"line":45,"column":49}},"11":{"start":{"line":49,"column":2},"end":{"line":51,"column":9}},"12":{"start":{"line":50,"column":4},"end":{"line":50,"column":37}},"13":{"start":{"line":57,"column":30},"end":{"line":57,"column":62}},"14":{"start":{"line":58,"column":2},"end":{"line":62,"column":9}},"15":{"start":{"line":59,"column":4},"end":{"line":61,"column":42}},"16":{"start":{"line":60,"column":18},"end":{"line":60,"column":39}},"17":{"start":{"line":61,"column":19},"end":{"line":61,"column":40}},"18":{"start":{"line":64,"column":20},"end":{"line":67,"column":8}},"19":{"start":{"line":65,"column":4},"end":{"line":65,"column":17}},"20":{"start":{"line":66,"column":4},"end":{"line":66,"column":22}},"21":{"start":{"line":69,"column":27},"end":{"line":72,"column":8}},"22":{"start":{"line":70,"column":4},"end":{"line":70,"column":56}},"23":{"start":{"line":70,"column":29},"end":{"line":70,"column":53}},"24":{"start":{"line":71,"column":4},"end":{"line":71,"column":23}},"25":{"start":{"line":73,"column":22},"end":{"line":77,"column":8}},"26":{"start":{"line":74,"column":4},"end":{"line":74,"column":19}},"27":{"start":{"line":75,"column":4},"end":{"line":75,"column":32}},"28":{"start":{"line":75,"column":25},"end":{"line":75,"column":30}},"29":{"start":{"line":76,"column":4},"end":{"line":76,"column":23}},"30":{"start":{"line":79,"column":15},"end":{"line":79,"column":72}},"31":{"start":{"line":79,"column":23},"end":{"line":79,"column":72}},"32":{"start":{"line":81,"column":2},"end":{"line":148,"column":4}},"33":{"start":{"line":89,"column":23},"end":{"line":89,"column":36}},"34":{"start":{"line":90,"column":12},"end":{"line":101,"column":14}},"35":{"start":{"line":94,"column":31},"end":{"line":94,"column":44}},"36":{"start":{"line":105,"column":108},"end":{"line":105,"column":125}},"37":{"start":{"line":116,"column":71},"end":{"line":116,"column":98}},"38":{"start":{"line":116,"column":92},"end":{"line":116,"column":97}},"39":{"start":{"line":123,"column":31},"end":{"line":123,"column":58}},"40":{"start":{"line":123,"column":52},"end":{"line":123,"column":57}},"41":{"start":{"line":132,"column":28},"end":{"line":132,"column":46}},"42":{"start":{"line":134,"column":32},"end":{"line":134,"column":59}},"43":{"start":{"line":134,"column":53},"end":{"line":134,"column":58}},"44":{"start":{"line":146,"column":54},"end":{"line":146,"column":72}},"45":{"start":{"line":151,"column":10},"end":{"line":151,"column":12}},"46":{"start":{"line":153,"column":19},"end":{"line":199,"column":4}},"47":{"start":{"line":154,"column":2},"end":{"line":199,"column":4}}},"fnMap":{"0":{"name":"App","decl":{"start":{"line":27,"column":24},"end":{"line":27,"column":27}},"loc":{"start":{"line":27,"column":30},"end":{"line":35,"column":1}},"line":27},"1":{"name":"Root","decl":{"start":{"line":37,"column":9},"end":{"line":37,"column":13}},"loc":{"start":{"line":37,"column":16},"end":{"line":149,"column":1}},"line":37},"2":{"name":"(anonymous_2)","decl":{"start":{"line":39,"column":25},"end":{"line":39,"column":26}},"loc":{"start":{"line":39,"column":31},"end":{"line":39,"column":44}},"line":39},"3":{"name":"(anonymous_3)","decl":{"start":{"line":49,"column":12},"end":{"line":49,"column":13}},"loc":{"start":{"line":49,"column":18},"end":{"line":51,"column":3}},"line":49},"4":{"name":"(anonymous_4)","decl":{"start":{"line":50,"column":27},"end":{"line":50,"column":28}},"loc":{"start":{"line":50,"column":33},"end":{"line":50,"column":35}},"line":50},"5":{"name":"(anonymous_5)","decl":{"start":{"line":58,"column":12},"end":{"line":58,"column":13}},"loc":{"start":{"line":58,"column":18},"end":{"line":62,"column":3}},"line":58},"6":{"name":"(anonymous_6)","decl":{"start":{"line":60,"column":12},"end":{"line":60,"column":13}},"loc":{"start":{"line":60,"column":18},"end":{"line":60,"column":39}},"line":60},"7":{"name":"(anonymous_7)","decl":{"start":{"line":61,"column":13},"end":{"line":61,"column":14}},"loc":{"start":{"line":61,"column":19},"end":{"line":61,"column":40}},"line":61},"8":{"name":"(anonymous_8)","decl":{"start":{"line":64,"column":32},"end":{"line":64,"column":33}},"loc":{"start":{"line":64,"column":40},"end":{"line":67,"column":3}},"line":64},"9":{"name":"(anonymous_9)","decl":{"start":{"line":69,"column":39},"end":{"line":69,"column":40}},"loc":{"start":{"line":69,"column":49},"end":{"line":72,"column":3}},"line":69},"10":{"name":"(anonymous_10)","decl":{"start":{"line":70,"column":21},"end":{"line":70,"column":22}},"loc":{"start":{"line":70,"column":29},"end":{"line":70,"column":53}},"line":70},"11":{"name":"(anonymous_11)","decl":{"start":{"line":73,"column":34},"end":{"line":73,"column":35}},"loc":{"start":{"line":73,"column":40},"end":{"line":77,"column":3}},"line":73},"12":{"name":"(anonymous_12)","decl":{"start":{"line":75,"column":18},"end":{"line":75,"column":19}},"loc":{"start":{"line":75,"column":25},"end":{"line":75,"column":30}},"line":75},"13":{"name":"(anonymous_13)","decl":{"start":{"line":79,"column":15},"end":{"line":79,"column":16}},"loc":{"start":{"line":79,"column":23},"end":{"line":79,"column":72}},"line":79},"14":{"name":"(anonymous_14)","decl":{"start":{"line":88,"column":20},"end":{"line":88,"column":21}},"loc":{"start":{"line":88,"column":27},"end":{"line":102,"column":11}},"line":88},"15":{"name":"(anonymous_15)","decl":{"start":{"line":94,"column":25},"end":{"line":94,"column":26}},"loc":{"start":{"line":94,"column":31},"end":{"line":94,"column":44}},"line":94},"16":{"name":"(anonymous_16)","decl":{"start":{"line":105,"column":102},"end":{"line":105,"column":103}},"loc":{"start":{"line":105,"column":108},"end":{"line":105,"column":125}},"line":105},"17":{"name":"(anonymous_17)","decl":{"start":{"line":116,"column":65},"end":{"line":116,"column":66}},"loc":{"start":{"line":116,"column":71},"end":{"line":116,"column":98}},"line":116},"18":{"name":"(anonymous_18)","decl":{"start":{"line":116,"column":85},"end":{"line":116,"column":86}},"loc":{"start":{"line":116,"column":92},"end":{"line":116,"column":97}},"line":116},"19":{"name":"(anonymous_19)","decl":{"start":{"line":123,"column":25},"end":{"line":123,"column":26}},"loc":{"start":{"line":123,"column":31},"end":{"line":123,"column":58}},"line":123},"20":{"name":"(anonymous_20)","decl":{"start":{"line":123,"column":45},"end":{"line":123,"column":46}},"loc":{"start":{"line":123,"column":52},"end":{"line":123,"column":57}},"line":123},"21":{"name":"(anonymous_21)","decl":{"start":{"line":132,"column":22},"end":{"line":132,"column":23}},"loc":{"start":{"line":132,"column":28},"end":{"line":132,"column":46}},"line":132},"22":{"name":"(anonymous_22)","decl":{"start":{"line":134,"column":26},"end":{"line":134,"column":27}},"loc":{"start":{"line":134,"column":32},"end":{"line":134,"column":59}},"line":134},"23":{"name":"(anonymous_23)","decl":{"start":{"line":134,"column":46},"end":{"line":134,"column":47}},"loc":{"start":{"line":134,"column":53},"end":{"line":134,"column":58}},"line":134},"24":{"name":"(anonymous_24)","decl":{"start":{"line":146,"column":48},"end":{"line":146,"column":49}},"loc":{"start":{"line":146,"column":54},"end":{"line":146,"column":72}},"line":146},"25":{"name":"(anonymous_25)","decl":{"start":{"line":153,"column":19},"end":{"line":153,"column":20}},"loc":{"start":{"line":154,"column":2},"end":{"line":199,"column":4}},"line":154}},"branchMap":{"0":{"loc":{"start":{"line":79,"column":37},"end":{"line":79,"column":71}},"type":"cond-expr","locations":[{"start":{"line":79,"column":51},"end":{"line":79,"column":55}},{"start":{"line":79,"column":58},"end":{"line":79,"column":71}}],"line":79},"1":{"loc":{"start":{"line":83,"column":24},"end":{"line":83,"column":63}},"type":"cond-expr","locations":[{"start":{"line":83,"column":47},"end":{"line":83,"column":53}},{"start":{"line":83,"column":56},"end":{"line":83,"column":63}}],"line":83},"2":{"loc":{"start":{"line":93,"column":36},"end":{"line":93,"column":54}},"type":"binary-expr","locations":[{"start":{"line":93,"column":36},"end":{"line":93,"column":38}},{"start":{"line":93,"column":42},"end":{"line":93,"column":54}}],"line":93},"3":{"loc":{"start":{"line":97,"column":46},"end":{"line":97,"column":68}},"type":"binary-expr","locations":[{"start":{"line":97,"column":46},"end":{"line":97,"column":48}},{"start":{"line":97,"column":52},"end":{"line":97,"column":68}}],"line":97}},"s":{"0":1,"1":4,"2":8,"3":8,"4":8,"5":8,"6":8,"7":8,"8":8,"9":8,"10":8,"11":8,"12":4,"13":8,"14":8,"15":4,"16":4,"17":0,"18":8,"19":0,"20":0,"21":8,"22":0,"23":0,"24":0,"25":8,"26":0,"27":0,"28":0,"29":0,"30":8,"31":32,"32":8,"33":32,"34":32,"35":2,"36":1,"37":0,"38":0,"39":0,"40":0,"41":0,"42":0,"43":0,"44":0,"45":1,"46":1,"47":8},"f":{"0":4,"1":8,"2":8,"3":4,"4":0,"5":4,"6":4,"7":0,"8":0,"9":0,"10":0,"11":0,"12":0,"13":32,"14":32,"15":2,"16":1,"17":0,"18":0,"19":0,"20":0,"21":0,"22":0,"23":0,"24":0,"25":8},"b":{"0":[8,24],"1":[0,8],"2":[32,8],"3":[32,8]},"_coverageSchema":"1a1c01bbd47fc00a2c39e90264f33305004495a9","hash":"beda3ded86f0388a21f76a2e313459b2df666ec0"}
,"C:\\Users\\juneh\\Documents\\projects\\random-ai-prompt\\targets\\mobile\\components\\BlockPalette.js": {"path":"C:\\Users\\juneh\\Documents\\projects\\random-ai-prompt\\targets\\mobile\\components\\BlockPalette.js","statementMap":{"0":{"start":{"line":16,"column":22},"end":{"line":16,"column":27}},"1":{"start":{"line":26,"column":16},"end":{"line":26,"column":26}},"2":{"start":{"line":27,"column":17},"end":{"line":27,"column":50}},"3":{"start":{"line":27,"column":31},"end":{"line":27,"column":44}},"4":{"start":{"line":28,"column":28},"end":{"line":28,"column":40}},"5":{"start":{"line":29,"column":36},"end":{"line":29,"column":48}},"6":{"start":{"line":30,"column":36},"end":{"line":30,"column":51}},"7":{"start":{"line":32,"column":17},"end":{"line":32,"column":78}},"8":{"start":{"line":32,"column":31},"end":{"line":32,"column":73}},"9":{"start":{"line":34,"column":12},"end":{"line":34,"column":38}},"10":{"start":{"line":35,"column":20},"end":{"line":36,"column":90}},"11":{"start":{"line":36,"column":4},"end":{"line":36,"column":90}},"12":{"start":{"line":38,"column":4},"end":{"line":38,"column":25}},"13":{"start":{"line":38,"column":12},"end":{"line":38,"column":25}},"14":{"start":{"line":39,"column":16},"end":{"line":39,"column":18}},"15":{"start":{"line":40,"column":4},"end":{"line":53,"column":5}},"16":{"start":{"line":40,"column":17},"end":{"line":40,"column":18}},"17":{"start":{"line":41,"column":16},"end":{"line":41,"column":24}},"18":{"start":{"line":42,"column":6},"end":{"line":52,"column":7}},"19":{"start":{"line":43,"column":18},"end":{"line":43,"column":23}},"20":{"start":{"line":44,"column":8},"end":{"line":48,"column":11}},"21":{"start":{"line":44,"column":21},"end":{"line":44,"column":26}},"22":{"start":{"line":45,"column":10},"end":{"line":48,"column":11}},"23":{"start":{"line":46,"column":12},"end":{"line":46,"column":23}},"24":{"start":{"line":47,"column":12},"end":{"line":47,"column":18}},"25":{"start":{"line":49,"column":8},"end":{"line":49,"column":29}},"26":{"start":{"line":49,"column":17},"end":{"line":49,"column":29}},"27":{"start":{"line":50,"column":13},"end":{"line":52,"column":7}},"28":{"start":{"line":51,"column":8},"end":{"line":51,"column":20}},"29":{"start":{"line":54,"column":4},"end":{"line":54,"column":15}},"30":{"start":{"line":56,"column":19},"end":{"line":58,"column":52}},"31":{"start":{"line":57,"column":17},"end":{"line":57,"column":54}},"32":{"start":{"line":58,"column":19},"end":{"line":58,"column":51}},"33":{"start":{"line":58,"column":39},"end":{"line":58,"column":50}},"34":{"start":{"line":60,"column":17},"end":{"line":60,"column":83}},"35":{"start":{"line":60,"column":38},"end":{"line":60,"column":59}},"36":{"start":{"line":61,"column":20},"end":{"line":61,"column":23}},"37":{"start":{"line":62,"column":18},"end":{"line":62,"column":49}},"38":{"start":{"line":64,"column":4},"end":{"line":64,"column":89}},"39":{"start":{"line":64,"column":47},"end":{"line":64,"column":68}},"40":{"start":{"line":67,"column":2},"end":{"line":81,"column":3}},"41":{"start":{"line":68,"column":4},"end":{"line":68,"column":72}},"42":{"start":{"line":68,"column":54},"end":{"line":68,"column":65}},"43":{"start":{"line":69,"column":9},"end":{"line":81,"column":3}},"44":{"start":{"line":70,"column":4},"end":{"line":70,"column":45}},"45":{"start":{"line":72,"column":16},"end":{"line":72,"column":55}},"46":{"start":{"line":72,"column":36},"end":{"line":72,"column":54}},"47":{"start":{"line":73,"column":4},"end":{"line":80,"column":11}},"48":{"start":{"line":83,"column":15},"end":{"line":87,"column":10}},"49":{"start":{"line":86,"column":28},"end":{"line":86,"column":46}},"50":{"start":{"line":89,"column":2},"end":{"line":211,"column":4}},"51":{"start":{"line":117,"column":29},"end":{"line":117,"column":63}},"52":{"start":{"line":118,"column":32},"end":{"line":118,"column":73}},"53":{"start":{"line":118,"column":54},"end":{"line":118,"column":65}},"54":{"start":{"line":119,"column":18},"end":{"line":134,"column":20}},"55":{"start":{"line":124,"column":24},"end":{"line":124,"column":46}},"56":{"start":{"line":125,"column":24},"end":{"line":125,"column":44}},"57":{"start":{"line":146,"column":63},"end":{"line":146,"column":74}},"58":{"start":{"line":148,"column":35},"end":{"line":148,"column":54}},"59":{"start":{"line":151,"column":20},"end":{"line":157,"column":22}},"60":{"start":{"line":156,"column":37},"end":{"line":156,"column":58}},"61":{"start":{"line":175,"column":20},"end":{"line":197,"column":21}},"62":{"start":{"line":180,"column":41},"end":{"line":180,"column":58}},"63":{"start":{"line":193,"column":39},"end":{"line":193,"column":56}},"64":{"start":{"line":215,"column":16},"end":{"line":215,"column":26}},"65":{"start":{"line":216,"column":17},"end":{"line":216,"column":50}},"66":{"start":{"line":216,"column":31},"end":{"line":216,"column":44}},"67":{"start":{"line":217,"column":2},"end":{"line":226,"column":4}},"68":{"start":{"line":229,"column":19},"end":{"line":360,"column":4}},"69":{"start":{"line":230,"column":2},"end":{"line":360,"column":4}}},"fnMap":{"0":{"name":"BlockPalette","decl":{"start":{"line":25,"column":24},"end":{"line":25,"column":36}},"loc":{"start":{"line":25,"column":69},"end":{"line":212,"column":1}},"line":25},"1":{"name":"(anonymous_1)","decl":{"start":{"line":27,"column":25},"end":{"line":27,"column":26}},"loc":{"start":{"line":27,"column":31},"end":{"line":27,"column":44}},"line":27},"2":{"name":"(anonymous_2)","decl":{"start":{"line":32,"column":25},"end":{"line":32,"column":26}},"loc":{"start":{"line":32,"column":31},"end":{"line":32,"column":73}},"line":32},"3":{"name":"(anonymous_3)","decl":{"start":{"line":35,"column":20},"end":{"line":35,"column":21}},"loc":{"start":{"line":36,"column":4},"end":{"line":36,"column":90}},"line":36},"4":{"name":"filterItems","decl":{"start":{"line":37,"column":11},"end":{"line":37,"column":22}},"loc":{"start":{"line":37,"column":30},"end":{"line":55,"column":3}},"line":37},"5":{"name":"(anonymous_5)","decl":{"start":{"line":57,"column":9},"end":{"line":57,"column":10}},"loc":{"start":{"line":57,"column":17},"end":{"line":57,"column":54}},"line":57},"6":{"name":"(anonymous_6)","decl":{"start":{"line":58,"column":12},"end":{"line":58,"column":13}},"loc":{"start":{"line":58,"column":19},"end":{"line":58,"column":51}},"line":58},"7":{"name":"(anonymous_7)","decl":{"start":{"line":58,"column":32},"end":{"line":58,"column":33}},"loc":{"start":{"line":58,"column":39},"end":{"line":58,"column":50}},"line":58},"8":{"name":"(anonymous_8)","decl":{"start":{"line":60,"column":31},"end":{"line":60,"column":32}},"loc":{"start":{"line":60,"column":38},"end":{"line":60,"column":59}},"line":60},"9":{"name":"(anonymous_9)","decl":{"start":{"line":64,"column":40},"end":{"line":64,"column":41}},"loc":{"start":{"line":64,"column":47},"end":{"line":64,"column":68}},"line":64},"10":{"name":"(anonymous_10)","decl":{"start":{"line":68,"column":47},"end":{"line":68,"column":48}},"loc":{"start":{"line":68,"column":54},"end":{"line":68,"column":65}},"line":68},"11":{"name":"(anonymous_11)","decl":{"start":{"line":72,"column":29},"end":{"line":72,"column":30}},"loc":{"start":{"line":72,"column":36},"end":{"line":72,"column":54}},"line":72},"12":{"name":"(anonymous_12)","decl":{"start":{"line":86,"column":21},"end":{"line":86,"column":22}},"loc":{"start":{"line":86,"column":28},"end":{"line":86,"column":46}},"line":86},"13":{"name":"(anonymous_13)","decl":{"start":{"line":116,"column":30},"end":{"line":116,"column":31}},"loc":{"start":{"line":116,"column":37},"end":{"line":135,"column":17}},"line":116},"14":{"name":"(anonymous_14)","decl":{"start":{"line":118,"column":47},"end":{"line":118,"column":48}},"loc":{"start":{"line":118,"column":54},"end":{"line":118,"column":65}},"line":118},"15":{"name":"(anonymous_15)","decl":{"start":{"line":123,"column":31},"end":{"line":123,"column":32}},"loc":{"start":{"line":123,"column":37},"end":{"line":126,"column":23}},"line":123},"16":{"name":"(anonymous_16)","decl":{"start":{"line":146,"column":56},"end":{"line":146,"column":57}},"loc":{"start":{"line":146,"column":63},"end":{"line":146,"column":74}},"line":146},"17":{"name":"(anonymous_17)","decl":{"start":{"line":148,"column":29},"end":{"line":148,"column":30}},"loc":{"start":{"line":148,"column":35},"end":{"line":148,"column":54}},"line":148},"18":{"name":"(anonymous_18)","decl":{"start":{"line":150,"column":31},"end":{"line":150,"column":32}},"loc":{"start":{"line":151,"column":20},"end":{"line":157,"column":22}},"line":151},"19":{"name":"(anonymous_19)","decl":{"start":{"line":156,"column":31},"end":{"line":156,"column":32}},"loc":{"start":{"line":156,"column":37},"end":{"line":156,"column":58}},"line":156},"20":{"name":"(anonymous_20)","decl":{"start":{"line":174,"column":49},"end":{"line":174,"column":50}},"loc":{"start":{"line":175,"column":20},"end":{"line":197,"column":21}},"line":175},"21":{"name":"(anonymous_21)","decl":{"start":{"line":180,"column":35},"end":{"line":180,"column":36}},"loc":{"start":{"line":180,"column":41},"end":{"line":180,"column":58}},"line":180},"22":{"name":"(anonymous_22)","decl":{"start":{"line":193,"column":33},"end":{"line":193,"column":34}},"loc":{"start":{"line":193,"column":39},"end":{"line":193,"column":56}},"line":193},"23":{"name":"SubTab","decl":{"start":{"line":214,"column":9},"end":{"line":214,"column":15}},"loc":{"start":{"line":214,"column":47},"end":{"line":227,"column":1}},"line":214},"24":{"name":"(anonymous_24)","decl":{"start":{"line":216,"column":25},"end":{"line":216,"column":26}},"loc":{"start":{"line":216,"column":31},"end":{"line":216,"column":44}},"line":216},"25":{"name":"(anonymous_25)","decl":{"start":{"line":229,"column":19},"end":{"line":229,"column":20}},"loc":{"start":{"line":230,"column":2},"end":{"line":360,"column":4}},"line":230}},"branchMap":{"0":{"loc":{"start":{"line":36,"column":4},"end":{"line":36,"column":90}},"type":"binary-expr","locations":[{"start":{"line":36,"column":4},"end":{"line":36,"column":45}},{"start":{"line":36,"column":49},"end":{"line":36,"column":90}}],"line":36},"1":{"loc":{"start":{"line":36,"column":5},"end":{"line":36,"column":18}},"type":"binary-expr","locations":[{"start":{"line":36,"column":5},"end":{"line":36,"column":12}},{"start":{"line":36,"column":16},"end":{"line":36,"column":18}}],"line":36},"2":{"loc":{"start":{"line":36,"column":50},"end":{"line":36,"column":63}},"type":"binary-expr","locations":[{"start":{"line":36,"column":50},"end":{"line":36,"column":57}},{"start":{"line":36,"column":61},"end":{"line":36,"column":63}}],"line":36},"3":{"loc":{"start":{"line":38,"column":4},"end":{"line":38,"column":25}},"type":"if","locations":[{"start":{"line":38,"column":4},"end":{"line":38,"column":25}},{"start":{},"end":{}}],"line":38},"4":{"loc":{"start":{"line":42,"column":6},"end":{"line":52,"column":7}},"type":"if","locations":[{"start":{"line":42,"column":6},"end":{"line":52,"column":7}},{"start":{"line":50,"column":13},"end":{"line":52,"column":7}}],"line":42},"5":{"loc":{"start":{"line":44,"column":28},"end":{"line":44,"column":66}},"type":"binary-expr","locations":[{"start":{"line":44,"column":28},"end":{"line":44,"column":44}},{"start":{"line":44,"column":48},"end":{"line":44,"column":66}}],"line":44},"6":{"loc":{"start":{"line":45,"column":10},"end":{"line":48,"column":11}},"type":"if","locations":[{"start":{"line":45,"column":10},"end":{"line":48,"column":11}},{"start":{},"end":{}}],"line":45},"7":{"loc":{"start":{"line":49,"column":8},"end":{"line":49,"column":29}},"type":"if","locations":[{"start":{"line":49,"column":8},"end":{"line":49,"column":29}},{"start":{},"end":{}}],"line":49},"8":{"loc":{"start":{"line":50,"column":13},"end":{"line":52,"column":7}},"type":"if","locations":[{"start":{"line":50,"column":13},"end":{"line":52,"column":7}},{"start":{},"end":{}}],"line":50},"9":{"loc":{"start":{"line":60,"column":17},"end":{"line":60,"column":83}},"type":"binary-expr","locations":[{"start":{"line":60,"column":17},"end":{"line":60,"column":60}},{"start":{"line":60,"column":64},"end":{"line":60,"column":75}},{"start":{"line":60,"column":79},"end":{"line":60,"column":83}}],"line":60},"10":{"loc":{"start":{"line":62,"column":18},"end":{"line":62,"column":49}},"type":"cond-expr","locations":[{"start":{"line":62,"column":27},"end":{"line":62,"column":44}},{"start":{"line":62,"column":47},"end":{"line":62,"column":49}}],"line":62},"11":{"loc":{"start":{"line":64,"column":4},"end":{"line":64,"column":89}},"type":"cond-expr","locations":[{"start":{"line":64,"column":72},"end":{"line":64,"column":81}},{"start":{"line":64,"column":84},"end":{"line":64,"column":89}}],"line":64},"12":{"loc":{"start":{"line":64,"column":4},"end":{"line":64,"column":69}},"type":"binary-expr","locations":[{"start":{"line":64,"column":4},"end":{"line":64,"column":23}},{"start":{"line":64,"column":27},"end":{"line":64,"column":69}}],"line":64},"13":{"loc":{"start":{"line":67,"column":2},"end":{"line":81,"column":3}},"type":"if","locations":[{"start":{"line":67,"column":2},"end":{"line":81,"column":3}},{"start":{"line":69,"column":9},"end":{"line":81,"column":3}}],"line":67},"14":{"loc":{"start":{"line":68,"column":18},"end":{"line":68,"column":71}},"type":"cond-expr","locations":[{"start":{"line":68,"column":27},"end":{"line":68,"column":66}},{"start":{"line":68,"column":69},"end":{"line":68,"column":71}}],"line":68},"15":{"loc":{"start":{"line":69,"column":9},"end":{"line":81,"column":3}},"type":"if","locations":[{"start":{"line":69,"column":9},"end":{"line":81,"column":3}},{"start":{"line":71,"column":9},"end":{"line":81,"column":3}}],"line":69},"16":{"loc":{"start":{"line":70,"column":18},"end":{"line":70,"column":44}},"type":"cond-expr","locations":[{"start":{"line":70,"column":27},"end":{"line":70,"column":39}},{"start":{"line":70,"column":42},"end":{"line":70,"column":44}}],"line":70},"17":{"loc":{"start":{"line":73,"column":18},"end":{"line":80,"column":10}},"type":"cond-expr","locations":[{"start":{"line":74,"column":8},"end":{"line":79,"column":9}},{"start":{"line":80,"column":8},"end":{"line":80,"column":10}}],"line":73},"18":{"loc":{"start":{"line":75,"column":14},"end":{"line":77,"column":16}},"type":"cond-expr","locations":[{"start":{"line":76,"column":14},"end":{"line":76,"column":100}},{"start":{"line":77,"column":14},"end":{"line":77,"column":16}}],"line":75},"19":{"loc":{"start":{"line":83,"column":15},"end":{"line":87,"column":10}},"type":"cond-expr","locations":[{"start":{"line":84,"column":6},"end":{"line":86,"column":60}},{"start":{"line":87,"column":6},"end":{"line":87,"column":10}}],"line":83},"20":{"loc":{"start":{"line":84,"column":6},"end":{"line":86,"column":60}},"type":"cond-expr","locations":[{"start":{"line":85,"column":8},"end":{"line":85,"column":20}},{"start":{"line":86,"column":8},"end":{"line":86,"column":60}}],"line":84},"21":{"loc":{"start":{"line":110,"column":11},"end":{"line":207,"column":11}},"type":"cond-expr","locations":[{"start":{"line":111,"column":12},"end":{"line":111,"column":81}},{"start":{"line":113,"column":12},"end":{"line":206,"column":15}}],"line":110},"22":{"loc":{"start":{"line":117,"column":29},"end":{"line":117,"column":63}},"type":"binary-expr","locations":[{"start":{"line":117,"column":29},"end":{"line":117,"column":35}},{"start":{"line":117,"column":39},"end":{"line":117,"column":63}}],"line":117},"23":{"loc":{"start":{"line":122,"column":44},"end":{"line":122,"column":64}},"type":"binary-expr","locations":[{"start":{"line":122,"column":44},"end":{"line":122,"column":46}},{"start":{"line":122,"column":50},"end":{"line":122,"column":64}}],"line":122},"24":{"loc":{"start":{"line":129,"column":54},"end":{"line":129,"column":78}},"type":"binary-expr","locations":[{"start":{"line":129,"column":54},"end":{"line":129,"column":56}},{"start":{"line":129,"column":60},"end":{"line":129,"column":78}}],"line":129},"25":{"loc":{"start":{"line":130,"column":54},"end":{"line":130,"column":78}},"type":"binary-expr","locations":[{"start":{"line":130,"column":54},"end":{"line":130,"column":56}},{"start":{"line":130,"column":60},"end":{"line":130,"column":78}}],"line":130},"26":{"loc":{"start":{"line":131,"column":56},"end":{"line":131,"column":80}},"type":"binary-expr","locations":[{"start":{"line":131,"column":56},"end":{"line":131,"column":58}},{"start":{"line":131,"column":62},"end":{"line":131,"column":80}}],"line":131},"27":{"loc":{"start":{"line":142,"column":15},"end":{"line":160,"column":15}},"type":"binary-expr","locations":[{"start":{"line":142,"column":15},"end":{"line":142,"column":25}},{"start":{"line":143,"column":16},"end":{"line":159,"column":23}}],"line":142},"28":{"loc":{"start":{"line":146,"column":27},"end":{"line":146,"column":86}},"type":"cond-expr","locations":[{"start":{"line":146,"column":36},"end":{"line":146,"column":82}},{"start":{"line":146,"column":85},"end":{"line":146,"column":86}}],"line":146},"29":{"loc":{"start":{"line":162,"column":15},"end":{"line":167,"column":22}},"type":"cond-expr","locations":[{"start":{"line":163,"column":16},"end":{"line":166,"column":23}},{"start":{"line":167,"column":18},"end":{"line":167,"column":22}}],"line":162},"30":{"loc":{"start":{"line":175,"column":20},"end":{"line":197,"column":21}},"type":"cond-expr","locations":[{"start":{"line":176,"column":22},"end":{"line":188,"column":23}},{"start":{"line":190,"column":22},"end":{"line":196,"column":41}}],"line":175},"31":{"loc":{"start":{"line":176,"column":22},"end":{"line":188,"column":23}},"type":"cond-expr","locations":[{"start":{"line":177,"column":24},"end":{"line":183,"column":43}},{"start":{"line":185,"column":24},"end":{"line":187,"column":31}}],"line":176},"32":{"loc":{"start":{"line":199,"column":19},"end":{"line":203,"column":19}},"type":"binary-expr","locations":[{"start":{"line":199,"column":19},"end":{"line":199,"column":43}},{"start":{"line":200,"column":20},"end":{"line":202,"column":27}}],"line":199},"33":{"loc":{"start":{"line":219,"column":29},"end":{"line":219,"column":50}},"type":"binary-expr","locations":[{"start":{"line":219,"column":29},"end":{"line":219,"column":31}},{"start":{"line":219,"column":35},"end":{"line":219,"column":50}}],"line":219},"34":{"loc":{"start":{"line":223,"column":39},"end":{"line":223,"column":64}},"type":"binary-expr","locations":[{"start":{"line":223,"column":39},"end":{"line":223,"column":41}},{"start":{"line":223,"column":45},"end":{"line":223,"column":64}}],"line":223},"35":{"loc":{"start":{"line":224,"column":40},"end":{"line":224,"column":65}},"type":"binary-expr","locations":[{"start":{"line":224,"column":40},"end":{"line":224,"column":42}},{"start":{"line":224,"column":46},"end":{"line":224,"column":65}}],"line":224}},"s":{"0":1,"1":5,"2":5,"3":5,"4":5,"5":5,"6":5,"7":5,"8":3,"9":5,"10":5,"11":6,"12":10,"13":6,"14":4,"15":4,"16":4,"17":6,"18":6,"19":0,"20":0,"21":0,"22":0,"23":0,"24":0,"25":0,"26":0,"27":6,"28":1,"29":4,"30":5,"31":10,"32":10,"33":7,"34":5,"35":7,"36":5,"37":5,"38":5,"39":0,"40":5,"41":2,"42":1,"43":3,"44":3,"45":0,"46":0,"47":0,"48":5,"49":0,"50":5,"51":7,"52":7,"53":10,"54":7,"55":0,"56":0,"57":6,"58":0,"59":0,"60":0,"61":7,"62":0,"63":1,"64":3,"65":3,"66":3,"67":3,"68":1,"69":8},"f":{"0":5,"1":5,"2":3,"3":6,"4":10,"5":10,"6":10,"7":7,"8":7,"9":0,"10":1,"11":0,"12":0,"13":7,"14":10,"15":0,"16":6,"17":0,"18":0,"19":0,"20":7,"21":0,"22":1,"23":3,"24":3,"25":8},"b":{"0":[6,5],"1":[6,0],"2":[5,0],"3":[6,4],"4":[0,6],"5":[0,0],"6":[0,0],"7":[0,0],"8":[1,5],"9":[5,5,1],"10":[4,1],"11":[5,0],"12":[5,0],"13":[2,3],"14":[1,1],"15":[3,0],"16":[3,0],"17":[0,0],"18":[0,0],"19":[3,2],"20":[3,0],"21":[1,4],"22":[7,7],"23":[7,4],"24":[7,4],"25":[7,4],"26":[7,4],"27":[4,3],"28":[3,0],"29":[3,1],"30":[0,7],"31":[0,0],"32":[4,0],"33":[3,3],"34":[3,3],"35":[3,3]},"_coverageSchema":"1a1c01bbd47fc00a2c39e90264f33305004495a9","hash":"fb9033bae9c65beafc9380f9cb98dbe4dafc3b68"}
,"C:\\Users\\juneh\\Documents\\projects\\random-ai-prompt\\targets\\mobile\\components\\BuiltinBrowser.js": {"path":"C:\\Users\\juneh\\Documents\\projects\\random-ai-prompt\\targets\\mobile\\components\\BuiltinBrowser.js","statementMap":{"0":{"start":{"line":14,"column":12},"end":{"line":14,"column":14}},"1":{"start":{"line":22,"column":16},"end":{"line":22,"column":26}},"2":{"start":{"line":23,"column":17},"end":{"line":23,"column":50}},"3":{"start":{"line":23,"column":31},"end":{"line":23,"column":44}},"4":{"start":{"line":24,"column":20},"end":{"line":24,"column":32}},"5":{"start":{"line":26,"column":17},"end":{"line":26,"column":97}},"6":{"start":{"line":26,"column":31},"end":{"line":26,"column":92}},"7":{"start":{"line":26,"column":70},"end":{"line":26,"column":91}},"8":{"start":{"line":27,"column":16},"end":{"line":27,"column":95}},"9":{"start":{"line":27,"column":30},"end":{"line":27,"column":90}},"10":{"start":{"line":27,"column":68},"end":{"line":27,"column":89}},"11":{"start":{"line":29,"column":17},"end":{"line":29,"column":39}},"12":{"start":{"line":30,"column":18},"end":{"line":30,"column":100}},"13":{"start":{"line":30,"column":48},"end":{"line":30,"column":80}},"14":{"start":{"line":31,"column":17},"end":{"line":31,"column":98}},"15":{"start":{"line":31,"column":46},"end":{"line":31,"column":78}},"16":{"start":{"line":33,"column":24},"end":{"line":33,"column":97}},"17":{"start":{"line":33,"column":33},"end":{"line":33,"column":97}},"18":{"start":{"line":34,"column":23},"end":{"line":35,"column":84}},"19":{"start":{"line":35,"column":4},"end":{"line":35,"column":84}},"20":{"start":{"line":37,"column":2},"end":{"line":82,"column":4}},"21":{"start":{"line":56,"column":12},"end":{"line":63,"column":19}},"22":{"start":{"line":60,"column":74},"end":{"line":60,"column":92}},"23":{"start":{"line":67,"column":12},"end":{"line":74,"column":19}},"24":{"start":{"line":71,"column":74},"end":{"line":71,"column":91}},"25":{"start":{"line":85,"column":19},"end":{"line":123,"column":4}},"26":{"start":{"line":86,"column":2},"end":{"line":123,"column":4}}},"fnMap":{"0":{"name":"BuiltinBrowser","decl":{"start":{"line":21,"column":24},"end":{"line":21,"column":38}},"loc":{"start":{"line":21,"column":55},"end":{"line":83,"column":1}},"line":21},"1":{"name":"(anonymous_1)","decl":{"start":{"line":23,"column":25},"end":{"line":23,"column":26}},"loc":{"start":{"line":23,"column":31},"end":{"line":23,"column":44}},"line":23},"2":{"name":"(anonymous_2)","decl":{"start":{"line":26,"column":25},"end":{"line":26,"column":26}},"loc":{"start":{"line":26,"column":31},"end":{"line":26,"column":92}},"line":26},"3":{"name":"(anonymous_3)","decl":{"start":{"line":26,"column":63},"end":{"line":26,"column":64}},"loc":{"start":{"line":26,"column":70},"end":{"line":26,"column":91}},"line":26},"4":{"name":"(anonymous_4)","decl":{"start":{"line":27,"column":24},"end":{"line":27,"column":25}},"loc":{"start":{"line":27,"column":30},"end":{"line":27,"column":90}},"line":27},"5":{"name":"(anonymous_5)","decl":{"start":{"line":27,"column":61},"end":{"line":27,"column":62}},"loc":{"start":{"line":27,"column":68},"end":{"line":27,"column":89}},"line":27},"6":{"name":"(anonymous_6)","decl":{"start":{"line":30,"column":41},"end":{"line":30,"column":42}},"loc":{"start":{"line":30,"column":48},"end":{"line":30,"column":80}},"line":30},"7":{"name":"(anonymous_7)","decl":{"start":{"line":31,"column":39},"end":{"line":31,"column":40}},"loc":{"start":{"line":31,"column":46},"end":{"line":31,"column":78}},"line":31},"8":{"name":"(anonymous_8)","decl":{"start":{"line":33,"column":24},"end":{"line":33,"column":25}},"loc":{"start":{"line":33,"column":33},"end":{"line":33,"column":97}},"line":33},"9":{"name":"(anonymous_9)","decl":{"start":{"line":34,"column":23},"end":{"line":34,"column":24}},"loc":{"start":{"line":35,"column":4},"end":{"line":35,"column":84}},"line":35},"10":{"name":"(anonymous_10)","decl":{"start":{"line":55,"column":23},"end":{"line":55,"column":24}},"loc":{"start":{"line":56,"column":12},"end":{"line":63,"column":19}},"line":56},"11":{"name":"(anonymous_11)","decl":{"start":{"line":60,"column":68},"end":{"line":60,"column":69}},"loc":{"start":{"line":60,"column":74},"end":{"line":60,"column":92}},"line":60},"12":{"name":"(anonymous_12)","decl":{"start":{"line":66,"column":22},"end":{"line":66,"column":23}},"loc":{"start":{"line":67,"column":12},"end":{"line":74,"column":19}},"line":67},"13":{"name":"(anonymous_13)","decl":{"start":{"line":71,"column":68},"end":{"line":71,"column":69}},"loc":{"start":{"line":71,"column":74},"end":{"line":71,"column":91}},"line":71},"14":{"name":"(anonymous_14)","decl":{"start":{"line":85,"column":19},"end":{"line":85,"column":20}},"loc":{"start":{"line":86,"column":2},"end":{"line":123,"column":4}},"line":86}},"branchMap":{"0":{"loc":{"start":{"line":30,"column":18},"end":{"line":30,"column":100}},"type":"cond-expr","locations":[{"start":{"line":30,"column":27},"end":{"line":30,"column":95}},{"start":{"line":30,"column":98},"end":{"line":30,"column":100}}],"line":30},"1":{"loc":{"start":{"line":31,"column":17},"end":{"line":31,"column":98}},"type":"cond-expr","locations":[{"start":{"line":31,"column":26},"end":{"line":31,"column":93}},{"start":{"line":31,"column":96},"end":{"line":31,"column":98}}],"line":31},"2":{"loc":{"start":{"line":33,"column":58},"end":{"line":33,"column":96}},"type":"binary-expr","locations":[{"start":{"line":33,"column":58},"end":{"line":33,"column":90}},{"start":{"line":33,"column":94},"end":{"line":33,"column":96}}],"line":33},"3":{"loc":{"start":{"line":35,"column":29},"end":{"line":35,"column":71}},"type":"binary-expr","locations":[{"start":{"line":35,"column":29},"end":{"line":35,"column":65}},{"start":{"line":35,"column":69},"end":{"line":35,"column":71}}],"line":35},"4":{"loc":{"start":{"line":48,"column":7},"end":{"line":80,"column":7}},"type":"cond-expr","locations":[{"start":{"line":49,"column":8},"end":{"line":51,"column":15}},{"start":{"line":53,"column":8},"end":{"line":79,"column":11}}],"line":48},"5":{"loc":{"start":{"line":54,"column":11},"end":{"line":54,"column":72}},"type":"binary-expr","locations":[{"start":{"line":54,"column":11},"end":{"line":54,"column":29}},{"start":{"line":54,"column":33},"end":{"line":54,"column":72}}],"line":54},"6":{"loc":{"start":{"line":65,"column":11},"end":{"line":65,"column":70}},"type":"binary-expr","locations":[{"start":{"line":65,"column":11},"end":{"line":65,"column":28}},{"start":{"line":65,"column":32},"end":{"line":65,"column":70}}],"line":65},"7":{"loc":{"start":{"line":76,"column":11},"end":{"line":78,"column":11}},"type":"binary-expr","locations":[{"start":{"line":76,"column":11},"end":{"line":76,"column":31}},{"start":{"line":76,"column":35},"end":{"line":76,"column":54}},{"start":{"line":77,"column":12},"end":{"line":77,"column":85}}],"line":76}},"s":{"0":1,"1":6,"2":6,"3":6,"4":6,"5":6,"6":3,"7":6,"8":6,"9":3,"10":6,"11":6,"12":6,"13":6,"14":6,"15":6,"16":6,"17":1,"18":6,"19":1,"20":6,"21":1,"22":1,"23":2,"24":1,"25":1,"26":6},"f":{"0":6,"1":6,"2":3,"3":6,"4":3,"5":6,"6":6,"7":6,"8":1,"9":1,"10":1,"11":1,"12":2,"13":1,"14":6},"b":{"0":[3,3],"1":[3,3],"2":[1,0],"3":[1,0],"4":[3,3],"5":[3,1],"6":[3,2],"7":[3,2,0]},"_coverageSchema":"1a1c01bbd47fc00a2c39e90264f33305004495a9","hash":"8e5e3aa82a813af5661773a4af5752eba2d99278"}
,"C:\\Users\\juneh\\Documents\\projects\\random-ai-prompt\\targets\\mobile\\components\\ContentColumn.js": {"path":"C:\\Users\\juneh\\Documents\\projects\\random-ai-prompt\\targets\\mobile\\components\\ContentColumn.js","statementMap":{"0":{"start":{"line":20,"column":47},"end":{"line":20,"column":62}},"1":{"start":{"line":21,"column":2},"end":{"line":23,"column":3}},"2":{"start":{"line":22,"column":4},"end":{"line":22,"column":64}},"3":{"start":{"line":24,"column":2},"end":{"line":28,"column":4}}},"fnMap":{"0":{"name":"ContentColumn","decl":{"start":{"line":19,"column":24},"end":{"line":19,"column":37}},"loc":{"start":{"line":19,"column":64},"end":{"line":29,"column":1}},"line":19}},"branchMap":{"0":{"loc":{"start":{"line":21,"column":2},"end":{"line":23,"column":3}},"type":"if","locations":[{"start":{"line":21,"column":2},"end":{"line":23,"column":3}},{"start":{},"end":{}}],"line":21},"1":{"loc":{"start":{"line":26,"column":55},"end":{"line":26,"column":77}},"type":"binary-expr","locations":[{"start":{"line":26,"column":55},"end":{"line":26,"column":58}},{"start":{"line":26,"column":62},"end":{"line":26,"column":77}}],"line":26}},"s":{"0":26,"1":26,"2":25,"3":1},"f":{"0":26},"b":{"0":[25,1],"1":[1,0]},"_coverageSchema":"1a1c01bbd47fc00a2c39e90264f33305004495a9","hash":"95b9e8c3e1c11ed7804c1b026bf6d4b1df43090b"}
,"C:\\Users\\juneh\\Documents\\projects\\random-ai-prompt\\targets\\mobile\\components\\DplMiniEditor.js": {"path":"C:\\Users\\juneh\\Documents\\projects\\random-ai-prompt\\targets\\mobile\\components\\DplMiniEditor.js","statementMap":{"0":{"start":{"line":12,"column":18},"end":{"line":12,"column":20}},"1":{"start":{"line":13,"column":16},"end":{"line":13,"column":18}},"2":{"start":{"line":24,"column":16},"end":{"line":24,"column":26}},"3":{"start":{"line":25,"column":17},"end":{"line":25,"column":50}},"4":{"start":{"line":25,"column":31},"end":{"line":25,"column":44}},"5":{"start":{"line":26,"column":20},"end":{"line":26,"column":78}},"6":{"start":{"line":28,"column":2},"end":{"line":52,"column":4}},"7":{"start":{"line":33,"column":12},"end":{"line":35,"column":19}},"8":{"start":{"line":55,"column":19},"end":{"line":83,"column":4}},"9":{"start":{"line":56,"column":2},"end":{"line":83,"column":4}}},"fnMap":{"0":{"name":"DplMiniEditor","decl":{"start":{"line":23,"column":24},"end":{"line":23,"column":37}},"loc":{"start":{"line":23,"column":95},"end":{"line":53,"column":1}},"line":23},"1":{"name":"(anonymous_1)","decl":{"start":{"line":25,"column":25},"end":{"line":25,"column":26}},"loc":{"start":{"line":25,"column":31},"end":{"line":25,"column":44}},"line":25},"2":{"name":"(anonymous_2)","decl":{"start":{"line":32,"column":45},"end":{"line":32,"column":46}},"loc":{"start":{"line":33,"column":12},"end":{"line":35,"column":19}},"line":33},"3":{"name":"(anonymous_3)","decl":{"start":{"line":55,"column":19},"end":{"line":55,"column":20}},"loc":{"start":{"line":56,"column":2},"end":{"line":83,"column":4}},"line":56}},"branchMap":{"0":{"loc":{"start":{"line":23,"column":61},"end":{"line":23,"column":77}},"type":"default-arg","locations":[{"start":{"line":23,"column":75},"end":{"line":23,"column":77}}],"line":23},"1":{"loc":{"start":{"line":23,"column":79},"end":{"line":23,"column":91}},"type":"default-arg","locations":[{"start":{"line":23,"column":90},"end":{"line":23,"column":91}}],"line":23},"2":{"loc":{"start":{"line":26,"column":40},"end":{"line":26,"column":76}},"type":"cond-expr","locations":[{"start":{"line":26,"column":48},"end":{"line":26,"column":72}},{"start":{"line":26,"column":75},"end":{"line":26,"column":76}}],"line":26}},"s":{"0":2,"1":2,"2":15,"3":15,"4":15,"5":15,"6":15,"7":91,"8":2,"9":15},"f":{"0":15,"1":15,"2":91,"3":15},"b":{"0":[0],"1":[15],"2":[14,1]},"_coverageSchema":"1a1c01bbd47fc00a2c39e90264f33305004495a9","hash":"37a7b1c804cae5fa66a31e1dc84d728b389b6aeb"}
,"C:\\Users\\juneh\\Documents\\projects\\random-ai-prompt\\targets\\mobile\\components\\InsertMenu.js": {"path":"C:\\Users\\juneh\\Documents\\projects\\random-ai-prompt\\targets\\mobile\\components\\InsertMenu.js","statementMap":{"0":{"start":{"line":11,"column":34},"end":{"line":11,"column":46}},"1":{"start":{"line":12,"column":2},"end":{"line":30,"column":16}},"2":{"start":{"line":13,"column":4},"end":{"line":16,"column":5}},"3":{"start":{"line":14,"column":6},"end":{"line":14,"column":22}},"4":{"start":{"line":15,"column":6},"end":{"line":15,"column":23}},"5":{"start":{"line":17,"column":19},"end":{"line":17,"column":59}},"6":{"start":{"line":17,"column":48},"end":{"line":17,"column":58}},"7":{"start":{"line":18,"column":4},"end":{"line":21,"column":5}},"8":{"start":{"line":19,"column":6},"end":{"line":19,"column":22}},"9":{"start":{"line":20,"column":6},"end":{"line":20,"column":23}},"10":{"start":{"line":22,"column":17},"end":{"line":26,"column":5}},"11":{"start":{"line":23,"column":19},"end":{"line":23,"column":21}},"12":{"start":{"line":24,"column":6},"end":{"line":24,"column":68}},"13":{"start":{"line":24,"column":31},"end":{"line":24,"column":68}},"14":{"start":{"line":25,"column":6},"end":{"line":25,"column":24}},"15":{"start":{"line":27,"column":4},"end":{"line":27,"column":11}},"16":{"start":{"line":28,"column":15},"end":{"line":28,"column":38}},"17":{"start":{"line":29,"column":4},"end":{"line":29,"column":35}},"18":{"start":{"line":29,"column":17},"end":{"line":29,"column":34}},"19":{"start":{"line":31,"column":2},"end":{"line":31,"column":18}},"20":{"start":{"line":42,"column":16},"end":{"line":42,"column":26}},"21":{"start":{"line":43,"column":17},"end":{"line":43,"column":50}},"22":{"start":{"line":43,"column":31},"end":{"line":43,"column":44}},"23":{"start":{"line":44,"column":26},"end":{"line":44,"column":41}},"24":{"start":{"line":45,"column":36},"end":{"line":45,"column":50}},"25":{"start":{"line":46,"column":18},"end":{"line":46,"column":70}},"26":{"start":{"line":46,"column":42},"end":{"line":46,"column":61}},"27":{"start":{"line":47,"column":19},"end":{"line":47,"column":53}},"28":{"start":{"line":48,"column":20},"end":{"line":48,"column":32}},"29":{"start":{"line":50,"column":16},"end":{"line":53,"column":3}},"30":{"start":{"line":51,"column":4},"end":{"line":51,"column":19}},"31":{"start":{"line":52,"column":4},"end":{"line":52,"column":23}},"32":{"start":{"line":54,"column":15},"end":{"line":57,"column":3}},"33":{"start":{"line":55,"column":4},"end":{"line":55,"column":41}},"34":{"start":{"line":56,"column":4},"end":{"line":56,"column":12}},"35":{"start":{"line":59,"column":2},"end":{"line":135,"column":4}},"36":{"start":{"line":63,"column":23},"end":{"line":63,"column":36}},"37":{"start":{"line":84,"column":20},"end":{"line":95,"column":39}},"38":{"start":{"line":87,"column":37},"end":{"line":87,"column":58}},"39":{"start":{"line":102,"column":98},"end":{"line":102,"column":116}},"40":{"start":{"line":111,"column":20},"end":{"line":126,"column":39}},"41":{"start":{"line":114,"column":37},"end":{"line":114,"column":45}},"42":{"start":{"line":138,"column":19},"end":{"line":224,"column":4}},"43":{"start":{"line":139,"column":2},"end":{"line":224,"column":4}}},"fnMap":{"0":{"name":"useExamples","decl":{"start":{"line":10,"column":9},"end":{"line":10,"column":20}},"loc":{"start":{"line":10,"column":30},"end":{"line":32,"column":1}},"line":10},"1":{"name":"(anonymous_1)","decl":{"start":{"line":12,"column":12},"end":{"line":12,"column":13}},"loc":{"start":{"line":12,"column":18},"end":{"line":30,"column":3}},"line":12},"2":{"name":"(anonymous_2)","decl":{"start":{"line":17,"column":40},"end":{"line":17,"column":41}},"loc":{"start":{"line":17,"column":48},"end":{"line":17,"column":58}},"line":17},"3":{"name":"(anonymous_3)","decl":{"start":{"line":22,"column":17},"end":{"line":22,"column":18}},"loc":{"start":{"line":22,"column":23},"end":{"line":26,"column":5}},"line":22},"4":{"name":"(anonymous_4)","decl":{"start":{"line":29,"column":11},"end":{"line":29,"column":12}},"loc":{"start":{"line":29,"column":17},"end":{"line":29,"column":34}},"line":29},"5":{"name":"InsertMenu","decl":{"start":{"line":41,"column":24},"end":{"line":41,"column":34}},"loc":{"start":{"line":41,"column":49},"end":{"line":136,"column":1}},"line":41},"6":{"name":"(anonymous_6)","decl":{"start":{"line":43,"column":25},"end":{"line":43,"column":26}},"loc":{"start":{"line":43,"column":31},"end":{"line":43,"column":44}},"line":43},"7":{"name":"(anonymous_7)","decl":{"start":{"line":46,"column":35},"end":{"line":46,"column":36}},"loc":{"start":{"line":46,"column":42},"end":{"line":46,"column":61}},"line":46},"8":{"name":"(anonymous_8)","decl":{"start":{"line":50,"column":16},"end":{"line":50,"column":17}},"loc":{"start":{"line":50,"column":22},"end":{"line":53,"column":3}},"line":50},"9":{"name":"(anonymous_9)","decl":{"start":{"line":54,"column":15},"end":{"line":54,"column":16}},"loc":{"start":{"line":54,"column":25},"end":{"line":57,"column":3}},"line":54},"10":{"name":"(anonymous_10)","decl":{"start":{"line":63,"column":17},"end":{"line":63,"column":18}},"loc":{"start":{"line":63,"column":23},"end":{"line":63,"column":36}},"line":63},"11":{"name":"(anonymous_11)","decl":{"start":{"line":83,"column":35},"end":{"line":83,"column":36}},"loc":{"start":{"line":84,"column":20},"end":{"line":95,"column":39}},"line":84},"12":{"name":"(anonymous_12)","decl":{"start":{"line":87,"column":31},"end":{"line":87,"column":32}},"loc":{"start":{"line":87,"column":37},"end":{"line":87,"column":58}},"line":87},"13":{"name":"(anonymous_13)","decl":{"start":{"line":102,"column":92},"end":{"line":102,"column":93}},"loc":{"start":{"line":102,"column":98},"end":{"line":102,"column":116}},"line":102},"14":{"name":"(anonymous_14)","decl":{"start":{"line":110,"column":37},"end":{"line":110,"column":38}},"loc":{"start":{"line":111,"column":20},"end":{"line":126,"column":39}},"line":111},"15":{"name":"(anonymous_15)","decl":{"start":{"line":114,"column":31},"end":{"line":114,"column":32}},"loc":{"start":{"line":114,"column":37},"end":{"line":114,"column":45}},"line":114},"16":{"name":"(anonymous_16)","decl":{"start":{"line":138,"column":19},"end":{"line":138,"column":20}},"loc":{"start":{"line":139,"column":2},"end":{"line":224,"column":4}},"line":139}},"branchMap":{"0":{"loc":{"start":{"line":13,"column":4},"end":{"line":16,"column":5}},"type":"if","locations":[{"start":{"line":13,"column":4},"end":{"line":16,"column":5}},{"start":{},"end":{}}],"line":13},"1":{"loc":{"start":{"line":18,"column":4},"end":{"line":21,"column":5}},"type":"if","locations":[{"start":{"line":18,"column":4},"end":{"line":21,"column":5}},{"start":{},"end":{}}],"line":18},"2":{"loc":{"start":{"line":46,"column":18},"end":{"line":46,"column":70}},"type":"binary-expr","locations":[{"start":{"line":46,"column":18},"end":{"line":46,"column":62}},{"start":{"line":46,"column":66},"end":{"line":46,"column":70}}],"line":46},"3":{"loc":{"start":{"line":47,"column":31},"end":{"line":47,"column":52}},"type":"cond-expr","locations":[{"start":{"line":47,"column":38},"end":{"line":47,"column":45}},{"start":{"line":47,"column":48},"end":{"line":47,"column":52}}],"line":47},"4":{"loc":{"start":{"line":62,"column":31},"end":{"line":62,"column":54}},"type":"binary-expr","locations":[{"start":{"line":62,"column":31},"end":{"line":62,"column":35}},{"start":{"line":62,"column":39},"end":{"line":62,"column":54}}],"line":62},"5":{"loc":{"start":{"line":74,"column":13},"end":{"line":130,"column":13}},"type":"cond-expr","locations":[{"start":{"line":75,"column":14},"end":{"line":98,"column":17}},{"start":{"line":100,"column":14},"end":{"line":129,"column":17}}],"line":74},"6":{"loc":{"start":{"line":120,"column":23},"end":{"line":125,"column":23}},"type":"binary-expr","locations":[{"start":{"line":120,"column":23},"end":{"line":120,"column":33}},{"start":{"line":121,"column":24},"end":{"line":124,"column":31}}],"line":120},"7":{"loc":{"start":{"line":123,"column":55},"end":{"line":123,"column":77}},"type":"binary-expr","locations":[{"start":{"line":123,"column":55},"end":{"line":123,"column":70}},{"start":{"line":123,"column":74},"end":{"line":123,"column":77}}],"line":123}},"s":{"0":7,"1":7,"2":3,"3":2,"4":2,"5":1,"6":3,"7":1,"8":0,"9":0,"10":1,"11":1,"12":1,"13":2,"14":1,"15":1,"16":1,"17":1,"18":1,"19":7,"20":7,"21":7,"22":7,"23":7,"24":7,"25":7,"26":37,"27":7,"28":7,"29":7,"30":1,"31":1,"32":7,"33":1,"34":1,"35":7,"36":1,"37":35,"38":1,"39":0,"40":6,"41":1,"42":1,"43":7},"f":{"0":7,"1":3,"2":3,"3":1,"4":1,"5":7,"6":7,"7":37,"8":1,"9":1,"10":1,"11":35,"12":1,"13":0,"14":6,"15":1,"16":7},"b":{"0":[2,1],"1":[0,1],"2":[7,5],"3":[3,4],"4":[7,3],"5":[5,2],"6":[6,4],"7":[4,2]},"_coverageSchema":"1a1c01bbd47fc00a2c39e90264f33305004495a9","hash":"3f435da315ec06a186ca438ab766aae5c60d7a2a"}
,"C:\\Users\\juneh\\Documents\\projects\\random-ai-prompt\\targets\\mobile\\components\\ManageBlockEditor.js": {"path":"C:\\Users\\juneh\\Documents\\projects\\random-ai-prompt\\targets\\mobile\\components\\ManageBlockEditor.js","statementMap":{"0":{"start":{"line":28,"column":23},"end":{"line":34,"column":1}},"1":{"start":{"line":43,"column":20},"end":{"line":49,"column":1}},"2":{"start":{"line":52,"column":63},"end":{"line":52,"column":73}},"3":{"start":{"line":53,"column":17},"end":{"line":53,"column":50}},"4":{"start":{"line":53,"column":31},"end":{"line":53,"column":44}},"5":{"start":{"line":54,"column":17},"end":{"line":54,"column":91}},"6":{"start":{"line":55,"column":16},"end":{"line":55,"column":61}},"7":{"start":{"line":57,"column":24},"end":{"line":57,"column":36}},"8":{"start":{"line":58,"column":22},"end":{"line":58,"column":36}},"9":{"start":{"line":59,"column":26},"end":{"line":59,"column":41}},"10":{"start":{"line":60,"column":40},"end":{"line":60,"column":52}},"11":{"start":{"line":61,"column":26},"end":{"line":61,"column":41}},"12":{"start":{"line":62,"column":24},"end":{"line":62,"column":39}},"13":{"start":{"line":63,"column":28},"end":{"line":63,"column":43}},"14":{"start":{"line":64,"column":30},"end":{"line":64,"column":42}},"15":{"start":{"line":65,"column":26},"end":{"line":65,"column":38}},"16":{"start":{"line":66,"column":36},"end":{"line":66,"column":50}},"17":{"start":{"line":67,"column":32},"end":{"line":67,"column":44}},"18":{"start":{"line":70,"column":47},"end":{"line":70,"column":76}},"19":{"start":{"line":71,"column":16},"end":{"line":71,"column":34}},"20":{"start":{"line":73,"column":2},"end":{"line":92,"column":24}},"21":{"start":{"line":74,"column":16},"end":{"line":74,"column":20}},"22":{"start":{"line":75,"column":4},"end":{"line":88,"column":9}},"23":{"start":{"line":76,"column":38},"end":{"line":80,"column":8}},"24":{"start":{"line":81,"column":6},"end":{"line":81,"column":25}},"25":{"start":{"line":81,"column":18},"end":{"line":81,"column":25}},"26":{"start":{"line":82,"column":6},"end":{"line":82,"column":16}},"27":{"start":{"line":83,"column":6},"end":{"line":83,"column":23}},"28":{"start":{"line":84,"column":6},"end":{"line":84,"column":48}},"29":{"start":{"line":85,"column":6},"end":{"line":85,"column":37}},"30":{"start":{"line":86,"column":6},"end":{"line":86,"column":21}},"31":{"start":{"line":87,"column":6},"end":{"line":87,"column":21}},"32":{"start":{"line":89,"column":4},"end":{"line":91,"column":6}},"33":{"start":{"line":90,"column":6},"end":{"line":90,"column":20}},"34":{"start":{"line":94,"column":15},"end":{"line":103,"column":3}},"35":{"start":{"line":95,"column":4},"end":{"line":95,"column":40}},"36":{"start":{"line":96,"column":4},"end":{"line":96,"column":58}},"37":{"start":{"line":96,"column":21},"end":{"line":96,"column":58}},"38":{"start":{"line":97,"column":4},"end":{"line":100,"column":7}},"39":{"start":{"line":101,"column":4},"end":{"line":101,"column":23}},"40":{"start":{"line":102,"column":4},"end":{"line":102,"column":20}},"41":{"start":{"line":105,"column":17},"end":{"line":118,"column":3}},"42":{"start":{"line":106,"column":18},"end":{"line":106,"column":58}},"43":{"start":{"line":107,"column":4},"end":{"line":107,"column":42}},"44":{"start":{"line":107,"column":35},"end":{"line":107,"column":42}},"45":{"start":{"line":108,"column":19},"end":{"line":108,"column":56}},"46":{"start":{"line":110,"column":4},"end":{"line":110,"column":40}},"47":{"start":{"line":111,"column":4},"end":{"line":111,"column":58}},"48":{"start":{"line":111,"column":21},"end":{"line":111,"column":58}},"49":{"start":{"line":112,"column":4},"end":{"line":115,"column":7}},"50":{"start":{"line":116,"column":4},"end":{"line":116,"column":52}},"51":{"start":{"line":117,"column":4},"end":{"line":117,"column":20}},"52":{"start":{"line":120,"column":14},"end":{"line":123,"column":3}},"53":{"start":{"line":121,"column":4},"end":{"line":121,"column":36}},"54":{"start":{"line":122,"column":4},"end":{"line":122,"column":20}},"55":{"start":{"line":125,"column":19},"end":{"line":128,"column":3}},"56":{"start":{"line":126,"column":4},"end":{"line":126,"column":26}},"57":{"start":{"line":127,"column":4},"end":{"line":127,"column":17}},"58":{"start":{"line":132,"column":17},"end":{"line":158,"column":3}},"59":{"start":{"line":133,"column":4},"end":{"line":133,"column":25}},"60":{"start":{"line":133,"column":18},"end":{"line":133,"column":25}},"61":{"start":{"line":134,"column":4},"end":{"line":137,"column":5}},"62":{"start":{"line":135,"column":6},"end":{"line":135,"column":96}},"63":{"start":{"line":136,"column":6},"end":{"line":136,"column":13}},"64":{"start":{"line":138,"column":18},"end":{"line":138,"column":50}},"65":{"start":{"line":139,"column":16},"end":{"line":139,"column":45}},"66":{"start":{"line":140,"column":4},"end":{"line":140,"column":18}},"67":{"start":{"line":141,"column":4},"end":{"line":141,"column":18}},"68":{"start":{"line":142,"column":4},"end":{"line":157,"column":5}},"69":{"start":{"line":143,"column":17},"end":{"line":143,"column":77}},"70":{"start":{"line":144,"column":18},"end":{"line":144,"column":99}},"71":{"start":{"line":145,"column":22},"end":{"line":145,"column":52}},"72":{"start":{"line":146,"column":6},"end":{"line":149,"column":7}},"73":{"start":{"line":147,"column":8},"end":{"line":147,"column":56}},"74":{"start":{"line":148,"column":8},"end":{"line":148,"column":15}},"75":{"start":{"line":150,"column":6},"end":{"line":150,"column":22}},"76":{"start":{"line":151,"column":6},"end":{"line":151,"column":25}},"77":{"start":{"line":152,"column":6},"end":{"line":152,"column":103}},"78":{"start":{"line":154,"column":6},"end":{"line":154,"column":52}},"79":{"start":{"line":156,"column":6},"end":{"line":156,"column":18}},"80":{"start":{"line":160,"column":17},"end":{"line":160,"column":44}},"81":{"start":{"line":160,"column":27},"end":{"line":160,"column":44}},"82":{"start":{"line":161,"column":20},"end":{"line":166,"column":3}},"83":{"start":{"line":162,"column":14},"end":{"line":162,"column":28}},"84":{"start":{"line":163,"column":4},"end":{"line":163,"column":19}},"85":{"start":{"line":163,"column":12},"end":{"line":163,"column":19}},"86":{"start":{"line":164,"column":4},"end":{"line":165,"column":64}},"87":{"start":{"line":164,"column":32},"end":{"line":164,"column":56}},"88":{"start":{"line":165,"column":9},"end":{"line":165,"column":64}},"89":{"start":{"line":168,"column":2},"end":{"line":328,"column":4}},"90":{"start":{"line":171,"column":68},"end":{"line":171,"column":84}},"91":{"start":{"line":205,"column":89},"end":{"line":205,"column":107}},"92":{"start":{"line":205,"column":104},"end":{"line":205,"column":106}},"93":{"start":{"line":214,"column":122},"end":{"line":214,"column":135}},"94":{"start":{"line":217,"column":121},"end":{"line":217,"column":133}},"95":{"start":{"line":226,"column":41},"end":{"line":226,"column":107}},"96":{"start":{"line":226,"column":56},"end":{"line":226,"column":105}},"97":{"start":{"line":232,"column":14},"end":{"line":252,"column":21}},"98":{"start":{"line":234,"column":33},"end":{"line":234,"column":47}},"99":{"start":{"line":244,"column":33},"end":{"line":244,"column":47}},"100":{"start":{"line":256,"column":29},"end":{"line":256,"column":50}},"101":{"start":{"line":266,"column":16},"end":{"line":266,"column":71}},"102":{"start":{"line":267,"column":16},"end":{"line":267,"column":31}},"103":{"start":{"line":278,"column":16},"end":{"line":278,"column":71}},"104":{"start":{"line":279,"column":16},"end":{"line":279,"column":31}},"105":{"start":{"line":331,"column":19},"end":{"line":445,"column":4}},"106":{"start":{"line":332,"column":2},"end":{"line":445,"column":4}}},"fnMap":{"0":{"name":"ManageBlockEditor","decl":{"start":{"line":51,"column":24},"end":{"line":51,"column":41}},"loc":{"start":{"line":51,"column":65},"end":{"line":329,"column":1}},"line":51},"1":{"name":"(anonymous_1)","decl":{"start":{"line":53,"column":25},"end":{"line":53,"column":26}},"loc":{"start":{"line":53,"column":31},"end":{"line":53,"column":44}},"line":53},"2":{"name":"(anonymous_2)","decl":{"start":{"line":73,"column":12},"end":{"line":73,"column":13}},"loc":{"start":{"line":73,"column":18},"end":{"line":92,"column":3}},"line":73},"3":{"name":"(anonymous_3)","decl":{"start":{"line":75,"column":5},"end":{"line":75,"column":6}},"loc":{"start":{"line":75,"column":17},"end":{"line":88,"column":5}},"line":75},"4":{"name":"(anonymous_4)","decl":{"start":{"line":89,"column":11},"end":{"line":89,"column":12}},"loc":{"start":{"line":89,"column":17},"end":{"line":91,"column":5}},"line":89},"5":{"name":"(anonymous_5)","decl":{"start":{"line":94,"column":15},"end":{"line":94,"column":16}},"loc":{"start":{"line":94,"column":27},"end":{"line":103,"column":3}},"line":94},"6":{"name":"(anonymous_6)","decl":{"start":{"line":105,"column":17},"end":{"line":105,"column":18}},"loc":{"start":{"line":105,"column":29},"end":{"line":118,"column":3}},"line":105},"7":{"name":"(anonymous_7)","decl":{"start":{"line":120,"column":14},"end":{"line":120,"column":15}},"loc":{"start":{"line":120,"column":26},"end":{"line":123,"column":3}},"line":120},"8":{"name":"(anonymous_8)","decl":{"start":{"line":125,"column":19},"end":{"line":125,"column":20}},"loc":{"start":{"line":125,"column":25},"end":{"line":128,"column":3}},"line":125},"9":{"name":"(anonymous_9)","decl":{"start":{"line":132,"column":17},"end":{"line":132,"column":18}},"loc":{"start":{"line":132,"column":41},"end":{"line":158,"column":3}},"line":132},"10":{"name":"(anonymous_10)","decl":{"start":{"line":160,"column":17},"end":{"line":160,"column":18}},"loc":{"start":{"line":160,"column":27},"end":{"line":160,"column":44}},"line":160},"11":{"name":"(anonymous_11)","decl":{"start":{"line":161,"column":20},"end":{"line":161,"column":21}},"loc":{"start":{"line":161,"column":26},"end":{"line":166,"column":3}},"line":161},"12":{"name":"(anonymous_12)","decl":{"start":{"line":171,"column":62},"end":{"line":171,"column":63}},"loc":{"start":{"line":171,"column":68},"end":{"line":171,"column":84}},"line":171},"13":{"name":"(anonymous_13)","decl":{"start":{"line":205,"column":83},"end":{"line":205,"column":84}},"loc":{"start":{"line":205,"column":89},"end":{"line":205,"column":107}},"line":205},"14":{"name":"(anonymous_14)","decl":{"start":{"line":205,"column":97},"end":{"line":205,"column":98}},"loc":{"start":{"line":205,"column":104},"end":{"line":205,"column":106}},"line":205},"15":{"name":"(anonymous_15)","decl":{"start":{"line":214,"column":116},"end":{"line":214,"column":117}},"loc":{"start":{"line":214,"column":122},"end":{"line":214,"column":135}},"line":214},"16":{"name":"(anonymous_16)","decl":{"start":{"line":217,"column":115},"end":{"line":217,"column":116}},"loc":{"start":{"line":217,"column":121},"end":{"line":217,"column":133}},"line":217},"17":{"name":"(anonymous_17)","decl":{"start":{"line":226,"column":34},"end":{"line":226,"column":35}},"loc":{"start":{"line":226,"column":41},"end":{"line":226,"column":107}},"line":226},"18":{"name":"(anonymous_18)","decl":{"start":{"line":226,"column":48},"end":{"line":226,"column":49}},"loc":{"start":{"line":226,"column":56},"end":{"line":226,"column":105}},"line":226},"19":{"name":"(anonymous_19)","decl":{"start":{"line":231,"column":29},"end":{"line":231,"column":30}},"loc":{"start":{"line":232,"column":14},"end":{"line":252,"column":21}},"line":232},"20":{"name":"(anonymous_20)","decl":{"start":{"line":234,"column":27},"end":{"line":234,"column":28}},"loc":{"start":{"line":234,"column":33},"end":{"line":234,"column":47}},"line":234},"21":{"name":"(anonymous_21)","decl":{"start":{"line":244,"column":27},"end":{"line":244,"column":28}},"loc":{"start":{"line":244,"column":33},"end":{"line":244,"column":47}},"line":244},"22":{"name":"(anonymous_22)","decl":{"start":{"line":256,"column":23},"end":{"line":256,"column":24}},"loc":{"start":{"line":256,"column":29},"end":{"line":256,"column":50}},"line":256},"23":{"name":"(anonymous_23)","decl":{"start":{"line":265,"column":23},"end":{"line":265,"column":24}},"loc":{"start":{"line":265,"column":29},"end":{"line":268,"column":15}},"line":265},"24":{"name":"(anonymous_24)","decl":{"start":{"line":277,"column":23},"end":{"line":277,"column":24}},"loc":{"start":{"line":277,"column":29},"end":{"line":280,"column":15}},"line":277},"25":{"name":"(anonymous_25)","decl":{"start":{"line":331,"column":19},"end":{"line":331,"column":20}},"loc":{"start":{"line":332,"column":2},"end":{"line":445,"column":4}},"line":332}},"branchMap":{"0":{"loc":{"start":{"line":54,"column":17},"end":{"line":54,"column":91}},"type":"cond-expr","locations":[{"start":{"line":54,"column":42},"end":{"line":54,"column":86}},{"start":{"line":54,"column":89},"end":{"line":54,"column":91}}],"line":54},"1":{"loc":{"start":{"line":71,"column":16},"end":{"line":71,"column":34}},"type":"binary-expr","locations":[{"start":{"line":71,"column":16},"end":{"line":71,"column":24}},{"start":{"line":71,"column":28},"end":{"line":71,"column":34}}],"line":71},"2":{"loc":{"start":{"line":81,"column":6},"end":{"line":81,"column":25}},"type":"if","locations":[{"start":{"line":81,"column":6},"end":{"line":81,"column":25}},{"start":{},"end":{}}],"line":81},"3":{"loc":{"start":{"line":84,"column":21},"end":{"line":84,"column":46}},"type":"binary-expr","locations":[{"start":{"line":84,"column":21},"end":{"line":84,"column":40}},{"start":{"line":84,"column":44},"end":{"line":84,"column":46}}],"line":84},"4":{"loc":{"start":{"line":96,"column":4},"end":{"line":96,"column":58}},"type":"if","locations":[{"start":{"line":96,"column":4},"end":{"line":96,"column":58}},{"start":{},"end":{}}],"line":96},"5":{"loc":{"start":{"line":98,"column":19},"end":{"line":98,"column":45}},"type":"binary-expr","locations":[{"start":{"line":98,"column":19},"end":{"line":98,"column":37}},{"start":{"line":98,"column":41},"end":{"line":98,"column":45}}],"line":98},"6":{"loc":{"start":{"line":99,"column":12},"end":{"line":99,"column":30}},"type":"cond-expr","locations":[{"start":{"line":99,"column":19},"end":{"line":99,"column":23}},{"start":{"line":99,"column":26},"end":{"line":99,"column":30}}],"line":99},"7":{"loc":{"start":{"line":107,"column":4},"end":{"line":107,"column":42}},"type":"if","locations":[{"start":{"line":107,"column":4},"end":{"line":107,"column":42}},{"start":{},"end":{}}],"line":107},"8":{"loc":{"start":{"line":107,"column":8},"end":{"line":107,"column":33}},"type":"binary-expr","locations":[{"start":{"line":107,"column":8},"end":{"line":107,"column":14}},{"start":{"line":107,"column":18},"end":{"line":107,"column":33}}],"line":107},"9":{"loc":{"start":{"line":108,"column":19},"end":{"line":108,"column":56}},"type":"cond-expr","locations":[{"start":{"line":108,"column":28},"end":{"line":108,"column":48}},{"start":{"line":108,"column":51},"end":{"line":108,"column":56}}],"line":108},"10":{"loc":{"start":{"line":111,"column":4},"end":{"line":111,"column":58}},"type":"if","locations":[{"start":{"line":111,"column":4},"end":{"line":111,"column":58}},{"start":{},"end":{}}],"line":111},"11":{"loc":{"start":{"line":113,"column":19},"end":{"line":113,"column":45}},"type":"binary-expr","locations":[{"start":{"line":113,"column":19},"end":{"line":113,"column":37}},{"start":{"line":113,"column":41},"end":{"line":113,"column":45}}],"line":113},"12":{"loc":{"start":{"line":114,"column":12},"end":{"line":114,"column":30}},"type":"cond-expr","locations":[{"start":{"line":114,"column":19},"end":{"line":114,"column":23}},{"start":{"line":114,"column":26},"end":{"line":114,"column":30}}],"line":114},"13":{"loc":{"start":{"line":133,"column":4},"end":{"line":133,"column":25}},"type":"if","locations":[{"start":{"line":133,"column":4},"end":{"line":133,"column":25}},{"start":{},"end":{}}],"line":133},"14":{"loc":{"start":{"line":134,"column":4},"end":{"line":137,"column":5}},"type":"if","locations":[{"start":{"line":134,"column":4},"end":{"line":137,"column":5}},{"start":{},"end":{}}],"line":134},"15":{"loc":{"start":{"line":134,"column":10},"end":{"line":134,"column":22}},"type":"binary-expr","locations":[{"start":{"line":134,"column":10},"end":{"line":134,"column":16}},{"start":{"line":134,"column":20},"end":{"line":134,"column":22}}],"line":134},"16":{"loc":{"start":{"line":135,"column":16},"end":{"line":135,"column":94}},"type":"cond-expr","locations":[{"start":{"line":135,"column":40},"end":{"line":135,"column":67}},{"start":{"line":135,"column":70},"end":{"line":135,"column":94}}],"line":135},"17":{"loc":{"start":{"line":143,"column":23},"end":{"line":143,"column":62}},"type":"binary-expr","locations":[{"start":{"line":143,"column":23},"end":{"line":143,"column":56}},{"start":{"line":143,"column":60},"end":{"line":143,"column":62}}],"line":143},"18":{"loc":{"start":{"line":145,"column":37},"end":{"line":145,"column":51}},"type":"binary-expr","locations":[{"start":{"line":145,"column":37},"end":{"line":145,"column":45}},{"start":{"line":145,"column":49},"end":{"line":145,"column":51}}],"line":145},"19":{"loc":{"start":{"line":146,"column":6},"end":{"line":149,"column":7}},"type":"if","locations":[{"start":{"line":146,"column":6},"end":{"line":149,"column":7}},{"start":{},"end":{}}],"line":146},"20":{"loc":{"start":{"line":152,"column":16},"end":{"line":152,"column":101}},"type":"cond-expr","locations":[{"start":{"line":152,"column":40},"end":{"line":152,"column":50}},{"start":{"line":152,"column":53},"end":{"line":152,"column":101}}],"line":152},"21":{"loc":{"start":{"line":152,"column":53},"end":{"line":152,"column":101}},"type":"cond-expr","locations":[{"start":{"line":152,"column":77},"end":{"line":152,"column":88}},{"start":{"line":152,"column":91},"end":{"line":152,"column":101}}],"line":152},"22":{"loc":{"start":{"line":154,"column":33},"end":{"line":154,"column":48}},"type":"binary-expr","locations":[{"start":{"line":154,"column":33},"end":{"line":154,"column":43}},{"start":{"line":154,"column":47},"end":{"line":154,"column":48}}],"line":154},"23":{"loc":{"start":{"line":163,"column":4},"end":{"line":163,"column":19}},"type":"if","locations":[{"start":{"line":163,"column":4},"end":{"line":163,"column":19}},{"start":{},"end":{}}],"line":163},"24":{"loc":{"start":{"line":164,"column":4},"end":{"line":165,"column":64}},"type":"if","locations":[{"start":{"line":164,"column":4},"end":{"line":165,"column":64}},{"start":{"line":165,"column":9},"end":{"line":165,"column":64}}],"line":164},"25":{"loc":{"start":{"line":192,"column":37},"end":{"line":192,"column":76}},"type":"binary-expr","locations":[{"start":{"line":192,"column":37},"end":{"line":192,"column":58}},{"start":{"line":192,"column":62},"end":{"line":192,"column":76}}],"line":192},"26":{"loc":{"start":{"line":206,"column":39},"end":{"line":206,"column":64}},"type":"binary-expr","locations":[{"start":{"line":206,"column":39},"end":{"line":206,"column":43}},{"start":{"line":206,"column":47},"end":{"line":206,"column":64}}],"line":206},"27":{"loc":{"start":{"line":207,"column":11},"end":{"line":207,"column":67}},"type":"cond-expr","locations":[{"start":{"line":207,"column":18},"end":{"line":207,"column":60}},{"start":{"line":207,"column":63},"end":{"line":207,"column":67}}],"line":207},"28":{"loc":{"start":{"line":212,"column":7},"end":{"line":221,"column":7}},"type":"binary-expr","locations":[{"start":{"line":212,"column":7},"end":{"line":212,"column":18}},{"start":{"line":213,"column":8},"end":{"line":220,"column":15}}],"line":212},"29":{"loc":{"start":{"line":214,"column":75},"end":{"line":214,"column":104}},"type":"binary-expr","locations":[{"start":{"line":214,"column":75},"end":{"line":214,"column":88}},{"start":{"line":214,"column":92},"end":{"line":214,"column":104}}],"line":214},"30":{"loc":{"start":{"line":215,"column":42},"end":{"line":215,"column":75}},"type":"binary-expr","locations":[{"start":{"line":215,"column":42},"end":{"line":215,"column":55}},{"start":{"line":215,"column":59},"end":{"line":215,"column":75}}],"line":215},"31":{"loc":{"start":{"line":217,"column":75},"end":{"line":217,"column":103}},"type":"binary-expr","locations":[{"start":{"line":217,"column":75},"end":{"line":217,"column":87}},{"start":{"line":217,"column":91},"end":{"line":217,"column":103}}],"line":217},"32":{"loc":{"start":{"line":218,"column":42},"end":{"line":218,"column":74}},"type":"binary-expr","locations":[{"start":{"line":218,"column":42},"end":{"line":218,"column":54}},{"start":{"line":218,"column":58},"end":{"line":218,"column":74}}],"line":218},"33":{"loc":{"start":{"line":223,"column":7},"end":{"line":310,"column":7}},"type":"binary-expr","locations":[{"start":{"line":223,"column":7},"end":{"line":223,"column":12}},{"start":{"line":223,"column":16},"end":{"line":223,"column":29}},{"start":{"line":224,"column":8},"end":{"line":309,"column":11}}],"line":223},"34":{"loc":{"start":{"line":226,"column":56},"end":{"line":226,"column":105}},"type":"cond-expr","locations":[{"start":{"line":226,"column":60},"end":{"line":226,"column":101}},{"start":{"line":226,"column":104},"end":{"line":226,"column":105}}],"line":226},"35":{"loc":{"start":{"line":226,"column":67},"end":{"line":226,"column":95}},"type":"cond-expr","locations":[{"start":{"line":226,"column":86},"end":{"line":226,"column":88}},{"start":{"line":226,"column":91},"end":{"line":226,"column":95}}],"line":226},"36":{"loc":{"start":{"line":229,"column":43},"end":{"line":229,"column":73}},"type":"binary-expr","locations":[{"start":{"line":229,"column":43},"end":{"line":229,"column":51}},{"start":{"line":229,"column":55},"end":{"line":229,"column":73}}],"line":229},"37":{"loc":{"start":{"line":230,"column":51},"end":{"line":230,"column":72}},"type":"cond-expr","locations":[{"start":{"line":230,"column":62},"end":{"line":230,"column":67}},{"start":{"line":230,"column":70},"end":{"line":230,"column":72}}],"line":230},"38":{"loc":{"start":{"line":237,"column":56},"end":{"line":237,"column":82}},"type":"cond-expr","locations":[{"start":{"line":237,"column":66},"end":{"line":237,"column":68}},{"start":{"line":237,"column":71},"end":{"line":237,"column":82}}],"line":237},"39":{"loc":{"start":{"line":247,"column":56},"end":{"line":247,"column":82}},"type":"cond-expr","locations":[{"start":{"line":247,"column":66},"end":{"line":247,"column":68}},{"start":{"line":247,"column":71},"end":{"line":247,"column":82}}],"line":247},"40":{"loc":{"start":{"line":259,"column":34},"end":{"line":259,"column":74}},"type":"cond-expr","locations":[{"start":{"line":259,"column":44},"end":{"line":259,"column":53}},{"start":{"line":259,"column":56},"end":{"line":259,"column":74}}],"line":259},"41":{"loc":{"start":{"line":264,"column":35},"end":{"line":264,"column":74}},"type":"binary-expr","locations":[{"start":{"line":264,"column":35},"end":{"line":264,"column":57}},{"start":{"line":264,"column":61},"end":{"line":264,"column":74}}],"line":264},"42":{"loc":{"start":{"line":266,"column":29},"end":{"line":266,"column":69}},"type":"cond-expr","locations":[{"start":{"line":266,"column":54},"end":{"line":266,"column":58}},{"start":{"line":266,"column":61},"end":{"line":266,"column":69}}],"line":266},"43":{"loc":{"start":{"line":271,"column":34},"end":{"line":271,"column":72}},"type":"cond-expr","locations":[{"start":{"line":271,"column":44},"end":{"line":271,"column":52}},{"start":{"line":271,"column":55},"end":{"line":271,"column":72}}],"line":271},"44":{"loc":{"start":{"line":276,"column":35},"end":{"line":276,"column":74}},"type":"binary-expr","locations":[{"start":{"line":276,"column":35},"end":{"line":276,"column":57}},{"start":{"line":276,"column":61},"end":{"line":276,"column":74}}],"line":276},"45":{"loc":{"start":{"line":278,"column":29},"end":{"line":278,"column":69}},"type":"cond-expr","locations":[{"start":{"line":278,"column":54},"end":{"line":278,"column":58}},{"start":{"line":278,"column":61},"end":{"line":278,"column":69}}],"line":278},"46":{"loc":{"start":{"line":283,"column":34},"end":{"line":283,"column":70}},"type":"cond-expr","locations":[{"start":{"line":283,"column":44},"end":{"line":283,"column":51}},{"start":{"line":283,"column":54},"end":{"line":283,"column":70}}],"line":283},"47":{"loc":{"start":{"line":288,"column":11},"end":{"line":288,"column":70}},"type":"binary-expr","locations":[{"start":{"line":288,"column":11},"end":{"line":288,"column":19}},{"start":{"line":288,"column":23},"end":{"line":288,"column":70}}],"line":288},"48":{"loc":{"start":{"line":290,"column":11},"end":{"line":305,"column":11}},"type":"binary-expr","locations":[{"start":{"line":290,"column":11},"end":{"line":290,"column":20}},{"start":{"line":291,"column":12},"end":{"line":304,"column":19}}],"line":290},"49":{"loc":{"start":{"line":296,"column":29},"end":{"line":296,"column":109}},"type":"cond-expr","locations":[{"start":{"line":296,"column":54},"end":{"line":296,"column":84}},{"start":{"line":296,"column":87},"end":{"line":296,"column":109}}],"line":296},"50":{"loc":{"start":{"line":302,"column":50},"end":{"line":302,"column":69}},"type":"cond-expr","locations":[{"start":{"line":302,"column":57},"end":{"line":302,"column":60}},{"start":{"line":302,"column":63},"end":{"line":302,"column":69}}],"line":302},"51":{"loc":{"start":{"line":306,"column":11},"end":{"line":306,"column":68}},"type":"cond-expr","locations":[{"start":{"line":306,"column":18},"end":{"line":306,"column":61}},{"start":{"line":306,"column":64},"end":{"line":306,"column":68}}],"line":306},"52":{"loc":{"start":{"line":311,"column":7},"end":{"line":313,"column":7}},"type":"binary-expr","locations":[{"start":{"line":311,"column":7},"end":{"line":311,"column":12}},{"start":{"line":311,"column":16},"end":{"line":311,"column":28}},{"start":{"line":311,"column":32},"end":{"line":311,"column":43}},{"start":{"line":312,"column":8},"end":{"line":312,"column":86}}],"line":311},"53":{"loc":{"start":{"line":316,"column":9},"end":{"line":320,"column":9}},"type":"binary-expr","locations":[{"start":{"line":316,"column":9},"end":{"line":316,"column":20}},{"start":{"line":317,"column":10},"end":{"line":319,"column":29}}],"line":316},"54":{"loc":{"start":{"line":326,"column":7},"end":{"line":326,"column":66}},"type":"cond-expr","locations":[{"start":{"line":326,"column":16},"end":{"line":326,"column":59}},{"start":{"line":326,"column":62},"end":{"line":326,"column":66}}],"line":326},"55":{"loc":{"start":{"line":420,"column":54},"end":{"line":420,"column":76}},"type":"binary-expr","locations":[{"start":{"line":420,"column":54},"end":{"line":420,"column":66}},{"start":{"line":420,"column":70},"end":{"line":420,"column":76}}],"line":420}},"s":{"0":2,"1":2,"2":25,"3":25,"4":25,"5":25,"6":25,"7":25,"8":25,"9":25,"10":25,"11":25,"12":25,"13":25,"14":25,"15":25,"16":25,"17":25,"18":25,"19":25,"20":25,"21":10,"22":10,"23":10,"24":10,"25":0,"26":10,"27":10,"28":10,"29":10,"30":10,"31":10,"32":10,"33":10,"34":25,"35":1,"36":1,"37":0,"38":1,"39":1,"40":1,"41":25,"42":0,"43":0,"44":0,"45":0,"46":0,"47":0,"48":0,"49":0,"50":0,"51":0,"52":25,"53":1,"54":1,"55":25,"56":1,"57":1,"58":25,"59":2,"60":0,"61":2,"62":0,"63":0,"64":2,"65":2,"66":2,"67":2,"68":2,"69":2,"70":2,"71":2,"72":2,"73":0,"74":0,"75":2,"76":2,"77":2,"78":0,"79":2,"80":25,"81":1,"82":25,"83":1,"84":1,"85":0,"86":1,"87":1,"88":0,"89":25,"90":0,"91":0,"92":0,"93":0,"94":0,"95":0,"96":0,"97":70,"98":0,"99":1,"100":0,"101":0,"102":0,"103":1,"104":1,"105":2,"106":25},"f":{"0":25,"1":25,"2":10,"3":10,"4":10,"5":1,"6":0,"7":1,"8":1,"9":2,"10":1,"11":1,"12":0,"13":0,"14":0,"15":0,"16":0,"17":0,"18":0,"19":70,"20":0,"21":1,"22":0,"23":0,"24":1,"25":25},"b":{"0":[1,24],"1":[25,21],"2":[0,10],"3":[10,2],"4":[0,1],"5":[1,0],"6":[0,1],"7":[0,0],"8":[0,0],"9":[0,0],"10":[0,0],"11":[0,0],"12":[0,0],"13":[0,2],"14":[0,2],"15":[2,0],"16":[0,0],"17":[2,2],"18":[2,0],"19":[0,2],"20":[1,1],"21":[0,1],"22":[0,0],"23":[0,1],"24":[1,0],"25":[25,25],"26":[25,0],"27":[0,25],"28":[25,1],"29":[1,0],"30":[1,0],"31":[1,1],"32":[1,1],"33":[25,15,14],"34":[0,0],"35":[0,0],"36":[14,2],"37":[2,12],"38":[60,10],"39":[60,10],"40":[12,2],"41":[14,0],"42":[0,0],"43":[12,2],"44":[14,2],"45":[0,1],"46":[12,2],"47":[14,2],"48":[14,2],"49":[2,0],"50":[0,2],"51":[0,14],"52":[25,15,1,1],"53":[25,24],"54":[3,22],"55":[25,0]},"_coverageSchema":"1a1c01bbd47fc00a2c39e90264f33305004495a9","hash":"1ab234309b32cd36a5713af1f4ba64b65e99d01c"}
[...]
,"column":61},"end":{"line":443,"column":79}}],"line":443},"89":{"loc":{"start":{"line":445,"column":19},"end":{"line":445,"column":42}},"type":"cond-expr","locations":[{"start":{"line":445,"column":32},"end":{"line":445,"column":37}},{"start":{"line":445,"column":40},"end":{"line":445,"column":42}}],"line":445},"90":{"loc":{"start":{"line":454,"column":39},"end":{"line":454,"column":58}},"type":"binary-expr","locations":[{"start":{"line":454,"column":39},"end":{"line":454,"column":43}},{"start":{"line":454,"column":47},"end":{"line":454,"column":58}}],"line":454},"91":{"loc":{"start":{"line":462,"column":4},"end":{"line":462,"column":50}},"type":"if","locations":[{"start":{"line":462,"column":4},"end":{"line":462,"column":50}},{"start":{},"end":{}}],"line":462},"92":{"loc":{"start":{"line":462,"column":8},"end":{"line":462,"column":36}},"type":"binary-expr","locations":[{"start":{"line":462,"column":8},"end":{"line":462,"column":20}},{"start":{"line":462,"column":24},"end":{"line":462,"column":36}}],"line":462},"93":{"loc":{"start":{"line":500,"column":114},"end":{"line":500,"column":142}},"type":"binary-expr","locations":[{"start":{"line":500,"column":114},"end":{"line":500,"column":122}},{"start":{"line":500,"column":126},"end":{"line":500,"column":142}}],"line":500},"94":{"loc":{"start":{"line":503,"column":11},"end":{"line":507,"column":11}},"type":"binary-expr","locations":[{"start":{"line":503,"column":11},"end":{"line":503,"column":21}},{"start":{"line":504,"column":12},"end":{"line":506,"column":19}}],"line":503},"95":{"loc":{"start":{"line":508,"column":110},"end":{"line":508,"column":138}},"type":"binary-expr","locations":[{"start":{"line":508,"column":110},"end":{"line":508,"column":118}},{"start":{"line":508,"column":122},"end":{"line":508,"column":138}}],"line":508},"96":{"loc":{"start":{"line":515,"column":19},"end":{"line":515,"column":54}},"type":"cond-expr","locations":[{"start":{"line":515,"column":29},"end":{"line":515,"column":42}},{"start":{"line":515,"column":45},"end":{"line":515,"column":54}}],"line":515},"97":{"loc":{"start":{"line":516,"column":21},"end":{"line":516,"column":60}},"type":"cond-expr","locations":[{"start":{"line":516,"column":31},"end":{"line":516,"column":48}},{"start":{"line":516,"column":51},"end":{"line":516,"column":60}}],"line":516},"98":{"loc":{"start":{"line":544,"column":21},"end":{"line":544,"column":57}},"type":"cond-expr","locations":[{"start":{"line":544,"column":31},"end":{"line":544,"column":45}},{"start":{"line":544,"column":48},"end":{"line":544,"column":57}}],"line":544},"99":{"loc":{"start":{"line":555,"column":7},"end":{"line":563,"column":7}},"type":"binary-expr","locations":[{"start":{"line":555,"column":7},"end":{"line":555,"column":18}},{"start":{"line":556,"column":8},"end":{"line":562,"column":15}}],"line":555},"100":{"loc":{"start":{"line":564,"column":7},"end":{"line":593,"column":7}},"type":"binary-expr","locations":[{"start":{"line":564,"column":7},"end":{"line":564,"column":17}},{"start":{"line":565,"column":8},"end":{"line":592,"column":15}}],"line":564},"101":{"loc":{"start":{"line":570,"column":51},"end":{"line":570,"column":71}},"type":"binary-expr","locations":[{"start":{"line":570,"column":51},"end":{"line":570,"column":59}},{"start":{"line":570,"column":63},"end":{"line":570,"column":71}}],"line":570},"102":{"loc":{"start":{"line":576,"column":42},"end":{"line":576,"column":81}},"type":"binary-expr","locations":[{"start":{"line":576,"column":42},"end":{"line":576,"column":55}},{"start":{"line":576,"column":59},"end":{"line":576,"column":81}}],"line":576},"103":{"loc":{"start":{"line":577,"column":23},"end":{"line":577,"column":49}},"type":"cond-expr","locations":[{"start":{"line":577,"column":39},"end":{"line":577,"column":44}},{"start":{"line":577,"column":47},"end":{"line":577,"column":49}}],"line":577},"104":{"loc":{"start":{"line":579,"column":11},"end":{"line":591,"column":11}},"type":"cond-expr","locations":[{"start":{"line":580,"column":12},"end":{"line":586,"column":19}},{"start":{"line":588,"column":12},"end":{"line":590,"column":19}}],"line":579},"105":{"loc":{"start":{"line":594,"column":7},"end":{"line":594,"column":101}},"type":"cond-expr","locations":[{"start":{"line":594,"column":13},"end":{"line":594,"column":94}},{"start":{"line":594,"column":97},"end":{"line":594,"column":101}}],"line":594},"106":{"loc":{"start":{"line":594,"column":39},"end":{"line":594,"column":79}},"type":"binary-expr","locations":[{"start":{"line":594,"column":39},"end":{"line":594,"column":62}},{"start":{"line":594,"column":66},"end":{"line":594,"column":79}}],"line":594},"107":{"loc":{"start":{"line":602,"column":7},"end":{"line":622,"column":7}},"type":"binary-expr","locations":[{"start":{"line":602,"column":8},"end":{"line":602,"column":22}},{"start":{"line":602,"column":26},"end":{"line":602,"column":45}},{"start":{"line":603,"column":8},"end":{"line":621,"column":15}}],"line":602},"108":{"loc":{"start":{"line":605,"column":13},"end":{"line":611,"column":32}},"type":"cond-expr","locations":[{"start":{"line":606,"column":16},"end":{"line":606,"column":25}},{"start":{"line":607,"column":16},"end":{"line":611,"column":32}}],"line":605},"109":{"loc":{"start":{"line":607,"column":16},"end":{"line":611,"column":32}},"type":"cond-expr","locations":[{"start":{"line":608,"column":18},"end":{"line":608,"column":26}},{"start":{"line":609,"column":18},"end":{"line":611,"column":32}}],"line":607},"110":{"loc":{"start":{"line":609,"column":18},"end":{"line":611,"column":32}},"type":"cond-expr","locations":[{"start":{"line":610,"column":20},"end":{"line":610,"column":31}},{"start":{"line":611,"column":20},"end":{"line":611,"column":32}}],"line":609},"111":{"loc":{"start":{"line":612,"column":13},"end":{"line":614,"column":18}},"type":"cond-expr","locations":[{"start":{"line":613,"column":16},"end":{"line":613,"column":86}},{"start":{"line":614,"column":16},"end":{"line":614,"column":18}}],"line":612},"112":{"loc":{"start":{"line":612,"column":13},"end":{"line":612,"column":88}},"type":"binary-expr","locations":[{"start":{"line":612,"column":13},"end":{"line":612,"column":27}},{"start":{"line":612,"column":31},"end":{"line":612,"column":52}},{"start":{"line":612,"column":56},"end":{"line":612,"column":88}}],"line":612},"113":{"loc":{"start":{"line":613,"column":25},"end":{"line":613,"column":84}},"type":"binary-expr","locations":[{"start":{"line":613,"column":25},"end":{"line":613,"column":59}},{"start":{"line":613,"column":63},"end":{"line":613,"column":84}}],"line":613},"114":{"loc":{"start":{"line":616,"column":11},"end":{"line":620,"column":11}},"type":"binary-expr","locations":[{"start":{"line":616,"column":11},"end":{"line":616,"column":25}},{"start":{"line":617,"column":12},"end":{"line":619,"column":31}}],"line":616},"115":{"loc":{"start":{"line":624,"column":7},"end":{"line":624,"column":73}},"type":"cond-expr","locations":[{"start":{"line":624,"column":19},"end":{"line":624,"column":66}},{"start":{"line":624,"column":69},"end":{"line":624,"column":73}}],"line":624},"116":{"loc":{"start":{"line":625,"column":7},"end":{"line":629,"column":7}},"type":"binary-expr","locations":[{"start":{"line":625,"column":7},"end":{"line":625,"column":15}},{"start":{"line":626,"column":8},"end":{"line":628,"column":15}}],"line":625},"117":{"loc":{"start":{"line":632,"column":7},"end":{"line":689,"column":7}},"type":"binary-expr","locations":[{"start":{"line":632,"column":8},"end":{"line":632,"column":15}},{"start":{"line":632,"column":19},"end":{"line":632,"column":23}},{"start":{"line":632,"column":27},"end":{"line":632,"column":33}},{"start":{"line":632,"column":37},"end":{"line":632,"column":42}},{"start":{"line":633,"column":8},"end":{"line":688,"column":15}}],"line":632},"118":{"loc":{"start":{"line":640,"column":14},"end":{"line":649,"column":20}},"type":"cond-expr","locations":[{"start":{"line":641,"column":18},"end":{"line":648,"column":19}},{"start":{"line":649,"column":18},"end":{"line":649,"column":20}}],"line":640},"119":{"loc":{"start":{"line":645,"column":32},"end":{"line":645,"column":59}},"type":"binary-expr","locations":[{"start":{"line":645,"column":32},"end":{"line":645,"column":36}},{"start":{"line":645,"column":40},"end":{"line":645,"column":59}}],"line":645},"120":{"loc":{"start":{"line":652,"column":11},"end":{"line":669,"column":11}},"type":"binary-expr","locations":[{"start":{"line":652,"column":11},"end":{"line":652,"column":15}},{"start":{"line":652,"column":19},"end":{"line":652,"column":35}},{"start":{"line":653,"column":12},"end":{"line":668,"column":14}}],"line":652},"121":{"loc":{"start":{"line":657,"column":16},"end":{"line":666,"column":22}},"type":"cond-expr","locations":[{"start":{"line":658,"column":20},"end":{"line":665,"column":21}},{"start":{"line":666,"column":20},"end":{"line":666,"column":22}}],"line":657},"122":{"loc":{"start":{"line":662,"column":34},"end":{"line":662,"column":58}},"type":"binary-expr","locations":[{"start":{"line":662,"column":34},"end":{"line":662,"column":38}},{"start":{"line":662,"column":42},"end":{"line":662,"column":58}}],"line":662},"123":{"loc":{"start":{"line":670,"column":11},"end":{"line":670,"column":90}},"type":"binary-expr","locations":[{"start":{"line":670,"column":11},"end":{"line":670,"column":17}},{"start":{"line":670,"column":21},"end":{"line":670,"column":39}},{"start":{"line":670,"column":43},"end":{"line":670,"column":90}}],"line":670},"124":{"loc":{"start":{"line":676,"column":14},"end":{"line":685,"column":20}},"type":"cond-expr","locations":[{"start":{"line":677,"column":18},"end":{"line":684,"column":19}},{"start":{"line":685,"column":18},"end":{"line":685,"column":20}}],"line":676},"125":{"loc":{"start":{"line":681,"column":32},"end":{"line":681,"column":57}},"type":"binary-expr","locations":[{"start":{"line":681,"column":32},"end":{"line":681,"column":36}},{"start":{"line":681,"column":40},"end":{"line":681,"column":57}}],"line":681},"126":{"loc":{"start":{"line":692,"column":7},"end":{"line":700,"column":7}},"type":"binary-expr","locations":[{"start":{"line":692,"column":8},"end":{"line":692,"column":15}},{"start":{"line":692,"column":19},"end":{"line":692,"column":23}},{"start":{"line":692,"column":27},"end":{"line":692,"column":33}},{"start":{"line":692,"column":37},"end":{"line":692,"column":42}},{"start":{"line":693,"column":8},"end":{"line":699,"column":15}}],"line":692},"127":{"loc":{"start":{"line":696,"column":11},"end":{"line":696,"column":87}},"type":"binary-expr","locations":[{"start":{"line":696,"column":11},"end":{"line":696,"column":15}},{"start":{"line":696,"column":19},"end":{"line":696,"column":35}},{"start":{"line":696,"column":39},"end":{"line":696,"column":87}}],"line":696},"128":{"loc":{"start":{"line":697,"column":11},"end":{"line":697,"column":90}},"type":"binary-expr","locations":[{"start":{"line":697,"column":11},"end":{"line":697,"column":17}},{"start":{"line":697,"column":21},"end":{"line":697,"column":39}},{"start":{"line":697,"column":43},"end":{"line":697,"column":90}}],"line":697},"129":{"loc":{"start":{"line":703,"column":7},"end":{"line":780,"column":7}},"type":"binary-expr","locations":[{"start":{"line":703,"column":8},"end":{"line":703,"column":15}},{"start":{"line":703,"column":19},"end":{"line":703,"column":40}},{"start":{"line":704,"column":8},"end":{"line":779,"column":15}}],"line":703},"130":{"loc":{"start":{"line":709,"column":46},"end":{"line":709,"column":73}},"type":"binary-expr","locations":[{"start":{"line":709,"column":46},"end":{"line":709,"column":53}},{"start":{"line":709,"column":57},"end":{"line":709,"column":73}}],"line":709},"131":{"loc":{"start":{"line":709,"column":77},"end":{"line":709,"column":107}},"type":"cond-expr","locations":[{"start":{"line":709,"column":87},"end":{"line":709,"column":94}},{"start":{"line":709,"column":97},"end":{"line":709,"column":107}}],"line":709},"132":{"loc":{"start":{"line":712,"column":46},"end":{"line":712,"column":74}},"type":"binary-expr","locations":[{"start":{"line":712,"column":46},"end":{"line":712,"column":54}},{"start":{"line":712,"column":58},"end":{"line":712,"column":74}}],"line":712},"133":{"loc":{"start":{"line":716,"column":11},"end":{"line":739,"column":11}},"type":"binary-expr","locations":[{"start":{"line":716,"column":11},"end":{"line":716,"column":19}},{"start":{"line":717,"column":12},"end":{"line":738,"column":19}}],"line":716},"134":{"loc":{"start":{"line":740,"column":11},"end":{"line":778,"column":11}},"type":"cond-expr","locations":[{"start":{"line":741,"column":12},"end":{"line":743,"column":19}},{"start":{"line":745,"column":12},"end":{"line":777,"column":15}}],"line":740},"135":{"loc":{"start":{"line":756,"column":15},"end":{"line":776,"column":15}},"type":"binary-expr","locations":[{"start":{"line":756,"column":15},"end":{"line":756,"column":38}},{"start":{"line":757,"column":16},"end":{"line":775,"column":19}}],"line":756},"136":{"loc":{"start":{"line":760,"column":23},"end":{"line":760,"column":50}},"type":"cond-expr","locations":[{"start":{"line":760,"column":41},"end":{"line":760,"column":44}},{"start":{"line":760,"column":47},"end":{"line":760,"column":50}}],"line":760},"137":{"loc":{"start":{"line":763,"column":19},"end":{"line":774,"column":19}},"type":"binary-expr","locations":[{"start":{"line":763,"column":19},"end":{"line":763,"column":34}},{"start":{"line":764,"column":20},"end":{"line":773,"column":27}}],"line":763},"138":{"loc":{"start":{"line":783,"column":7},"end":{"line":802,"column":7}},"type":"binary-expr","locations":[{"start":{"line":783,"column":8},"end":{"line":783,"column":23}},{"start":{"line":783,"column":27},"end":{"line":783,"column":44}},{"start":{"line":784,"column":8},"end":{"line":801,"column":15}}],"line":783},"139":{"loc":{"start":{"line":786,"column":44},"end":{"line":786,"column":92}},"type":"cond-expr","locations":[{"start":{"line":786,"column":60},"end":{"line":786,"column":79}},{"start":{"line":786,"column":82},"end":{"line":786,"column":92}}],"line":786},"140":{"loc":{"start":{"line":788,"column":44},"end":{"line":788,"column":71}},"type":"binary-expr","locations":[{"start":{"line":788,"column":44},"end":{"line":788,"column":50}},{"start":{"line":788,"column":54},"end":{"line":788,"column":71}}],"line":788},"141":{"loc":{"start":{"line":789,"column":17},"end":{"line":789,"column":59}},"type":"cond-expr","locations":[{"start":{"line":789,"column":26},"end":{"line":789,"column":39}},{"start":{"line":789,"column":42},"end":{"line":789,"column":59}}],"line":789},"142":{"loc":{"start":{"line":793,"column":11},"end":{"line":793,"column":69}},"type":"cond-expr","locations":[{"start":{"line":793,"column":19},"end":{"line":793,"column":62}},{"start":{"line":793,"column":65},"end":{"line":793,"column":69}}],"line":793},"143":{"loc":{"start":{"line":818,"column":37},"end":{"line":818,"column":47}},"type":"binary-expr","locations":[{"start":{"line":818,"column":37},"end":{"line":818,"column":41}},{"start":{"line":818,"column":45},"end":{"line":818,"column":47}}],"line":818}},"s":{"0":1,"1":1,"2":1,"3":1,"4":1,"5":1,"6":1,"7":1,"8":0,"9":30,"10":30,"11":30,"12":30,"13":30,"14":30,"15":30,"16":30,"17":30,"18":30,"19":30,"20":30,"21":30,"22":30,"23":30,"24":30,"25":30,"26":30,"27":30,"28":30,"29":1,"30":1,"31":1,"32":1,"33":1,"34":1,"35":1,"36":1,"37":30,"38":13,"39":12,"40":13,"41":13,"42":13,"43":13,"44":12,"45":12,"46":12,"47":12,"48":1,"49":0,"50":0,"51":30,"52":17,"53":30,"54":30,"55":30,"56":30,"57":1,"58":0,"59":1,"60":1,"61":1,"62":1,"63":1,"64":30,"65":2,"66":28,"67":28,"68":28,"69":28,"70":28,"71":28,"72":28,"73":28,"74":28,"75":28,"76":28,"77":28,"78":56,"79":28,"80":28,"81":28,"82":1,"83":1,"84":0,"85":1,"86":1,"87":1,"88":0,"89":0,"90":28,"91":1,"92":0,"93":1,"94":0,"95":0,"96":1,"97":1,"98":0,"99":0,"100":1,"101":1,"102":0,"103":0,"104":1,"105":1,"106":1,"107":1,"108":1,"109":1,"110":1,"111":1,"112":1,"113":1,"114":1,"115":1,"116":1,"117":1,"118":1,"119":0,"120":1,"121":1,"122":1,"123":1,"124":28,"125":0,"126":0,"127":0,"128":0,"129":0,"130":0,"131":0,"132":0,"133":0,"134":0,"135":0,"136":0,"137":0,"138":0,"139":0,"140":0,"141":0,"142":0,"143":0,"144":0,"145":28,"146":28,"147":28,"148":0,"149":0,"150":0,"151":0,"152":0,"153":0,"154":0,"155":0,"156":0,"157":0,"158":0,"159":0,"160":0,"161":0,"162":0,"163":0,"164":0,"165":0,"166":0,"167":0,"168":0,"169":0,"170":0,"171":0,"172":0,"173":0,"174":0,"175":0,"176":0,"177":0,"178":0,"179":0,"180":0,"181":0,"182":0,"183":0,"184":0,"185":0,"186":0,"187":0,"188":0,"189":28,"190":0,"191":0,"192":0,"193":0,"194":0,"195":0,"196":0,"197":0,"198":0,"199":0,"200":0,"201":28,"202":1,"203":0,"204":1,"205":1,"206":1,"207":0,"208":0,"209":1,"210":1,"211":0,"212":0,"213":28,"214":1,"215":1,"216":28,"217":1,"218":1,"219":0,"220":28,"221":1,"222":1,"223":28,"224":0,"225":0,"226":0,"227":0,"228":0,"229":0,"230":0,"231":0,"232":0,"233":0,"234":0,"235":0,"236":0,"237":0,"238":0,"239":0,"240":0,"241":0,"242":0,"243":0,"244":0,"245":0,"246":0,"247":28,"248":28,"249":84,"250":0,"251":84,"252":0,"253":84,"254":28,"255":28,"256":28,"257":28,"258":28,"259":28,"260":140,"261":28,"262":112,"263":56,"264":0,"265":28,"266":84,"267":84,"268":0,"269":0,"270":0,"271":0,"272":0,"273":28,"274":0,"275":1,"276":0,"277":1,"278":0,"279":0,"280":0,"281":0,"282":0,"283":0,"284":0,"285":0,"286":0,"287":0,"288":0,"289":0,"290":0,"291":0,"292":1,"293":0,"294":0,"295":0,"296":0,"297":0,"298":0,"299":0,"300":0,"301":0,"302":0,"303":252,"304":0,"305":0,"306":0,"307":56,"308":1,"309":0,"310":0,"311":28,"312":28,"313":1,"314":30},"f":{"0":0,"1":30,"2":30,"3":1,"4":1,"5":13,"6":13,"7":12,"8":0,"9":17,"10":1,"11":56,"12":28,"13":1,"14":1,"15":1,"16":1,"17":1,"18":0,"19":0,"20":0,"21":0,"22":0,"23":0,"24":0,"25":0,"26":0,"27":0,"28":0,"29":1,"30":1,"31":1,"32":1,"33":0,"34":0,"35":0,"36":84,"37":0,"38":0,"39":140,"40":56,"41":0,"42":84,"43":0,"44":0,"45":0,"46":0,"47":0,"48":1,"49":0,"50":1,"51":0,"52":0,"53":0,"54":0,"55":0,"56":0,"57":0,"58":0,"59":0,"60":0,"61":0,"62":0,"63":0,"64":0,"65":1,"66":0,"67":0,"68":0,"69":0,"70":0,"71":0,"72":252,"73":0,"74":0,"75":0,"76":56,"77":1,"78":0,"79":0,"80":28,"81":30},"b":{"0":[0,1],"1":[0,1],"2":[0,1],"3":[0,1],"4":[0,0],"5":[30,2],"6":[1,1],"7":[1,0],"8":[12,1],"9":[12,1],"10":[12,0],"11":[0,1],"12":[0,0],"13":[28,2],"14":[30,16],"15":[0,1],"16":[2,28],"17":[28,0,0,0,0],"18":[28,0,0],"19":[0,28],"20":[0,28],"21":[28,0],"22":[28,0],"23":[1,0],"24":[0,1],"25":[1,0],"26":[1,0],"27":[0,0],"28":[0,1],"29":[0,1],"30":[0,1],"31":[1,0],"32":[0,1],"33":[1,0],"34":[1,0],"35":[1,0],"36":[1,0],"37":[1,0],"38":[0,1],"39":[1,0],"40":[1,0],"41":[1,0],"42":[0,0],"43":[0,0],"44":[0,0],"45":[0,0],"46":[0,0],"47":[0,0],"48":[0,0],"49":[0,0],"50":[0,0],"51":[0,0],"52":[0,0],"53":[0,0],"54":[0,0],"55":[0,0],"56":[0,0],"57":[0,0],"58":[0,0],"59":[0,0],"60":[0,0],"61":[0,0],"62":[0,0],"63":[0,0],"64":[0,0],"65":[0,0],"66":[0,1],"67":[0,1],"68":[1,0],"69":[0,0],"70":[1,0],"71":[1,0],"72":[1,1],"73":[0,0],"74":[0,0],"75":[0,0],"76":[0,0],"77":[0,0],"78":[0,0],"79":[0,0],"80":[0,0],"81":[28,12],"82":[0,0],"83":[0,0],"84":[0,28],"85":[28,112],"86":[112,56],"87":[112,56],"88":[56,0],"89":[0,56],"90":[112,28],"91":[84,0],"92":[84,84],"93":[28,27],"94":[28,16],"95":[28,27],"96":[0,28],"97":[0,28],"98":[0,28],"99":[28,0],"100":[28,0],"101":[0,0],"102":[0,0],"103":[0,0],"104":[0,0],"105":[1,27],"106":[1,0],"107":[28,28,0],"108":[0,0],"109":[0,0],"110":[0,0],"111":[0,0],"112":[0,0,0],"113":[0,0],"114":[0,0],"115":[0,28],"116":[28,0],"117":[28,0,0,0,28],"118":[28,0],"119":[28,28],"120":[28,0,0],"121":[0,0],"122":[0,0],"123":[28,28,28],"124":[28,0],"125":[28,28],"126":[28,0,0,0,28],"127":[28,0,0],"128":[28,0,0],"129":[28,0,28],"130":[28,0],"131":[0,28],"132":[28,0],"133":[28,0],"134":[0,28],"135":[28,28],"136":[0,28],"137":[28,0],"138":[28,0,28],"139":[0,28],"140":[28,0],"141":[0,28],"142":[0,28],"143":[28,0]},"_coverageSchema":"1a1c01bbd47fc00a2c39e90264f33305004495a9","hash":"7650c6aa9cbfac6a9c179389a75272891165bd9b"}
}
