TN:
SF:App.js
FN:27,App
FN:37,Root
FN:39,(anonymous_2)
FN:49,(anonymous_3)
FN:50,(anonymous_4)
FN:58,(anonymous_5)
FN:60,(anonymous_6)
FN:61,(anonymous_7)
FN:64,(anonymous_8)
FN:69,(anonymous_9)
FN:70,(anonymous_10)
FN:73,(anonymous_11)
FN:75,(anonymous_12)
FN:79,(anonymous_13)
FN:88,(anonymous_14)
FN:94,(anonymous_15)
FN:105,(anonymous_16)
FN:116,(anonymous_17)
FN:116,(anonymous_18)
FN:123,(anonymous_19)
FN:123,(anonymous_20)
FN:132,(anonymous_21)
FN:134,(anonymous_22)
FN:134,(anonymous_23)
FN:146,(anonymous_24)
FN:153,(anonymous_25)
FNF:26
FNH:11
FNDA:4,App
FNDA:8,Root
FNDA:8,(anonymous_2)
FNDA:4,(anonymous_3)
FNDA:0,(anonymous_4)
FNDA:4,(anonymous_5)
FNDA:4,(anonymous_6)
FNDA:0,(anonymous_7)
FNDA:0,(anonymous_8)
FNDA:0,(anonymous_9)
FNDA:0,(anonymous_10)
FNDA:0,(anonymous_11)
FNDA:0,(anonymous_12)
FNDA:32,(anonymous_13)
FNDA:32,(anonymous_14)
FNDA:2,(anonymous_15)
FNDA:1,(anonymous_16)
FNDA:0,(anonymous_17)
FNDA:0,(anonymous_18)
FNDA:0,(anonymous_19)
FNDA:0,(anonymous_20)
FNDA:0,(anonymous_21)
FNDA:0,(anonymous_22)
FNDA:0,(anonymous_23)
FNDA:0,(anonymous_24)
FNDA:8,(anonymous_25)
DA:16,1
DA:28,4
DA:38,8
DA:39,8
DA:40,8
DA:41,8
DA:42,8
DA:43,8
DA:44,8
DA:45,8
DA:49,8
DA:50,4
DA:57,8
DA:58,8
DA:59,4
DA:60,4
DA:61,0
DA:64,8
DA:65,0
DA:66,0
DA:69,8
DA:70,0
DA:71,0
DA:73,8
DA:74,0
DA:75,0
DA:76,0
DA:79,32
DA:81,8
DA:89,32
DA:90,32
DA:94,2
DA:105,1
DA:116,0
DA:123,0
DA:132,0
DA:134,0
DA:146,0
DA:151,1
DA:153,1
DA:154,8
LF:41
LH:28
BRDA:79,0,0,8
BRDA:79,0,1,24
BRDA:83,1,0,0
BRDA:83,1,1,8
BRDA:93,2,0,32
BRDA:93,2,1,8
BRDA:97,3,0,32
BRDA:97,3,1,8
BRF:8
BRH:7
end_of_record
TN:
SF:components\BlockPalette.js
FN:25,BlockPalette
FN:27,(anonymous_1)
FN:32,(anonymous_2)
FN:35,(anonymous_3)
FN:37,filterItems
FN:57,(anonymous_5)
FN:58,(anonymous_6)
FN:58,(anonymous_7)
FN:60,(anonymous_8)
FN:64,(anonymous_9)
FN:68,(anonymous_10)
FN:72,(anonymous_11)
FN:86,(anonymous_12)
FN:116,(anonymous_13)
FN:118,(anonymous_14)
FN:123,(anonymous_15)
FN:146,(anonymous_16)
FN:148,(anonymous_17)
FN:150,(anonymous_18)
FN:156,(anonymous_19)
FN:174,(anonymous_20)
FN:180,(anonymous_21)
FN:193,(anonymous_22)
FN:214,SubTab
FN:216,(anonymous_24)
FN:229,(anonymous_25)
FNF:26
FNH:18
FNDA:5,BlockPalette
FNDA:5,(anonymous_1)
FNDA:3,(anonymous_2)
FNDA:6,(anonymous_3)
FNDA:10,filterItems
FNDA:10,(anonymous_5)
FNDA:10,(anonymous_6)
FNDA:7,(anonymous_7)
FNDA:7,(anonymous_8)
FNDA:0,(anonymous_9)
FNDA:1,(anonymous_10)
FNDA:0,(anonymous_11)
FNDA:0,(anonymous_12)
FNDA:7,(anonymous_13)
FNDA:10,(anonymous_14)
FNDA:0,(anonymous_15)
FNDA:6,(anonymous_16)
FNDA:0,(anonymous_17)
FNDA:0,(anonymous_18)
FNDA:0,(anonymous_19)
FNDA:7,(anonymous_20)
FNDA:0,(anonymous_21)
FNDA:1,(anonymous_22)
FNDA:3,SubTab
FNDA:3,(anonymous_24)
FNDA:8,(anonymous_25)
DA:16,1
DA:26,5
DA:27,5
DA:28,5
DA:29,5
DA:30,5
DA:32,5
DA:34,5
DA:35,5
DA:36,6
DA:38,10
DA:39,4
DA:40,4
DA:41,6
DA:42,6
DA:43,0
DA:44,0
DA:45,0
DA:46,0
DA:47,0
DA:49,0
DA:50,6
DA:51,1
DA:54,4
DA:56,5
DA:57,10
DA:58,10
DA:60,7
DA:61,5
DA:62,5
DA:64,5
DA:67,5
DA:68,2
DA:69,3
DA:70,3
DA:72,0
DA:73,0
DA:83,5
DA:86,0
DA:89,5
DA:117,7
DA:118,10
DA:119,7
DA:124,0
DA:125,0
DA:146,6
DA:148,0
DA:151,0
DA:156,0
DA:175,7
DA:180,0
DA:193,1
DA:215,3
DA:216,3
DA:217,3
DA:229,1
DA:230,8
LF:57
LH:42
BRDA:36,0,0,6
BRDA:36,0,1,5
BRDA:36,1,0,6
BRDA:36,1,1,0
BRDA:36,2,0,5
BRDA:36,2,1,0
BRDA:38,3,0,6
BRDA:38,3,1,4
BRDA:42,4,0,0
BRDA:42,4,1,6
BRDA:44,5,0,0
BRDA:44,5,1,0
BRDA:45,6,0,0
BRDA:45,6,1,0
BRDA:49,7,0,0
BRDA:49,7,1,0
BRDA:50,8,0,1
BRDA:50,8,1,5
BRDA:60,9,0,5
BRDA:60,9,1,5
BRDA:60,9,2,1
BRDA:62,10,0,4
BRDA:62,10,1,1
BRDA:64,11,0,5
BRDA:64,11,1,0
BRDA:64,12,0,5
BRDA:64,12,1,0
BRDA:67,13,0,2
BRDA:67,13,1,3
BRDA:68,14,0,1
BRDA:68,14,1,1
BRDA:69,15,0,3
BRDA:69,15,1,0
BRDA:70,16,0,3
BRDA:70,16,1,0
BRDA:73,17,0,0
BRDA:73,17,1,0
BRDA:75,18,0,0
BRDA:75,18,1,0
BRDA:83,19,0,3
BRDA:83,19,1,2
BRDA:84,20,0,3
BRDA:84,20,1,0
BRDA:110,21,0,1
BRDA:110,21,1,4
BRDA:117,22,0,7
BRDA:117,22,1,7
BRDA:122,23,0,7
BRDA:122,23,1,4
BRDA:129,24,0,7
BRDA:129,24,1,4
BRDA:130,25,0,7
BRDA:130,25,1,4
BRDA:131,26,0,7
BRDA:131,26,1,4
BRDA:142,27,0,4
BRDA:142,27,1,3
BRDA:146,28,0,3
BRDA:146,28,1,0
BRDA:162,29,0,3
BRDA:162,29,1,1
BRDA:175,30,0,0
BRDA:175,30,1,7
BRDA:176,31,0,0
BRDA:176,31,1,0
BRDA:199,32,0,4
BRDA:199,32,1,0
BRDA:219,33,0,3
BRDA:219,33,1,3
BRDA:223,34,0,3
BRDA:223,34,1,3
BRDA:224,35,0,3
BRDA:224,35,1,3
BRF:73
BRH:50
end_of_record
TN:
SF:components\BuiltinBrowser.js
FN:21,BuiltinBrowser
FN:23,(anonymous_1)
FN:26,(anonymous_2)
FN:26,(anonymous_3)
FN:27,(anonymous_4)
FN:27,(anonymous_5)
FN:30,(anonymous_6)
FN:31,(anonymous_7)
FN:33,(anonymous_8)
FN:34,(anonymous_9)
FN:55,(anonymous_10)
FN:60,(anonymous_11)
FN:66,(anonymous_12)
FN:71,(anonymous_13)
FN:85,(anonymous_14)
FNF:15
FNH:15
FNDA:6,BuiltinBrowser
FNDA:6,(anonymous_1)
FNDA:3,(anonymous_2)
FNDA:6,(anonymous_3)
FNDA:3,(anonymous_4)
FNDA:6,(anonymous_5)
FNDA:6,(anonymous_6)
FNDA:6,(anonymous_7)
FNDA:1,(anonymous_8)
FNDA:1,(anonymous_9)
FNDA:1,(anonymous_10)
FNDA:1,(anonymous_11)
FNDA:2,(anonymous_12)
FNDA:1,(anonymous_13)
FNDA:6,(anonymous_14)
DA:14,1
DA:22,6
DA:23,6
DA:24,6
DA:26,6
DA:27,6
DA:29,6
DA:30,6
DA:31,6
DA:33,6
DA:34,6
DA:35,1
DA:37,6
DA:56,1
DA:60,1
DA:67,2
DA:71,1
DA:85,1
DA:86,6
LF:19
LH:19
BRDA:30,0,0,3
BRDA:30,0,1,3
BRDA:31,1,0,3
BRDA:31,1,1,3
BRDA:33,2,0,1
BRDA:33,2,1,0
BRDA:35,3,0,1
BRDA:35,3,1,0
BRDA:48,4,0,3
BRDA:48,4,1,3
BRDA:54,5,0,3
BRDA:54,5,1,1
BRDA:65,6,0,3
BRDA:65,6,1,2
BRDA:76,7,0,3
BRDA:76,7,1,2
BRDA:76,7,2,0
BRF:17
BRH:14
end_of_record
TN:
SF:components\ContentColumn.js
FN:19,ContentColumn
FNF:1
FNH:1
FNDA:26,ContentColumn
DA:20,26
DA:21,26
DA:22,25
DA:24,1
LF:4
LH:4
BRDA:21,0,0,25
BRDA:21,0,1,1
BRDA:26,1,0,1
BRDA:26,1,1,0
BRF:4
BRH:3
end_of_record
TN:
SF:components\DplMiniEditor.js
FN:23,DplMiniEditor
FN:25,(anonymous_1)
FN:32,(anonymous_2)
FN:55,(anonymous_3)
FNF:4
FNH:4
FNDA:15,DplMiniEditor
FNDA:15,(anonymous_1)
FNDA:91,(anonymous_2)
FNDA:15,(anonymous_3)
DA:12,2
DA:13,2
DA:24,15
DA:25,15
DA:26,15
DA:28,15
DA:33,91
DA:55,2
DA:56,15
LF:9
LH:9
BRDA:23,0,0,0
BRDA:23,1,0,15
BRDA:26,2,0,14
BRDA:26,2,1,1
BRF:4
BRH:3
end_of_record
TN:
SF:components\InsertMenu.js
FN:10,useExamples
FN:12,(anonymous_1)
FN:17,(anonymous_2)
FN:22,(anonymous_3)
FN:29,(anonymous_4)
FN:41,InsertMenu
FN:43,(anonymous_6)
FN:46,(anonymous_7)
FN:50,(anonymous_8)
FN:54,(anonymous_9)
FN:63,(anonymous_10)
FN:83,(anonymous_11)
FN:87,(anonymous_12)
FN:102,(anonymous_13)
FN:110,(anonymous_14)
FN:114,(anonymous_15)
FN:138,(anonymous_16)
FNF:17
FNH:16
FNDA:7,useExamples
FNDA:3,(anonymous_1)
FNDA:3,(anonymous_2)
FNDA:1,(anonymous_3)
FNDA:1,(anonymous_4)
FNDA:7,InsertMenu
FNDA:7,(anonymous_6)
FNDA:37,(anonymous_7)
FNDA:1,(anonymous_8)
FNDA:1,(anonymous_9)
FNDA:1,(anonymous_10)
FNDA:35,(anonymous_11)
FNDA:1,(anonymous_12)
FNDA:0,(anonymous_13)
FNDA:6,(anonymous_14)
FNDA:1,(anonymous_15)
FNDA:7,(anonymous_16)
DA:11,7
DA:12,7
DA:13,3
DA:14,2
DA:15,2
DA:17,3
DA:18,1
DA:19,0
DA:20,0
DA:22,1
DA:23,1
DA:24,2
DA:25,1
DA:27,1
DA:28,1
DA:29,1
DA:31,7
DA:42,7
DA:43,7
DA:44,7
DA:45,7
DA:46,37
DA:47,7
DA:48,7
DA:50,7
DA:51,1
DA:52,1
DA:54,7
DA:55,1
DA:56,1
DA:59,7
DA:63,1
DA:84,35
DA:87,1
DA:102,0
DA:111,6
DA:114,1
DA:138,1
DA:139,7
LF:39
LH:36
BRDA:13,0,0,2
BRDA:13,0,1,1
BRDA:18,1,0,0
BRDA:18,1,1,1
BRDA:46,2,0,7
BRDA:46,2,1,5
BRDA:47,3,0,3
BRDA:47,3,1,4
BRDA:62,4,0,7
BRDA:62,4,1,3
BRDA:74,5,0,5
BRDA:74,5,1,2
BRDA:120,6,0,6
BRDA:120,6,1,4
BRDA:123,7,0,4
BRDA:123,7,1,2
BRF:16
BRH:15
end_of_record
TN:
SF:components\ManageBlockEditor.js
FN:51,ManageBlockEditor
FN:53,(anonymous_1)
FN:73,(anonymous_2)
FN:75,(anonymous_3)
FN:89,(anonymous_4)
FN:94,(anonymous_5)
FN:105,(anonymous_6)
FN:120,(anonymous_7)
FN:125,(anonymous_8)
FN:132,(anonymous_9)
FN:160,(anonymous_10)
FN:161,(anonymous_11)
FN:171,(anonymous_12)
FN:205,(anonymous_13)
FN:205,(anonymous_14)
FN:214,(anonymous_15)
FN:217,(anonymous_16)
FN:226,(anonymous_17)
FN:226,(anonymous_18)
FN:231,(anonymous_19)
FN:234,(anonymous_20)
FN:244,(anonymous_21)
FN:256,(anonymous_22)
FN:265,(anonymous_23)
FN:277,(anonymous_24)
FN:331,(anonymous_25)
FNF:26
FNH:15
FNDA:25,ManageBlockEditor
FNDA:25,(anonymous_1)
FNDA:10,(anonymous_2)
FNDA:10,(anonymous_3)
FNDA:10,(anonymous_4)
FNDA:1,(anonymous_5)
FNDA:0,(anonymous_6)
FNDA:1,(anonymous_7)
FNDA:1,(anonymous_8)
FNDA:2,(anonymous_9)
FNDA:1,(anonymous_10)
FNDA:1,(anonymous_11)
FNDA:0,(anonymous_12)
FNDA:0,(anonymous_13)
FNDA:0,(anonymous_14)
FNDA:0,(anonymous_15)
FNDA:0,(anonymous_16)
FNDA:0,(anonymous_17)
FNDA:0,(anonymous_18)
FNDA:70,(anonymous_19)
FNDA:0,(anonymous_20)
FNDA:1,(anonymous_21)
FNDA:0,(anonymous_22)
FNDA:0,(anonymous_23)
FNDA:1,(anonymous_24)
FNDA:25,(anonymous_25)
DA:28,2
DA:43,2
DA:52,25
DA:53,25
DA:54,25
DA:55,25
DA:57,25
DA:58,25
DA:59,25
DA:60,25
DA:61,25
DA:62,25
DA:63,25
DA:64,25
DA:65,25
DA:66,25
DA:67,25
DA:70,25
DA:71,25
DA:73,25
DA:74,10
DA:75,10
DA:76,10
DA:81,10
DA:82,10
DA:83,10
DA:84,10
DA:85,10
DA:86,10
DA:87,10
DA:89,10
DA:90,10
DA:94,25
DA:95,1
DA:96,1
DA:97,1
DA:101,1
DA:102,1
DA:105,25
DA:106,0
DA:107,0
DA:108,0
DA:110,0
DA:111,0
DA:112,0
DA:116,0
DA:117,0
DA:120,25
DA:121,1
DA:122,1
DA:125,25
DA:126,1
DA:127,1
DA:132,25
DA:133,2
DA:134,2
DA:135,0
DA:136,0
DA:138,2
DA:139,2
DA:140,2
DA:141,2
DA:142,2
DA:143,2
DA:144,2
DA:145,2
DA:146,2
DA:147,0
DA:148,0
DA:150,2
DA:151,2
DA:152,2
DA:154,0
DA:156,2
DA:160,25
DA:161,25
DA:162,1
DA:163,1
DA:164,1
DA:165,0
DA:168,25
DA:171,0
DA:205,0
DA:214,0
DA:217,0
DA:226,0
DA:232,70
DA:234,0
DA:244,1
DA:256,0
DA:266,0
DA:267,0
DA:278,1
DA:279,1
DA:331,2
DA:332,25
LF:96
LH:73
BRDA:54,0,0,1
BRDA:54,0,1,24
BRDA:71,1,0,25
BRDA:71,1,1,21
BRDA:81,2,0,0
BRDA:81,2,1,10
BRDA:84,3,0,10
BRDA:84,3,1,2
BRDA:96,4,0,0
BRDA:96,4,1,1
BRDA:98,5,0,1
BRDA:98,5,1,0
BRDA:99,6,0,0
BRDA:99,6,1,1
BRDA:107,7,0,0
BRDA:107,7,1,0
BRDA:107,8,0,0
BRDA:107,8,1,0
BRDA:108,9,0,0
BRDA:108,9,1,0
BRDA:111,10,0,0
BRDA:111,10,1,0
BRDA:113,11,0,0
BRDA:113,11,1,0
BRDA:114,12,0,0
BRDA:114,12,1,0
BRDA:133,13,0,0
BRDA:133,13,1,2
BRDA:134,14,0,0
BRDA:134,14,1,2
BRDA:134,15,0,2
BRDA:134,15,1,0
BRDA:135,16,0,0
BRDA:135,16,1,0
BRDA:143,17,0,2
BRDA:143,17,1,2
BRDA:145,18,0,2
BRDA:145,18,1,0
BRDA:146,19,0,0
BRDA:146,19,1,2
BRDA:152,20,0,1
BRDA:152,20,1,1
BRDA:152,21,0,0
BRDA:152,21,1,1
BRDA:154,22,0,0
BRDA:154,22,1,0
BRDA:163,23,0,0
BRDA:163,23,1,1
BRDA:164,24,0,1
BRDA:164,24,1,0
BRDA:192,25,0,25
BRDA:192,25,1,25
BRDA:206,26,0,25
BRDA:206,26,1,0
BRDA:207,27,0,0
BRDA:207,27,1,25
BRDA:212,28,0,25
BRDA:212,28,1,1
BRDA:214,29,0,1
BRDA:214,29,1,0
BRDA:215,30,0,1
BRDA:215,30,1,0
BRDA:217,31,0,1
BRDA:217,31,1,1
BRDA:218,32,0,1
BRDA:218,32,1,1
BRDA:223,33,0,25
BRDA:223,33,1,15
BRDA:223,33,2,14
BRDA:226,34,0,0
BRDA:226,34,1,0
BRDA:226,35,0,0
BRDA:226,35,1,0
BRDA:229,36,0,14
BRDA:229,36,1,2
BRDA:230,37,0,2
BRDA:230,37,1,12
BRDA:237,38,0,60
BRDA:237,38,1,10
BRDA:247,39,0,60
BRDA:247,39,1,10
BRDA:259,40,0,12
BRDA:259,40,1,2
BRDA:264,41,0,14
BRDA:264,41,1,0
BRDA:266,42,0,0
BRDA:266,42,1,0
BRDA:271,43,0,12
BRDA:271,43,1,2
BRDA:276,44,0,14
BRDA:276,44,1,2
BRDA:278,45,0,0
BRDA:278,45,1,1
BRDA:283,46,0,12
BRDA:283,46,1,2
BRDA:288,47,0,14
BRDA:288,47,1,2
BRDA:290,48,0,14
BRDA:290,48,1,2
BRDA:296,49,0,2
BRDA:296,49,1,0
BRDA:302,50,0,0
BRDA:302,50,1,2
BRDA:306,51,0,0
BRDA:306,51,1,14
BRDA:311,52,0,25
BRDA:311,52,1,15
BRDA:311,52,2,1
BRDA:311,52,3,1
BRDA:316,53,0,25
BRDA:316,53,1,24
BRDA:326,54,0,3
BRDA:326,54,1,22
BRDA:420,55,0,25
BRDA:420,55,1,0
BRF:115
BRH:71
end_of_record
TN:
SF:components\ManageTree.js
FN:13,countEntries
FN:19,Entry
FN:22,(anonymous_2)
FN:27,(anonymous_3)
FN:34,FolderNode
FN:39,(anonymous_5)
FN:39,(anonymous_6)
FN:44,(anonymous_7)
FN:50,(anonymous_8)
FN:61,(anonymous_9)
FN:79,ManageTree
FN:81,(anonymous_11)
FN:86,(anonymous_12)
FN:97,(anonymous_13)
FN:104,(anonymous_14)
FNF:15
FNH:14
FNDA:5,countEntries
FNDA:42,Entry
FNDA:5,(anonymous_2)
FNDA:2,(anonymous_3)
FNDA:5,FolderNode
FNDA:1,(anonymous_5)
FNDA:1,(anonymous_6)
FNDA:1,(anonymous_7)
FNDA:0,(anonymous_8)
FNDA:4,(anonymous_9)
FNDA:56,ManageTree
FNDA:56,(anonymous_11)
FNDA:4,(anonymous_12)
FNDA:38,(anonymous_13)
FNDA:56,(anonymous_14)
DA:14,5
DA:15,5
DA:16,5
DA:20,42
DA:22,5
DA:27,2
DA:35,5
DA:36,5
DA:39,1
DA:44,1
DA:51,0
DA:62,4
DA:80,56
DA:81,56
DA:82,56
DA:83,56
DA:84,28
DA:87,4
DA:98,38
DA:104,2
DA:105,56
LF:21
LH:20
BRDA:23,0,0,18
BRDA:23,0,1,24
BRDA:25,1,0,0
BRDA:25,1,1,42
BRDA:37,2,0,0
BRDA:37,2,1,5
BRDA:40,3,0,4
BRDA:40,3,1,1
BRDA:48,4,0,5
BRDA:48,4,1,4
BRDA:82,5,0,56
BRDA:82,5,1,52
BRDA:83,6,0,28
BRDA:83,6,1,28
BRF:14
BRH:12
end_of_record
TN:
SF:components\OverflowMenu.js
FN:76,(anonymous_0)
FN:76,(anonymous_1)
FN:86,OverflowMenu
FN:108,(anonymous_3)
FN:114,(anonymous_4)
FN:116,(anonymous_5)
FN:118,(anonymous_6)
FN:120,(anonymous_7)
FN:124,(anonymous_8)
FN:126,(anonymous_9)
FN:133,(anonymous_10)
FN:147,(anonymous_11)
FN:150,(anonymous_12)
FN:169,(anonymous_13)
FN:173,(anonymous_14)
FN:178,(anonymous_15)
FN:208,(anonymous_16)
FN:213,(anonymous_17)
FN:218,(anonymous_18)
FN:224,(anonymous_19)
FN:228,(anonymous_20)
FN:232,(anonymous_21)
FN:239,(anonymous_22)
FN:242,(anonymous_23)
FN:243,(anonymous_24)
FN:264,(anonymous_25)
FN:264,(anonymous_26)
FN:265,(anonymous_27)
FN:268,(anonymous_28)
FN:268,(anonymous_29)
FN:269,(anonymous_30)
FN:282,(anonymous_31)
FN:283,(anonymous_32)
FN:284,(anonymous_33)
FN:297,(anonymous_34)
FN:298,(anonymous_35)
FN:298,(anonymous_36)
FN:299,(anonymous_37)
FN:302,(anonymous_38)
FN:302,(anonymous_39)
FN:303,(anonymous_40)
FN:319,(anonymous_41)
FN:326,(anonymous_42)
FN:331,(anonymous_43)
FN:341,(anonymous_44)
FN:362,(anonymous_45)
FN:365,(anonymous_46)
FN:374,(anonymous_47)
FN:377,(anonymous_48)
FN:390,(anonymous_49)
FN:393,(anonymous_50)
FN:410,KeyField
FN:413,(anonymous_52)
FN:415,(anonymous_53)
FN:416,(anonymous_54)
FN:420,(anonymous_55)
FN:443,(anonymous_56)
FN:452,(anonymous_57)
FNF:58
FNH:30
FNDA:1,(anonymous_0)
FNDA:0,(anonymous_1)
FNDA:11,OverflowMenu
FNDA:11,(anonymous_3)
FNDA:11,(anonymous_4)
FNDA:0,(anonymous_5)
FNDA:0,(anonymous_6)
FNDA:0,(anonymous_7)
FNDA:5,(anonymous_8)
FNDA:0,(anonymous_9)
FNDA:52,(anonymous_10)
FNDA:5,(anonymous_11)
FNDA:0,(anonymous_12)
FNDA:0,(anonymous_13)
FNDA:1,(anonymous_14)
FNDA:0,(anonymous_15)
FNDA:1,(anonymous_16)
FNDA:1,(anonymous_17)
FNDA:1,(anonymous_18)
FNDA:0,(anonymous_19)
FNDA:1,(anonymous_20)
FNDA:1,(anonymous_21)
FNDA:18,(anonymous_22)
FNDA:48,(anonymous_23)
FNDA:0,(anonymous_24)
FNDA:15,(anonymous_25)
FNDA:3,(anonymous_26)
FNDA:1,(anonymous_27)
FNDA:15,(anonymous_28)
FNDA:12,(anonymous_29)
FNDA:0,(anonymous_30)
FNDA:0,(anonymous_31)
FNDA:18,(anonymous_32)
FNDA:0,(anonymous_33)
FNDA:0,(anonymous_34)
FNDA:17,(anonymous_35)
FNDA:3,(anonymous_36)
FNDA:0,(anonymous_37)
FNDA:17,(anonymous_38)
FNDA:14,(anonymous_39)
FNDA:0,(anonymous_40)
FNDA:0,(anonymous_41)
FNDA:0,(anonymous_42)
FNDA:0,(anonymous_43)
FNDA:0,(anonymous_44)
FNDA:3,(anonymous_45)
FNDA:1,(anonymous_46)
FNDA:2,(anonymous_47)
FNDA:0,(anonymous_48)
FNDA:1,(anonymous_49)
FNDA:0,(anonymous_50)
FNDA:0,KeyField
FNDA:0,(anonymous_52)
FNDA:0,(anonymous_53)
FNDA:0,(anonymous_54)
FNDA:0,(anonymous_55)
FNDA:0,(anonymous_56)
FNDA:11,(anonymous_57)
DA:42,1
DA:44,1
DA:51,1
DA:53,1
DA:70,1
DA:76,1
DA:107,11
DA:108,11
DA:109,11
DA:111,11
DA:112,11
DA:113,11
DA:114,11
DA:116,11
DA:117,0
DA:118,0
DA:120,11
DA:121,0
DA:122,0
DA:124,11
DA:125,5
DA:126,0
DA:133,11
DA:134,52
DA:147,11
DA:150,11
DA:151,0
DA:169,11
DA:170,0
DA:173,11
DA:174,1
DA:178,0
DA:191,11
DA:208,1
DA:213,1
DA:218,1
DA:224,0
DA:228,1
DA:232,1
DA:240,18
DA:243,48
DA:264,15
DA:265,3
DA:268,15
DA:269,12
DA:282,0
DA:284,18
DA:297,0
DA:298,17
DA:299,3
DA:302,17
DA:303,14
DA:320,0
DA:321,0
DA:327,0
DA:328,0
DA:329,0
DA:330,0
DA:331,0
DA:341,0
DA:363,3
DA:364,3
DA:365,1
DA:375,2
DA:376,2
DA:377,0
DA:391,1
DA:392,1
DA:393,0
DA:411,0
DA:412,0
DA:413,0
DA:414,0
DA:415,0
DA:416,0
DA:417,0
DA:420,0
DA:421,0
DA:423,0
DA:424,0
DA:426,0
DA:443,0
DA:452,1
DA:453,11
LF:84
LH:50
BRDA:76,0,0,1
BRDA:76,0,1,1
BRDA:76,1,0,1
BRDA:76,1,1,0
BRDA:112,2,0,0
BRDA:112,2,1,11
BRDA:113,3,0,0
BRDA:113,3,1,11
BRDA:114,4,0,11
BRDA:114,4,1,0
BRDA:137,5,0,27
BRDA:137,5,1,25
BRDA:143,6,0,52
BRDA:143,6,1,3
BRDA:177,7,0,1
BRDA:177,7,1,1
BRDA:206,8,0,11
BRDA:206,8,1,6
BRDA:210,9,0,6
BRDA:210,9,1,0
BRDA:215,10,0,0
BRDA:215,10,1,6
BRDA:220,11,0,0
BRDA:220,11,1,6
BRDA:241,12,0,18
BRDA:241,12,1,12
BRDA:249,13,0,48
BRDA:249,13,1,30
BRDA:260,14,0,11
BRDA:260,14,1,1
BRDA:271,15,0,1
BRDA:271,15,1,1
BRDA:271,15,2,1
BRDA:272,16,0,1
BRDA:272,16,1,1
BRDA:272,16,2,0
BRDA:272,16,3,0
BRDA:273,17,0,1
BRDA:273,17,1,1
BRDA:273,17,2,0
BRDA:278,18,0,11
BRDA:278,18,1,1
BRDA:286,19,0,1
BRDA:286,19,1,0
BRDA:287,20,0,1
BRDA:287,20,1,0
BRDA:287,20,2,0
BRDA:293,21,0,11
BRDA:293,21,1,1
BRDA:305,22,0,1
BRDA:305,22,1,0
BRDA:305,22,2,0
BRDA:306,23,0,1
BRDA:306,23,1,0
BRDA:306,23,2,0
BRDA:307,24,0,1
BRDA:307,24,1,0
BRDA:307,24,2,0
BRDA:313,25,0,11
BRDA:313,25,1,0
BRDA:316,26,0,0
BRDA:316,26,1,0
BRDA:316,27,0,0
BRDA:316,27,1,0
BRDA:319,28,0,0
BRDA:319,28,1,0
BRDA:320,29,0,0
BRDA:320,29,1,0
BRDA:324,30,0,0
BRDA:324,30,1,0
BRDA:327,31,0,0
BRDA:327,31,1,0
BRDA:328,32,0,0
BRDA:328,32,1,0
BRDA:331,33,0,0
BRDA:331,33,1,0
BRDA:332,34,0,0
BRDA:332,34,1,0
BRDA:340,35,0,0
BRDA:340,35,1,0
BRDA:342,36,0,0
BRDA:342,36,1,0
BRDA:346,37,0,0
BRDA:346,37,1,0
BRDA:346,38,0,0
BRDA:346,38,1,0
BRDA:357,39,0,11
BRDA:357,39,1,1
BRDA:365,40,0,3
BRDA:365,40,1,1
BRDA:366,41,0,1
BRDA:366,41,1,2
BRDA:367,42,0,3
BRDA:367,42,1,1
BRDA:377,43,0,2
BRDA:377,43,1,1
BRDA:387,44,0,11
BRDA:387,44,1,1
BRDA:395,45,0,1
BRDA:395,45,1,1
BRDA:415,46,0,0
BRDA:415,46,1,0
BRDA:415,47,0,0
BRDA:415,47,1,0
BRDA:424,48,0,0
BRDA:424,48,1,0
BRDA:432,49,0,0
BRDA:432,49,1,0
BRDA:439,50,0,0
BRDA:439,50,1,0
BRDA:440,51,0,0
BRDA:440,51,1,0
BRDA:442,52,0,0
BRDA:442,52,1,0
BRF:114
BRH:54
end_of_record
TN:
SF:lib\blockCatalog.js
FN:15,(anonymous_0)
FN:16,(anonymous_1)
FN:19,(anonymous_2)
FN:39,(anonymous_3)
FN:63,getBlocks
FN:71,(anonymous_5)
FN:75,(anonymous_6)
FN:78,(anonymous_7)
FN:79,(anonymous_8)
FN:87,(anonymous_9)
FN:96,(anonymous_10)
FN:101,(anonymous_11)
FN:107,(anonymous_12)
FN:109,(anonymous_13)
FN:114,(anonymous_14)
FN:133,(anonymous_15)
FN:138,(anonymous_16)
FN:155,(anonymous_17)
FN:166,(anonymous_18)
FN:168,(anonymous_19)
FN:169,(anonymous_20)
FN:170,(anonymous_21)
FN:173,(anonymous_22)
FN:175,(anonymous_23)
FN:176,(anonymous_24)
FN:198,getDplCompletions
FNF:26
FNH:0
FNDA:0,(anonymous_0)
FNDA:0,(anonymous_1)
FNDA:0,(anonymous_2)
FNDA:0,(anonymous_3)
FNDA:0,getBlocks
FNDA:0,(anonymous_5)
FNDA:0,(anonymous_6)
FNDA:0,(anonymous_7)
FNDA:0,(anonymous_8)
FNDA:0,(anonymous_9)
FNDA:0,(anonymous_10)
FNDA:0,(anonymous_11)
FNDA:0,(anonymous_12)
FNDA:0,(anonymous_13)
FNDA:0,(anonymous_14)
FNDA:0,(anonymous_15)
FNDA:0,(anonymous_16)
FNDA:0,(anonymous_17)
FNDA:0,(anonymous_18)
FNDA:0,(anonymous_19)
FNDA:0,(anonymous_20)
FNDA:0,(anonymous_21)
FNDA:0,(anonymous_22)
FNDA:0,(anonymous_23)
FNDA:0,(anonymous_24)
FNDA:0,getDplCompletions
DA:14,0
DA:15,0
DA:16,0
DA:19,0
DA:39,0
DA:64,0
DA:66,0
DA:67,0
DA:68,0
DA:69,0
DA:71,0
DA:72,0
DA:73,0
DA:75,0
DA:78,0
DA:79,0
DA:80,0
DA:81,0
DA:82,0
DA:83,0
DA:84,0
DA:85,0
DA:87,0
DA:88,0
DA:89,0
DA:90,0
DA:91,0
DA:96,0
DA:101,0
DA:106,0
DA:107,0
DA:108,0
DA:109,0
DA:110,0
DA:111,0
DA:114,0
DA:115,0
DA:116,0
DA:117,0
DA:118,0
DA:119,0
DA:120,0
DA:121,0
DA:122,0
DA:123,0
DA:125,0
DA:126,0
DA:127,0
DA:133,0
DA:138,0
DA:142,0
DA:155,0
DA:156,0
DA:157,0
DA:158,0
DA:159,0
DA:160,0
DA:161,0
DA:163,0
DA:166,0
DA:167,0
DA:168,0
DA:169,0
DA:170,0
DA:173,0
DA:174,0
DA:175,0
DA:176,0
DA:179,0
DA:199,0
DA:200,0
DA:201,0
DA:202,0
DA:203,0
DA:204,0
DA:205,0
DA:206,0
DA:207,0
DA:217,0
LF:79
LH:0
BRDA:15,0,0,0
BRDA:15,0,1,0
BRDA:63,1,0,0
BRDA:73,2,0,0
BRDA:73,2,1,0
BRDA:73,2,2,0
BRDA:75,3,0,0
BRDA:75,3,1,0
BRDA:79,4,0,0
BRDA:79,4,1,0
BRDA:83,5,0,0
BRDA:83,5,1,0
BRDA:84,6,0,0
BRDA:84,6,1,0
BRDA:88,7,0,0
BRDA:88,7,1,0
BRDA:90,8,0,0
BRDA:90,8,1,0
BRDA:92,9,0,0
BRDA:92,9,1,0
BRDA:108,10,0,0
BRDA:108,10,1,0
BRDA:108,10,2,0
BRDA:110,11,0,0
BRDA:110,11,1,0
BRDA:110,11,2,0
BRDA:119,12,0,0
BRDA:119,12,1,0
BRDA:121,13,0,0
BRDA:121,13,1,0
BRDA:122,14,0,0
BRDA:122,14,1,0
BRDA:129,15,0,0
BRDA:129,15,1,0
BRDA:159,16,0,0
BRDA:159,16,1,0
BRDA:160,17,0,0
BRDA:160,17,1,0
BRDA:169,18,0,0
BRDA:169,18,1,0
BRDA:174,19,0,0
BRDA:174,19,1,0
BRDA:175,20,0,0
BRDA:175,20,1,0
BRDA:175,21,0,0
BRDA:175,21,1,0
BRDA:176,22,0,0
BRDA:176,22,1,0
BRDA:176,22,2,0
BRDA:204,23,0,0
BRDA:204,23,1,0
BRDA:204,24,0,0
BRDA:204,24,1,0
BRDA:205,25,0,0
BRDA:205,25,1,0
BRDA:205,26,0,0
BRDA:205,26,1,0
BRDA:210,27,0,0
BRDA:210,27,1,0
BRF:59
BRH:0
end_of_record
TN:
SF:lib\blockCategories.js
FN:15,foldersOf
FN:16,(anonymous_1)
FN:17,(anonymous_2)
FN:22,splitCats
FNF:4
FNH:0
FNDA:0,foldersOf
FNDA:0,(anonymous_1)
FNDA:0,(anonymous_2)
FNDA:0,splitCats
DA:9,0
DA:16,0
DA:17,0
DA:18,0
DA:23,0
DA:24,0
DA:25,0
DA:26,0
DA:27,0
DA:34,0
DA:36,0
DA:37,0
DA:38,0
DA:40,0
DA:43,0
LF:15
LH:0
BRDA:17,0,0,0
BRDA:17,0,1,0
BRDA:17,1,0,0
BRDA:17,1,1,0
BRDA:26,2,0,0
BRDA:26,2,1,0
BRDA:36,3,0,0
BRDA:36,3,1,0
BRF:8
BRH:0
end_of_record
TN:
SF:lib\capabilities.js
FN:19,canGenerateImages
FN:29,canRewrite
FN:39,canUpscale
FN:51,upscalersFor
FNF:4
FNH:4
FNDA:31,canGenerateImages
FNDA:4,canRewrite
FNDA:33,canUpscale
FNDA:31,upscalersFor
DA:20,31
DA:21,31
DA:30,4
DA:31,1
DA:40,33
DA:41,2
DA:52,31
DA:53,1
DA:54,1
LF:9
LH:9
BRDA:21,0,0,31
BRDA:21,0,1,30
BRDA:21,0,2,29
BRDA:30,1,0,3
BRDA:30,1,1,1
BRDA:30,2,0,4
BRDA:30,2,1,2
BRDA:40,3,0,31
BRDA:40,3,1,2
BRDA:40,4,0,33
BRDA:40,4,1,32
BRDA:52,5,0,30
BRDA:52,5,1,1
BRF:13
BRH:13
end_of_record
TN:
SF:lib\dplInserts.js
FN:11,materialize
FNF:1
FNH:1
FNDA:1,materialize
DA:12,1
DA:18,1
LF:2
LH:2
BRF:0
BRH:0
end_of_record
TN:
SF:lib\engine.js
FN:15,getListNames
FN:30,expandOnce
FNF:2
FNH:0
FNDA:0,getListNames
FNDA:0,expandOnce
DA:10,0
DA:11,0
DA:16,0
DA:17,0
DA:19,0
DA:31,0
DA:32,0
DA:43,0
DA:45,0
LF:9
LH:0
BRDA:30,0,0,0
BRDA:43,1,0,0
BRDA:43,1,1,0
BRF:3
BRH:0
end_of_record
TN:
SF:lib\icons.js
FN:5,Icon
FN:29,(anonymous_1)
FN:36,(anonymous_2)
FN:43,(anonymous_3)
FN:50,(anonymous_4)
FN:57,(anonymous_5)
FN:64,(anonymous_6)
FN:71,(anonymous_7)
FN:81,(anonymous_8)
FN:91,(anonymous_9)
FN:98,(anonymous_10)
FN:107,(anonymous_11)
FN:115,(anonymous_12)
FN:121,(anonymous_13)
FN:129,(anonymous_14)
FN:135,(anonymous_15)
FN:142,(anonymous_16)
FN:149,(anonymous_17)
FN:157,(anonymous_18)
FN:166,(anonymous_19)
FN:172,(anonymous_20)
FN:182,(anonymous_21)
FN:193,(anonymous_22)
FN:203,(anonymous_23)
FN:211,(anonymous_24)
FN:217,(anonymous_25)
FN:226,(anonymous_26)
FNF:27
FNH:26
FNDA:597,Icon
FNDA:0,(anonymous_1)
FNDA:43,(anonymous_2)
FNDA:49,(anonymous_3)
FNDA:43,(anonymous_4)
FNDA:43,(anonymous_5)
FNDA:43,(anonymous_6)
FNDA:43,(anonymous_7)
FNDA:43,(anonymous_8)
FNDA:74,(anonymous_9)
FNDA:43,(anonymous_10)
FNDA:8,(anonymous_11)
FNDA:31,(anonymous_12)
FNDA:47,(anonymous_13)
FNDA:6,(anonymous_14)
FNDA:6,(anonymous_15)
FNDA:6,(anonymous_16)
FNDA:6,(anonymous_17)
FNDA:6,(anonymous_18)
FNDA:6,(anonymous_19)
FNDA:6,(anonymous_20)
FNDA:6,(anonymous_21)
FNDA:30,(anonymous_22)
FNDA:1,(anonymous_23)
FNDA:1,(anonymous_24)
FNDA:6,(anonymous_25)
FNDA:1,(anonymous_26)
DA:13,597
DA:29,5
DA:30,0
DA:36,5
DA:37,43
DA:43,5
DA:44,49
DA:50,5
DA:51,43
DA:57,5
DA:58,43
DA:64,5
DA:65,43
DA:71,5
DA:72,43
DA:81,5
DA:82,43
DA:91,5
DA:92,74
DA:98,5
DA:99,43
DA:107,5
DA:108,8
DA:115,5
DA:116,31
DA:121,5
DA:122,47
DA:129,5
DA:130,6
DA:135,5
DA:136,6
DA:142,5
DA:143,6
DA:149,5
DA:150,6
DA:157,5
DA:158,6
DA:166,5
DA:167,6
DA:172,5
DA:173,6
DA:182,5
DA:183,6
DA:193,5
DA:194,30
DA:203,5
DA:204,1
DA:211,5
DA:212,1
DA:217,5
DA:218,6
DA:226,5
DA:227,1
LF:53
LH:52
BRDA:6,0,0,0
BRDA:7,1,0,0
BRDA:8,2,0,351
BRDA:10,3,0,597
BRDA:11,4,0,515
BRDA:53,5,0,43
BRDA:53,5,1,0
BRDA:65,6,0,43
BRDA:65,6,1,43
BRDA:92,7,0,74
BRDA:92,7,1,0
BRDA:99,8,0,43
BRDA:99,8,1,43
BRDA:108,9,0,8
BRDA:108,9,1,0
BRDA:116,10,0,31
BRDA:116,10,1,31
BRDA:122,11,0,47
BRDA:122,11,1,47
BRDA:220,12,0,6
BRDA:220,12,1,0
BRDA:221,13,0,6
BRDA:221,13,1,0
BRDA:222,14,0,6
BRDA:222,14,1,0
BRF:25
BRH:17
end_of_record
TN:
SF:lib\imageProviders.js
FN:53,configureMobileTransport
FN:75,initProviderSchemas
FN:78,(anonymous_2)
FN:87,(anonymous_3)
FN:110,onProviderSchemas
FN:113,(anonymous_5)
FN:117,(anonymous_6)
FN:120,_resetProviderSchemas
FN:132,settingsFor
FN:135,(anonymous_9)
FN:143,providerDefaults
FN:158,upscaleMode
FN:172,adapt
FN:188,(anonymous_13)
FN:192,(anonymous_14)
FN:192,(anonymous_15)
FN:201,(anonymous_16)
FN:202,(anonymous_17)
FN:210,(anonymous_18)
FN:215,(anonymous_19)
FN:226,(anonymous_20)
FN:239,(anonymous_21)
FN:240,(anonymous_22)
FN:248,(anonymous_23)
FN:256,(anonymous_24)
FN:256,(anonymous_25)
FN:262,(anonymous_26)
FN:262,(anonymous_27)
FN:268,(anonymous_28)
FN:268,(anonymous_29)
FNF:30
FNH:25
FNDA:3,configureMobileTransport
FNDA:5,initProviderSchemas
FNDA:80,(anonymous_2)
FNDA:202,(anonymous_3)
FNDA:0,onProviderSchemas
FNDA:0,(anonymous_5)
FNDA:8,(anonymous_6)
FNDA:0,_resetProviderSchemas
FNDA:4,settingsFor
FNDA:39,(anonymous_9)
FNDA:3,providerDefaults
FNDA:51,upscaleMode
FNDA:150,adapt
FNDA:3,(anonymous_13)
FNDA:2,(anonymous_14)
FNDA:1,(anonymous_15)
FNDA:120,(anonymous_16)
FNDA:45,(anonymous_17)
FNDA:0,(anonymous_18)
FNDA:54,(anonymous_19)
FNDA:2,(anonymous_20)
FNDA:51,(anonymous_21)
FNDA:51,(anonymous_22)
FNDA:0,(anonymous_23)
FNDA:22,(anonymous_24)
FNDA:84,(anonymous_25)
FNDA:3,(anonymous_26)
FNDA:46,(anonymous_27)
FNDA:1,(anonymous_28)
FNDA:17,(anonymous_29)
DA:40,3
DA:54,3
DA:66,3
DA:67,3
DA:68,3
DA:76,5
DA:77,2
DA:79,80
DA:80,80
DA:81,80
DA:86,80
DA:88,202
DA:89,16
DA:90,16
DA:91,16
DA:92,16
DA:94,0
DA:98,80
DA:101,2
DA:102,2
DA:111,0
DA:112,0
DA:113,0
DA:117,8
DA:121,0
DA:122,0
DA:123,0
DA:133,4
DA:134,4
DA:135,39
DA:144,3
DA:159,51
DA:160,48
DA:161,42
DA:173,150
DA:188,150
DA:190,150
DA:192,2
DA:194,150
DA:198,3
DA:201,120
DA:203,45
DA:210,0
DA:215,3
DA:216,54
DA:227,2
DA:228,1
DA:229,1
DA:231,1
DA:237,3
DA:239,51
DA:241,51
DA:248,0
DA:256,84
DA:262,46
DA:268,17
LF:56
LH:47
BRDA:55,0,0,3
BRDA:55,0,1,1
BRDA:76,1,0,3
BRDA:76,1,1,2
BRDA:81,2,0,76
BRDA:81,2,1,4
BRDA:81,3,0,76
BRDA:81,3,1,0
BRDA:87,4,0,80
BRDA:87,4,1,0
BRDA:88,5,0,186
BRDA:88,5,1,16
BRDA:91,6,0,16
BRDA:91,6,1,0
BRDA:92,7,0,16
BRDA:92,7,1,0
BRDA:98,8,0,80
BRDA:98,8,1,0
BRDA:111,9,0,0
BRDA:111,9,1,0
BRDA:134,10,0,1
BRDA:134,10,1,3
BRDA:144,11,0,3
BRDA:144,11,1,0
BRDA:159,12,0,3
BRDA:159,12,1,48
BRDA:160,13,0,6
BRDA:160,13,1,42
BRDA:172,14,0,0
BRDA:177,15,0,150
BRDA:177,15,1,96
BRDA:177,16,0,69
BRDA:177,16,1,27
BRDA:179,17,0,18
BRDA:179,17,1,132
BRDA:192,18,0,1
BRDA:192,18,1,1
BRDA:201,19,0,120
BRDA:201,19,1,111
BRDA:201,19,2,111
BRDA:210,20,0,36
BRDA:210,20,1,9
BRDA:218,21,0,54
BRDA:218,21,1,0
BRDA:227,22,0,1
BRDA:227,22,1,1
BRDA:227,23,0,2
BRDA:227,23,1,1
BRDA:239,24,0,51
BRDA:239,24,1,51
BRF:50
BRH:40
end_of_record
TN:
SF:lib\keys.js
FN:10,(anonymous_0)
FN:12,getKey
FN:26,setKey
FNF:3
FNH:3
FNDA:5,(anonymous_0)
FNDA:3,getKey
FNDA:2,setKey
DA:9,2
DA:10,5
DA:13,3
DA:14,3
DA:15,3
DA:17,1
DA:27,2
DA:28,2
DA:29,2
DA:30,1
DA:31,2
DA:33,0
LF:12
LH:11
BRDA:13,0,0,0
BRDA:13,0,1,3
BRDA:15,1,0,3
BRDA:15,1,1,1
BRDA:27,2,0,0
BRDA:27,2,1,2
BRDA:29,3,0,1
BRDA:29,3,1,1
BRF:8
BRH:6
end_of_record
TN:
SF:lib\overlay.js
FN:12,flattenKeys
FN:22,refreshOverlay
FNF:2
FNH:2
FNDA:5,flattenKeys
FNDA:2,refreshOverlay
DA:13,5
DA:14,5
DA:15,5
DA:23,2
DA:24,2
DA:25,2
DA:26,2
DA:27,2
DA:29,2
DA:30,2
DA:31,2
DA:32,2
DA:34,2
DA:35,1
DA:36,1
DA:37,1
DA:40,2
DA:41,2
LF:18
LH:18
BRDA:12,0,0,4
BRDA:32,1,0,0
BRDA:32,1,1,2
BRDA:32,2,0,2
BRDA:32,2,1,2
BRDA:37,3,0,1
BRDA:37,3,1,0
BRDA:37,4,0,1
BRDA:37,4,1,1
BRF:9
BRH:7
end_of_record
TN:
SF:lib\responsive.js
FN:27,resolveResponsive
FN:52,useResponsive
FNF:2
FNH:2
FNDA:97,resolveResponsive
FNDA:86,useResponsive
DA:15,4
DA:16,4
DA:19,4
DA:28,97
DA:29,97
DA:30,97
DA:31,97
DA:32,97
DA:53,86
DA:54,86
LF:10
LH:10
BRDA:27,0,0,0
BRDA:29,1,0,97
BRDA:29,1,1,6
BRDA:31,2,0,91
BRDA:31,2,1,6
BRDA:31,3,0,4
BRDA:31,3,1,2
BRDA:43,4,0,97
BRDA:43,4,1,0
BRF:9
BRH:7
end_of_record
TN:
SF:lib\single.js
FN:15,promptLayers
FN:28,negativeLayers
FN:42,sizeFromSettings
FN:52,promptText
FN:58,pick
FN:77,buildDetails
FN:94,(anonymous_6)
FN:96,(anonymous_7)
FN:107,parseKeywords
FN:133,linkChildren
FN:134,(anonymous_10)
FN:148,(anonymous_11)
FN:152,searchHaystack
FN:173,toMarkdown
FN:179,(anonymous_14)
FNF:15
FNH:12
FNDA:28,promptLayers
FNDA:28,negativeLayers
FNDA:0,sizeFromSettings
FNDA:0,promptText
FNDA:84,pick
FNDA:28,buildDetails
FNDA:252,(anonymous_6)
FNDA:168,(anonymous_7)
FNDA:28,parseKeywords
FNDA:14,linkChildren
FNDA:14,(anonymous_10)
FNDA:14,(anonymous_11)
FNDA:0,searchHaystack
FNDA:28,toMarkdown
FNDA:252,(anonymous_14)
DA:16,28
DA:17,28
DA:18,28
DA:20,0
DA:29,28
DA:30,28
DA:31,28
DA:38,0
DA:43,0
DA:44,0
DA:45,0
DA:46,0
DA:47,0
DA:48,0
DA:53,0
DA:54,0
DA:59,84
DA:60,0
DA:64,1
DA:78,28
DA:79,28
DA:81,28
DA:83,28
DA:84,28
DA:94,252
DA:95,28
DA:96,168
DA:98,28
DA:108,28
DA:109,28
DA:110,28
DA:111,28
DA:112,56
DA:117,56
DA:118,56
DA:119,56
DA:120,56
DA:121,56
DA:122,56
DA:124,28
DA:134,14
DA:135,14
DA:136,14
DA:137,14
DA:138,14
DA:139,0
DA:140,0
DA:148,14
DA:153,0
DA:154,0
DA:155,0
DA:174,28
DA:175,28
DA:176,28
DA:177,28
DA:178,28
DA:179,252
DA:182,28
LF:58
LH:42
BRDA:16,0,0,28
BRDA:16,0,1,0
BRDA:17,1,0,28
BRDA:17,1,1,0
BRDA:17,2,0,28
BRDA:17,2,1,28
BRDA:18,3,0,28
BRDA:18,3,1,0
BRDA:18,4,0,28
BRDA:18,4,1,0
BRDA:18,5,0,28
BRDA:18,5,1,28
BRDA:18,6,0,28
BRDA:18,6,1,0
BRDA:20,7,0,0
BRDA:20,7,1,0
BRDA:29,8,0,28
BRDA:29,8,1,0
BRDA:30,9,0,28
BRDA:30,9,1,0
BRDA:30,10,0,28
BRDA:30,10,1,28
BRDA:32,11,0,28
BRDA:32,11,1,28
BRDA:33,12,0,28
BRDA:33,12,1,28
BRDA:34,13,0,28
BRDA:34,13,1,28
BRDA:35,14,0,28
BRDA:35,14,1,0
BRDA:38,15,0,0
BRDA:38,15,1,0
BRDA:43,16,0,0
BRDA:43,16,1,0
BRDA:44,17,0,0
BRDA:44,17,1,0
BRDA:45,18,0,0
BRDA:45,18,1,0
BRDA:46,19,0,0
BRDA:46,19,1,0
BRDA:47,20,0,0
BRDA:47,20,1,0
BRDA:47,21,0,0
BRDA:47,21,1,0
BRDA:53,22,0,0
BRDA:53,22,1,0
BRDA:54,23,0,0
BRDA:54,23,1,0
BRDA:54,23,2,0
BRDA:54,23,3,0
BRDA:54,23,4,0
BRDA:59,24,0,84
BRDA:59,24,1,0
BRDA:59,25,0,84
BRDA:59,25,1,84
BRDA:59,25,2,84
BRDA:59,25,3,84
BRDA:78,26,0,28
BRDA:78,26,1,28
BRDA:78,26,2,0
BRDA:79,27,0,28
BRDA:79,27,1,0
BRDA:81,28,0,28
BRDA:81,28,1,0
BRDA:82,29,0,0
BRDA:82,29,1,0
BRDA:82,30,0,0
BRDA:82,30,1,0
BRDA:83,31,0,28
BRDA:83,31,1,0
BRDA:85,32,0,28
BRDA:85,32,1,0
BRDA:86,33,0,28
BRDA:86,33,1,0
BRDA:91,34,0,28
BRDA:91,34,1,0
BRDA:94,35,0,252
BRDA:94,35,1,252
BRDA:94,35,2,252
BRDA:96,36,0,168
BRDA:96,36,1,28
BRDA:96,36,2,28
BRDA:96,36,3,28
BRDA:108,37,0,0
BRDA:108,37,1,28
BRDA:117,38,0,0
BRDA:117,38,1,56
BRDA:117,39,0,56
BRDA:117,39,1,56
BRDA:117,39,2,56
BRDA:119,40,0,0
BRDA:119,40,1,56
BRDA:122,41,0,0
BRDA:122,41,1,56
BRDA:138,42,0,0
BRDA:138,42,1,14
BRDA:138,43,0,14
BRDA:138,43,1,0
BRDA:139,44,0,0
BRDA:139,44,1,0
BRDA:143,45,0,0
BRDA:143,45,1,0
BRDA:144,46,0,0
BRDA:144,46,1,0
BRDA:148,47,0,14
BRDA:148,47,1,14
BRDA:157,48,0,0
BRDA:157,48,1,0
BRDA:175,49,0,28
BRDA:175,49,1,0
BRDA:176,50,0,28
BRDA:176,50,1,0
BRDA:177,51,0,28
BRDA:177,51,1,0
BRDA:177,52,0,28
BRDA:177,52,1,28
BRF:116
BRH:56
end_of_record
TN:
SF:lib\storage.js
FN:26,ensure
FN:32,readIndex
FN:40,writeIndex
FN:44,(anonymous_3)
FN:50,listImages
FN:55,(anonymous_5)
FN:58,(anonymous_6)
FN:76,withTimeout
FN:78,(anonymous_8)
FN:79,(anonymous_9)
FN:81,(anonymous_10)
FN:84,saveImageSrc
FN:125,updateImageMeta
FN:136,saveImageFromUri
FN:144,deleteImage
FN:155,deleteImages
FN:166,listUserLists
FN:171,(anonymous_17)
FN:172,(anonymous_18)
FN:176,readUserList
FN:185,writeUserList
FN:191,deleteUserList
FN:202,(anonymous_22)
FN:203,(anonymous_23)
FN:204,(anonymous_24)
FN:205,(anonymous_25)
FN:206,(anonymous_26)
FN:209,ensureParent
FN:218,walkDir
FN:255,readUserTree
FN:262,(anonymous_30)
FN:272,(anonymous_31)
FN:272,(anonymous_32)
FN:286,(anonymous_33)
FN:287,(anonymous_34)
FN:288,(anonymous_35)
FN:296,listUserBlocks
FN:301,(anonymous_37)
FN:302,(anonymous_38)
FN:307,readUserBlock
FN:317,writeUserBlock
FN:325,deleteUserBlock
FN:333,readUserBlockJs
FN:343,writeUserBlockJs
FN:350,readUserSidecar
FN:360,writeUserSidecar
FN:378,makeUserFolder
FN:384,deleteUserFolder
FN:390,moveUserEntry
FN:392,(anonymous_49)
FNF:50
FNH:33
FNDA:4,ensure
FNDA:5,readIndex
FNDA:3,writeIndex
FNDA:3,(anonymous_3)
FNDA:1,listImages
FNDA:3,(anonymous_5)
FNDA:2,(anonymous_6)
FNDA:0,withTimeout
FNDA:0,(anonymous_8)
FNDA:0,(anonymous_9)
FNDA:0,(anonymous_10)
FNDA:1,saveImageSrc
FNDA:2,updateImageMeta
FNDA:0,saveImageFromUri
FNDA:0,deleteImage
FNDA:1,deleteImages
FNDA:0,listUserLists
FNDA:0,(anonymous_17)
FNDA:0,(anonymous_18)
FNDA:0,readUserList
FNDA:0,writeUserList
FNDA:0,deleteUserList
FNDA:18,(anonymous_22)
FNDA:4,(anonymous_23)
FNDA:8,(anonymous_24)
FNDA:5,(anonymous_25)
FNDA:6,(anonymous_26)
FNDA:6,ensureParent
FNDA:4,walkDir
FNDA:1,readUserTree
FNDA:4,(anonymous_30)
FNDA:4,(anonymous_31)
FNDA:1,(anonymous_32)
FNDA:2,(anonymous_33)
FNDA:0,(anonymous_34)
FNDA:0,(anonymous_35)
FNDA:1,listUserBlocks
FNDA:3,(anonymous_37)
FNDA:2,(anonymous_38)
FNDA:0,readUserBlock
FNDA:1,writeUserBlock
FNDA:1,deleteUserBlock
FNDA:0,readUserBlockJs
FNDA:1,writeUserBlockJs
FNDA:3,readUserSidecar
FNDA:2,writeUserSidecar
FNDA:1,makeUserFolder
FNDA:0,deleteUserFolder
FNDA:1,moveUserEntry
FNDA:3,(anonymous_49)
DA:11,2
DA:13,2
DA:14,2
DA:15,2
DA:20,2
DA:21,2
DA:22,2
DA:24,2
DA:27,4
DA:28,4
DA:29,4
DA:33,5
DA:34,5
DA:35,5
DA:37,0
DA:41,3
DA:42,3
DA:44,3
DA:51,1
DA:52,1
DA:53,1
DA:54,1
DA:55,3
DA:58,2
DA:75,2
DA:78,0
DA:79,0
DA:81,0
DA:85,1
DA:86,1
DA:87,1
DA:88,1
DA:89,1
DA:90,1
DA:91,1
DA:92,0
DA:93,0
DA:95,0
DA:97,1
DA:98,1
DA:115,1
DA:116,1
DA:126,2
DA:127,2
DA:128,2
DA:129,2
DA:130,1
DA:131,1
DA:132,1
DA:137,0
DA:138,0
DA:139,0
DA:140,0
DA:141,0
DA:145,0
DA:146,0
DA:147,0
DA:148,0
DA:149,0
DA:150,0
DA:156,1
DA:157,1
DA:158,1
DA:159,1
DA:160,1
DA:162,1
DA:167,0
DA:168,0
DA:169,0
DA:170,0
DA:171,0
DA:172,0
DA:177,0
DA:178,0
DA:179,0
DA:181,0
DA:186,0
DA:187,0
DA:188,0
DA:192,0
DA:193,0
DA:202,18
DA:203,4
DA:204,8
DA:205,5
DA:206,6
DA:210,6
DA:211,6
DA:212,6
DA:213,6
DA:219,4
DA:220,4
DA:221,4
DA:222,4
DA:223,4
DA:225,0
DA:227,4
DA:228,9
DA:229,9
DA:231,9
DA:232,9
DA:234,0
DA:236,9
DA:237,2
DA:238,2
DA:239,2
DA:240,2
DA:242,7
DA:245,4
DA:256,1
DA:257,1
DA:258,1
DA:259,1
DA:260,1
DA:261,1
DA:262,1
DA:263,4
DA:264,1
DA:265,1
DA:266,1
DA:267,1
DA:268,1
DA:269,1
DA:271,1
DA:272,4
DA:273,1
DA:274,1
DA:275,4
DA:276,2
DA:277,2
DA:278,2
DA:286,1
DA:287,2
DA:288,2
DA:289,2
DA:291,1
DA:292,1
DA:297,1
DA:298,1
DA:299,1
DA:300,1
DA:301,3
DA:302,2
DA:308,0
DA:309,0
DA:310,0
DA:312,0
DA:318,1
DA:319,1
DA:320,1
DA:321,1
DA:326,1
DA:327,1
DA:328,1
DA:329,1
DA:334,0
DA:335,0
DA:336,0
DA:338,0
DA:344,1
DA:345,1
DA:346,1
DA:351,3
DA:352,3
DA:353,3
DA:355,1
DA:361,2
DA:362,2
DA:363,2
DA:364,2
DA:365,3
DA:366,1
DA:368,2
DA:369,2
DA:370,1
DA:372,1
DA:373,1
DA:379,1
DA:380,1
DA:385,0
DA:386,0
DA:391,1
DA:392,1
DA:393,3
DA:394,3
DA:395,3
DA:396,3
DA:397,3
DA:399,1
DA:400,1
DA:401,1
LF:191
LH:146
BRDA:11,0,0,0
BRDA:11,0,1,2
BRDA:13,1,0,2
BRDA:13,1,1,0
BRDA:14,2,0,2
BRDA:14,2,1,0
BRDA:15,3,0,2
BRDA:15,3,1,0
BRDA:20,4,0,2
BRDA:20,4,1,0
BRDA:22,5,0,2
BRDA:22,5,1,0
BRDA:27,6,0,0
BRDA:27,6,1,4
BRDA:29,7,0,0
BRDA:29,7,1,4
BRDA:33,8,0,0
BRDA:33,8,1,5
BRDA:41,9,0,0
BRDA:41,9,1,3
BRDA:51,10,0,0
BRDA:51,10,1,1
BRDA:58,11,0,2
BRDA:58,11,1,1
BRDA:84,12,0,0
BRDA:85,13,0,0
BRDA:85,13,1,1
BRDA:89,14,0,1
BRDA:89,14,1,0
BRDA:92,15,0,0
BRDA:92,15,1,0
BRDA:99,16,0,1
BRDA:99,16,1,0
BRDA:100,17,0,1
BRDA:100,17,1,1
BRDA:101,18,0,1
BRDA:101,18,1,1
BRDA:102,19,0,1
BRDA:102,19,1,1
BRDA:103,20,0,1
BRDA:103,20,1,0
BRDA:104,21,0,1
BRDA:104,21,1,1
BRDA:105,22,0,1
BRDA:105,22,1,1
BRDA:106,23,0,1
BRDA:106,23,1,0
BRDA:107,24,0,1
BRDA:107,24,1,1
BRDA:108,25,0,1
BRDA:108,25,1,1
BRDA:109,26,0,0
BRDA:109,26,1,1
BRDA:110,27,0,1
BRDA:110,27,1,1
BRDA:111,28,0,1
BRDA:111,28,1,1
BRDA:112,29,0,1
BRDA:112,29,1,1
BRDA:126,30,0,0
BRDA:126,30,1,2
BRDA:129,31,0,1
BRDA:129,31,1,1
BRDA:137,32,0,0
BRDA:137,32,1,0
BRDA:145,33,0,0
BRDA:145,33,1,0
BRDA:148,34,0,0
BRDA:148,34,1,0
BRDA:156,35,0,0
BRDA:156,35,1,1
BRDA:156,36,0,1
BRDA:156,36,1,1
BRDA:167,37,0,0
BRDA:167,37,1,0
BRDA:177,38,0,0
BRDA:177,38,1,0
BRDA:186,39,0,0
BRDA:186,39,1,0
BRDA:192,40,0,0
BRDA:192,40,1,0
BRDA:210,41,0,0
BRDA:210,41,1,6
BRDA:213,42,0,0
BRDA:213,42,1,6
BRDA:218,43,0,2
BRDA:229,44,0,3
BRDA:229,44,1,6
BRDA:236,45,0,2
BRDA:236,45,1,7
BRDA:258,46,0,0
BRDA:258,46,1,1
BRDA:258,47,0,1
BRDA:258,47,1,1
BRDA:263,48,0,3
BRDA:263,48,1,1
BRDA:265,49,0,0
BRDA:265,49,1,1
BRDA:275,50,0,2
BRDA:275,50,1,2
BRDA:277,51,0,1
BRDA:277,51,1,1
BRDA:282,52,0,2
BRDA:282,52,1,2
BRDA:297,53,0,0
BRDA:297,53,1,1
BRDA:308,54,0,0
BRDA:308,54,1,0
BRDA:318,55,0,0
BRDA:318,55,1,1
BRDA:326,56,0,0
BRDA:326,56,1,1
BRDA:334,57,0,0
BRDA:334,57,1,0
BRDA:344,58,0,0
BRDA:344,58,1,1
BRDA:351,59,0,0
BRDA:351,59,1,3
BRDA:361,60,0,0
BRDA:361,60,1,2
BRDA:365,61,0,2
BRDA:365,61,1,1
BRDA:365,62,0,3
BRDA:365,62,1,1
BRDA:369,63,0,1
BRDA:369,63,1,1
BRDA:379,64,0,0
BRDA:379,64,1,1
BRDA:385,65,0,0
BRDA:385,65,1,0
BRDA:391,66,0,0
BRDA:391,66,1,1
BRDA:391,67,0,1
BRDA:391,67,1,1
BRDA:394,68,0,0
BRDA:394,68,1,3
BRDA:401,69,0,1
BRDA:401,69,1,0
BRF:138
BRH:82
end_of_record
TN:
SF:lib\theme.js
FN:56,hexToRgba
FN:62,(anonymous_1)
FN:72,buildTokens
FN:74,(anonymous_3)
FN:89,ThemeProvider
FN:101,(anonymous_5)
FN:102,(anonymous_6)
FN:105,(anonymous_7)
FN:107,(anonymous_8)
FN:130,(anonymous_9)
FN:139,(anonymous_10)
FN:144,(anonymous_11)
FN:149,(anonymous_12)
FN:153,(anonymous_13)
FN:155,(anonymous_14)
FN:184,useTheme
FN:190,(anonymous_16)
FN:192,(anonymous_17)
FN:195,(anonymous_18)
FN:198,(anonymous_19)
FN:200,(anonymous_20)
FN:202,(anonymous_21)
FN:204,(anonymous_22)
FN:206,(anonymous_23)
FNF:24
FNH:0
FNDA:0,hexToRgba
FNDA:0,(anonymous_1)
FNDA:0,buildTokens
FNDA:0,(anonymous_3)
FNDA:0,ThemeProvider
FNDA:0,(anonymous_5)
FNDA:0,(anonymous_6)
FNDA:0,(anonymous_7)
FNDA:0,(anonymous_8)
FNDA:0,(anonymous_9)
FNDA:0,(anonymous_10)
FNDA:0,(anonymous_11)
FNDA:0,(anonymous_12)
FNDA:0,(anonymous_13)
FNDA:0,(anonymous_14)
FNDA:0,useTheme
FNDA:0,(anonymous_16)
FNDA:0,(anonymous_17)
FNDA:0,(anonymous_18)
FNDA:0,(anonymous_19)
FNDA:0,(anonymous_20)
FNDA:0,(anonymous_21)
FNDA:0,(anonymous_22)
FNDA:0,(anonymous_23)
DA:16,0
DA:17,0
DA:20,0
DA:35,0
DA:51,0
DA:52,0
DA:54,0
DA:57,0
DA:59,0
DA:62,0
DA:65,0
DA:66,0
DA:67,0
DA:68,0
DA:73,0
DA:74,0
DA:75,0
DA:76,0
DA:87,0
DA:90,0
DA:91,0
DA:92,0
DA:93,0
DA:94,0
DA:95,0
DA:96,0
DA:97,0
DA:98,0
DA:99,0
DA:101,0
DA:102,0
DA:105,0
DA:106,0
DA:107,0
DA:108,0
DA:109,0
DA:110,0
DA:111,0
DA:112,0
DA:113,0
DA:114,0
DA:115,0
DA:116,0
DA:117,0
DA:118,0
DA:119,0
DA:120,0
DA:121,0
DA:128,0
DA:130,0
DA:131,0
DA:139,0
DA:140,0
DA:144,0
DA:145,0
DA:146,0
DA:152,0
DA:153,0
DA:154,0
DA:155,0
DA:180,0
DA:185,0
DA:186,0
DA:187,0
LF:64
LH:0
BRDA:16,0,0,0
BRDA:16,0,1,0
BRDA:17,1,0,0
BRDA:17,1,1,0
BRDA:59,2,0,0
BRDA:59,2,1,0
BRDA:73,3,0,0
BRDA:73,3,1,0
BRDA:74,4,0,0
BRDA:74,4,1,0
BRDA:75,5,0,0
BRDA:75,5,1,0
BRDA:81,6,0,0
BRDA:81,6,1,0
BRDA:108,7,0,0
BRDA:108,7,1,0
BRDA:111,8,0,0
BRDA:111,8,1,0
BRDA:113,9,0,0
BRDA:113,9,1,0
BRDA:114,10,0,0
BRDA:114,10,1,0
BRDA:115,11,0,0
BRDA:115,11,1,0
BRDA:116,12,0,0
BRDA:116,12,1,0
BRDA:117,13,0,0
BRDA:117,13,1,0
BRDA:118,14,0,0
BRDA:118,14,1,0
BRDA:119,15,0,0
BRDA:119,15,1,0
BRDA:120,16,0,0
BRDA:120,16,1,0
BRDA:121,17,0,0
BRDA:121,17,1,0
BRDA:128,18,0,0
BRDA:128,18,1,0
BRDA:145,19,0,0
BRDA:145,19,1,0
BRDA:145,20,0,0
BRDA:145,20,1,0
BRDA:152,21,0,0
BRDA:152,21,1,0
BRDA:152,22,0,0
BRDA:152,22,1,0
BRDA:186,23,0,0
BRDA:186,23,1,0
BRF:48
BRH:0
end_of_record
TN:
SF:lib\themeData.js
FNF:0
FNH:0
DA:16,0
DA:20,0
DA:24,0
LF:3
LH:0
BRF:0
BRH:0
end_of_record
TN:
SF:lib\useProviderReady.js
FN:17,useKeyed
FN:19,(anonymous_1)
FN:31,(anonymous_2)
FN:32,(anonymous_3)
FN:33,(anonymous_4)
FN:45,useTextReady
FN:61,useImageReady
FN:77,useUpscaleReady
FNF:8
FNH:0
FNDA:0,useKeyed
FNDA:0,(anonymous_1)
FNDA:0,(anonymous_2)
FNDA:0,(anonymous_3)
FNDA:0,(anonymous_4)
FNDA:0,useTextReady
FNDA:0,useImageReady
FNDA:0,useUpscaleReady
DA:18,0
DA:19,0
DA:20,0
DA:21,0
DA:22,0
DA:23,0
DA:25,0
DA:26,0
DA:27,0
DA:28,0
DA:30,0
DA:31,0
DA:32,0
DA:33,0
DA:34,0
DA:37,0
DA:46,0
DA:47,0
DA:48,0
DA:62,0
DA:63,0
DA:64,0
DA:78,0
DA:79,0
DA:80,0
LF:25
LH:0
BRDA:21,0,0,0
BRDA:21,0,1,0
BRDA:26,1,0,0
BRDA:26,1,1,0
BRDA:31,2,0,0
BRDA:31,2,1,0
BRDA:32,3,0,0
BRDA:32,3,1,0
BRDA:51,4,0,0
BRDA:51,4,1,0
BRDA:52,5,0,0
BRDA:52,5,1,0
BRDA:52,6,0,0
BRDA:52,6,1,0
BRDA:67,7,0,0
BRDA:67,7,1,0
BRDA:68,8,0,0
BRDA:68,8,1,0
BRDA:68,9,0,0
BRDA:68,9,1,0
BRDA:83,10,0,0
BRDA:83,10,1,0
BRDA:84,11,0,0
BRDA:84,11,1,0
BRDA:84,12,0,0
BRDA:84,12,1,0
BRF:26
BRH:0
end_of_record
TN:
SF:screens\GalleryScreen.js
FN:24,Cell
FN:26,(anonymous_1)
FN:41,(anonymous_2)
FN:42,(anonymous_3)
FN:72,GalleryScreen
FN:74,(anonymous_5)
FN:82,(anonymous_6)
FN:102,(anonymous_7)
FN:104,(anonymous_8)
FN:109,(anonymous_9)
FN:111,(anonymous_10)
FN:112,(anonymous_11)
FN:115,(anonymous_12)
FN:122,(anonymous_13)
FN:127,(anonymous_14)
FN:132,(anonymous_15)
FN:134,(anonymous_16)
FN:139,(anonymous_17)
FN:140,(anonymous_18)
FN:147,(anonymous_19)
FN:147,(anonymous_20)
FN:148,(anonymous_21)
FN:149,(anonymous_22)
FN:153,(anonymous_23)
FN:167,(anonymous_24)
FN:170,(anonymous_25)
FN:252,(anonymous_26)
FN:277,(anonymous_27)
FN:350,(anonymous_28)
FN:354,(anonymous_29)
FN:368,(anonymous_30)
FN:372,(anonymous_31)
FN:387,(anonymous_32)
FNF:33
FNH:26
FNDA:35,Cell
FNDA:35,(anonymous_1)
FNDA:2,(anonymous_2)
FNDA:0,(anonymous_3)
FNDA:32,GalleryScreen
FNDA:32,(anonymous_5)
FNDA:10,(anonymous_6)
FNDA:12,(anonymous_7)
FNDA:12,(anonymous_8)
FNDA:12,(anonymous_9)
FNDA:0,(anonymous_10)
FNDA:0,(anonymous_11)
FNDA:0,(anonymous_12)
FNDA:10,(anonymous_13)
FNDA:10,(anonymous_14)
FNDA:21,(anonymous_15)
FNDA:2,(anonymous_16)
FNDA:1,(anonymous_17)
FNDA:1,(anonymous_18)
FNDA:2,(anonymous_19)
FNDA:4,(anonymous_20)
FNDA:1,(anonymous_21)
FNDA:1,(anonymous_22)
FNDA:1,(anonymous_23)
FNDA:23,(anonymous_24)
FNDA:0,(anonymous_25)
FNDA:0,(anonymous_26)
FNDA:4,(anonymous_27)
FNDA:2,(anonymous_28)
FNDA:0,(anonymous_29)
FNDA:37,(anonymous_30)
FNDA:37,(anonymous_31)
FNDA:67,(anonymous_32)
DA:24,1
DA:25,35
DA:26,35
DA:32,35
DA:41,2
DA:42,0
DA:73,32
DA:74,32
DA:75,32
DA:76,32
DA:77,32
DA:78,32
DA:79,32
DA:80,32
DA:81,32
DA:82,32
DA:86,32
DA:87,32
DA:88,32
DA:89,32
DA:90,32
DA:91,32
DA:93,32
DA:97,32
DA:98,32
DA:99,32
DA:100,32
DA:102,32
DA:103,12
DA:105,12
DA:106,12
DA:107,12
DA:109,12
DA:110,12
DA:111,0
DA:112,0
DA:117,0
DA:118,0
DA:119,0
DA:122,32
DA:123,10
DA:127,32
DA:128,10
DA:131,32
DA:132,32
DA:133,21
DA:134,1
DA:135,2
DA:139,32
DA:140,1
DA:141,1
DA:142,1
DA:143,1
DA:144,1
DA:147,32
DA:148,32
DA:149,32
DA:150,1
DA:151,1
DA:153,32
DA:154,1
DA:155,1
DA:156,1
DA:157,1
DA:160,0
DA:162,1
DA:163,1
DA:167,32
DA:170,32
DA:171,0
DA:172,0
DA:173,0
DA:174,0
DA:175,0
DA:177,0
DA:178,0
DA:179,0
DA:180,0
DA:181,0
DA:182,0
DA:184,0
DA:185,0
DA:186,0
DA:187,0
DA:188,0
DA:189,0
DA:190,0
DA:191,0
DA:192,0
DA:193,0
DA:194,0
DA:195,0
DA:196,0
DA:207,0
DA:211,0
DA:213,0
DA:214,0
DA:215,0
DA:216,0
DA:217,0
DA:218,0
DA:223,32
DA:253,0
DA:277,4
DA:349,32
DA:350,2
DA:353,32
DA:355,0
DA:356,0
DA:357,0
DA:363,32
DA:368,37
DA:373,37
DA:387,1
DA:388,67
LF:115
LH:72
BRDA:36,0,0,17
BRDA:36,0,1,18
BRDA:37,1,0,5
BRDA:37,1,1,12
BRDA:37,2,0,17
BRDA:37,2,1,0
BRDA:38,3,0,18
BRDA:38,3,1,0
BRDA:46,4,0,35
BRDA:46,4,1,5
BRDA:55,5,0,35
BRDA:55,5,1,17
BRDA:56,6,0,17
BRDA:56,6,1,5
BRDA:57,7,0,5
BRDA:57,7,1,12
BRDA:91,8,0,32
BRDA:91,8,1,32
BRDA:97,9,0,0
BRDA:97,9,1,32
BRDA:98,10,0,0
BRDA:98,10,1,32
BRDA:110,11,0,12
BRDA:110,11,1,0
BRDA:118,12,0,0
BRDA:118,12,1,0
BRDA:128,13,0,0
BRDA:128,13,1,10
BRDA:128,14,0,0
BRDA:128,14,1,0
BRDA:133,15,0,20
BRDA:133,15,1,1
BRDA:135,16,0,2
BRDA:135,16,1,0
BRDA:135,17,0,2
BRDA:135,17,1,0
BRDA:142,18,0,0
BRDA:142,18,1,1
BRDA:155,19,0,0
BRDA:155,19,1,1
BRDA:160,20,0,0
BRDA:160,20,1,0
BRDA:167,21,0,32
BRDA:167,21,1,20
BRDA:171,22,0,0
BRDA:171,22,1,0
BRDA:173,23,0,0
BRDA:173,23,1,0
BRDA:173,24,0,0
BRDA:173,24,1,0
BRDA:177,25,0,0
BRDA:177,25,1,0
BRDA:179,26,0,0
BRDA:179,26,1,0
BRDA:180,27,0,0
BRDA:180,27,1,0
BRDA:180,28,0,0
BRDA:180,28,1,0
BRDA:184,29,0,0
BRDA:184,29,1,0
BRDA:185,30,0,0
BRDA:185,30,1,0
BRDA:185,30,2,0
BRDA:188,31,0,0
BRDA:188,31,1,0
BRDA:192,32,0,0
BRDA:192,32,1,0
BRDA:200,33,0,0
BRDA:200,33,1,0
BRDA:211,34,0,0
BRDA:211,34,1,0
BRDA:215,35,0,0
BRDA:215,35,1,0
BRDA:215,36,0,0
BRDA:215,36,1,0
BRDA:216,37,0,0
BRDA:216,37,1,0
BRDA:236,38,0,32
BRDA:236,38,1,32
BRDA:236,38,2,32
BRDA:239,39,0,32
BRDA:239,39,1,32
BRDA:245,40,0,0
BRDA:245,40,1,32
BRDA:246,41,0,0
BRDA:246,41,1,0
BRDA:250,42,0,32
BRDA:250,42,1,0
BRDA:262,43,0,10
BRDA:262,43,1,22
BRDA:262,44,0,0
BRDA:262,44,1,22
BRDA:263,45,0,1
BRDA:263,45,1,31
BRDA:263,46,0,32
BRDA:263,46,1,22
BRDA:263,47,0,1
BRDA:263,47,1,0
BRDA:276,48,0,32
BRDA:276,48,1,23
BRDA:276,48,2,11
BRDA:286,49,0,32
BRDA:286,49,1,9
BRDA:289,50,0,6
BRDA:289,50,1,3
BRDA:292,51,0,9
BRDA:292,51,1,9
BRDA:294,52,0,9
BRDA:294,52,1,9
BRDA:294,52,2,2
BRDA:300,53,0,9
BRDA:300,53,1,6
BRDA:303,54,0,9
BRDA:303,54,1,6
BRDA:307,55,0,9
BRDA:307,55,1,6
BRDA:315,56,0,0
BRDA:315,56,1,32
BRDA:315,57,0,32
BRDA:315,57,1,22
BRDA:330,58,0,32
BRDA:330,58,1,22
BRDA:330,58,2,2
BRDA:342,59,0,32
BRDA:342,59,1,22
BRDA:342,59,2,20
BRDA:342,59,3,0
BRDA:350,60,0,1
BRDA:350,60,1,1
BRDA:355,61,0,0
BRDA:355,61,1,0
BRF:131
BRH:72
end_of_record
TN:
SF:screens\GenerateScreen.js
FN:40,(anonymous_0)
FN:43,(anonymous_1)
FN:50,(anonymous_2)
FN:57,b64url
FN:63,shareUrl
FN:70,activeToken
FN:80,ToolBtn
FN:82,(anonymous_7)
FN:99,ResultRow
FN:111,(anonymous_9)
FN:118,(anonymous_10)
FN:124,(anonymous_11)
FN:140,(anonymous_12)
FN:143,(anonymous_13)
FN:162,GenerateScreen
FN:164,(anonymous_15)
FN:178,(anonymous_16)
FN:205,(anonymous_17)
FN:206,(anonymous_18)
FN:221,(anonymous_19)
FN:228,(anonymous_20)
FN:234,(anonymous_21)
FN:245,(anonymous_22)
FN:254,(anonymous_23)
FN:255,(anonymous_24)
FN:255,(anonymous_25)
FN:269,(anonymous_26)
FN:270,(anonymous_27)
FN:279,(anonymous_28)
FN:283,(anonymous_29)
FN:285,(anonymous_30)
FN:294,(anonymous_31)
FN:295,(anonymous_32)
FN:296,(anonymous_33)
FN:298,(anonymous_34)
FN:301,(anonymous_35)
FN:307,(anonymous_36)
FN:312,(anonymous_37)
FN:318,(anonymous_38)
FN:325,(anonymous_39)
FN:330,(anonymous_40)
FN:337,(anonymous_41)
FN:344,(anonymous_42)
FN:353,(anonymous_43)
FN:359,(anonymous_44)
FN:374,(anonymous_45)
FN:376,(anonymous_46)
FN:386,(anonymous_47)
FN:398,(anonymous_48)
FN:404,(anonymous_49)
FN:411,(anonymous_50)
FN:445,(anonymous_51)
FN:445,(anonymous_52)
FN:498,(anonymous_53)
FN:499,(anonymous_54)
FN:515,(anonymous_55)
FN:520,(anonymous_56)
FN:523,(anonymous_57)
FN:526,(anonymous_58)
FN:530,(anonymous_59)
FN:532,(anonymous_60)
FN:536,(anonymous_61)
FN:545,(anonymous_62)
FN:578,(anonymous_63)
FN:579,(anonymous_64)
FN:595,(anonymous_65)
FN:596,(anonymous_66)
FN:603,(anonymous_67)
FN:604,(anonymous_68)
FN:629,(anonymous_69)
FN:635,(anonymous_70)
FN:643,(anonymous_71)
FN:643,(anonymous_72)
FN:646,(anonymous_73)
FN:654,(anonymous_74)
FN:659,(anonymous_75)
FN:659,(anonymous_76)
FN:671,(anonymous_77)
FN:673,(anonymous_78)
FN:675,(anonymous_79)
FN:677,(anonymous_80)
FN:679,(anonymous_81)
FN:680,(anonymous_82)
FN:708,(anonymous_83)
FN:712,(anonymous_84)
FN:740,(anonymous_85)
FN:740,(anonymous_86)
FN:757,(anonymous_87)
FN:767,(anonymous_88)
FN:767,(anonymous_89)
FN:778,(anonymous_90)
FN:782,(anonymous_91)
FN:791,(anonymous_92)
FN:796,(anonymous_93)
FN:806,(anonymous_94)
FN:806,(anonymous_95)
FN:809,(anonymous_96)
FN:809,(anonymous_97)
FN:812,(anonymous_98)
FN:864,(anonymous_99)
FN:877,(anonymous_100)
FN:881,(anonymous_101)
FN:891,(anonymous_102)
FN:901,(anonymous_103)
FN:911,(anonymous_104)
FN:919,(anonymous_105)
FN:924,(anonymous_106)
FN:930,(anonymous_107)
FN:940,(anonymous_108)
FN:983,(anonymous_109)
FN:986,(anonymous_110)
FN:990,(anonymous_111)
FN:1008,(anonymous_112)
FN:1019,(anonymous_113)
FN:1030,(anonymous_114)
FN:1037,(anonymous_115)
FN:1054,(anonymous_116)
FNF:117
FNH:51
FNDA:0,(anonymous_0)
FNDA:0,(anonymous_1)
FNDA:23,(anonymous_2)
FNDA:0,b64url
FNDA:0,shareUrl
FNDA:0,activeToken
FNDA:215,ToolBtn
FNDA:215,(anonymous_7)
FNDA:9,ResultRow
FNDA:9,(anonymous_9)
FNDA:1,(anonymous_10)
FNDA:0,(anonymous_11)
FNDA:6,(anonymous_12)
FNDA:2,(anonymous_13)
FNDA:43,GenerateScreen
FNDA:43,(anonymous_15)
FNDA:0,(anonymous_16)
FNDA:13,(anonymous_17)
FNDA:13,(anonymous_18)
FNDA:13,(anonymous_19)
FNDA:0,(anonymous_20)
FNDA:0,(anonymous_21)
FNDA:19,(anonymous_22)
FNDA:989,(anonymous_23)
FNDA:0,(anonymous_24)
FNDA:0,(anonymous_25)
FNDA:12,(anonymous_26)
FNDA:12,(anonymous_27)
FNDA:12,(anonymous_28)
FNDA:1,(anonymous_29)
FNDA:1,(anonymous_30)
FNDA:0,(anonymous_31)
FNDA:0,(anonymous_32)
FNDA:0,(anonymous_33)
FNDA:0,(anonymous_34)
FNDA:215,(anonymous_35)
FNDA:387,(anonymous_36)
FNDA:0,(anonymous_37)
FNDA:344,(anonymous_38)
FNDA:0,(anonymous_39)
FNDA:43,(anonymous_40)
FNDA:0,(anonymous_41)
FNDA:86,(anonymous_42)
FNDA:86,(anonymous_43)
FNDA:0,(anonymous_44)
FNDA:0,(anonymous_45)
FNDA:0,(anonymous_46)
FNDA:4,(anonymous_47)
FNDA:0,(anonymous_48)
FNDA:0,(anonymous_49)
FNDA:4,(anonymous_50)
FNDA:4,(anonymous_51)
FNDA:4,(anonymous_52)
FNDA:3,(anonymous_53)
FNDA:3,(anonymous_54)
FNDA:13,(anonymous_55)
FNDA:1,(anonymous_56)
FNDA:1,(anonymous_57)
FNDA:0,(anonymous_58)
FNDA:0,(anonymous_59)
FNDA:0,(anonymous_60)
FNDA:0,(anonymous_61)
FNDA:1,(anonymous_62)
FNDA:1,(anonymous_63)
FNDA:1,(anonymous_64)
FNDA:0,(anonymous_65)
FNDA:0,(anonymous_66)
FNDA:0,(anonymous_67)
FNDA:0,(anonymous_68)
FNDA:0,(anonymous_69)
FNDA:0,(anonymous_70)
FNDA:1,(anonymous_71)
FNDA:1,(anonymous_72)
FNDA:1,(anonymous_73)
FNDA:43,(anonymous_74)
FNDA:0,(anonymous_75)
FNDA:0,(anonymous_76)
FNDA:0,(anonymous_77)
FNDA:0,(anonymous_78)
FNDA:0,(anonymous_79)
FNDA:0,(anonymous_80)
FNDA:0,(anonymous_81)
FNDA:0,(anonymous_82)
FNDA:0,(anonymous_83)
FNDA:0,(anonymous_84)
FNDA:1,(anonymous_85)
FNDA:1,(anonymous_86)
FNDA:4,(anonymous_87)
FNDA:1,(anonymous_88)
FNDA:1,(anonymous_89)
FNDA:0,(anonymous_90)
FNDA:0,(anonymous_91)
FNDA:0,(anonymous_92)
FNDA:0,(anonymous_93)
FNDA:0,(anonymous_94)
FNDA:0,(anonymous_95)
FNDA:0,(anonymous_96)
FNDA:0,(anonymous_97)
FNDA:0,(anonymous_98)
FNDA:0,(anonymous_99)
FNDA:9,(anonymous_100)
FNDA:9,(anonymous_101)
FNDA:1,(anonymous_102)
FNDA:0,(anonymous_103)
FNDA:0,(anonymous_104)
FNDA:0,(anonymous_105)
FNDA:0,(anonymous_106)
FNDA:0,(anonymous_107)
FNDA:0,(anonymous_108)
FNDA:0,(anonymous_109)
FNDA:0,(anonymous_110)
FNDA:0,(anonymous_111)
FNDA:0,(anonymous_112)
FNDA:0,(anonymous_113)
FNDA:0,(anonymous_114)
FNDA:0,(anonymous_115)
FNDA:267,(anonymous_116)
DA:38,1
DA:40,0
DA:43,1
DA:50,23
DA:51,1
DA:55,1
DA:56,1
DA:59,0
DA:60,0
DA:61,0
DA:64,0
DA:65,0
DA:71,0
DA:72,0
DA:73,0
DA:74,0
DA:75,0
DA:76,0
DA:77,0
DA:81,215
DA:82,215
DA:83,215
DA:99,1
DA:110,9
DA:111,9
DA:112,9
DA:118,1
DA:124,0
DA:141,6
DA:143,2
DA:163,43
DA:164,43
DA:165,43
DA:166,43
DA:167,43
DA:168,43
DA:169,43
DA:170,43
DA:174,43
DA:175,43
DA:176,43
DA:177,43
DA:178,43
DA:179,0
DA:180,43
DA:181,43
DA:182,43
DA:183,43
DA:184,43
DA:185,43
DA:186,43
DA:187,43
DA:188,43
DA:189,43
DA:190,43
DA:191,43
DA:192,43
DA:193,43
DA:194,43
DA:195,43
DA:198,43
DA:202,43
DA:203,43
DA:205,43
DA:206,43
DA:207,13
DA:208,13
DA:209,216
DA:210,203
DA:211,13
DA:212,13
DA:215,13
DA:220,43
DA:221,43
DA:222,13
DA:223,0
DA:224,0
DA:225,0
DA:226,0
DA:227,0
DA:229,0
DA:234,43
DA:235,0
DA:236,0
DA:237,0
DA:238,0
DA:239,0
DA:240,0
DA:241,0
DA:244,43
DA:245,19
DA:254,989
DA:255,43
DA:266,43
DA:267,43
DA:268,43
DA:269,43
DA:270,12
DA:271,12
DA:272,12
DA:277,12
DA:278,12
DA:279,12
DA:283,43
DA:284,1
DA:285,1
DA:286,1
DA:287,1
DA:293,43
DA:294,43
DA:295,43
DA:296,43
DA:297,0
DA:298,43
DA:301,43
DA:302,215
DA:307,43
DA:308,387
DA:312,0
DA:318,43
DA:319,344
DA:325,0
DA:330,43
DA:331,43
DA:337,0
DA:344,43
DA:345,86
DA:354,86
DA:355,86
DA:359,0
DA:372,43
DA:373,43
DA:374,43
DA:375,43
DA:377,0
DA:378,0
DA:379,0
DA:381,0
DA:386,43
DA:387,4
DA:388,0
DA:390,0
DA:393,0
DA:394,0
DA:395,0
DA:396,0
DA:397,0
DA:398,0
DA:401,0
DA:402,0
DA:403,0
DA:404,0
DA:406,0
DA:408,0
DA:411,43
DA:412,4
DA:413,4
DA:414,4
DA:417,4
DA:418,4
DA:419,4
DA:420,0
DA:421,0
DA:422,0
DA:424,0
DA:425,0
DA:426,0
DA:427,0
DA:428,0
DA:429,0
DA:430,0
DA:431,0
DA:432,0
DA:433,0
DA:435,0
DA:437,0
DA:438,0
DA:440,0
DA:444,4
DA:445,4
DA:448,4
DA:449,4
DA:452,1
DA:453,1
DA:456,3
DA:457,3
DA:458,0
DA:459,0
DA:462,3
DA:463,3
DA:464,3
DA:465,3
DA:466,3
DA:467,3
DA:468,3
DA:469,3
DA:470,3
DA:471,3
DA:472,3
DA:473,3
DA:474,3
DA:491,3
DA:492,3
DA:496,3
DA:497,3
DA:498,3
DA:499,3
DA:502,3
DA:504,0
DA:505,0
DA:508,3
DA:509,3
DA:515,43
DA:516,13
DA:517,12
DA:518,12
DA:520,1
DA:521,1
DA:522,1
DA:523,1
DA:526,43
DA:527,0
DA:528,0
DA:530,43
DA:531,0
DA:532,0
DA:533,0
DA:536,43
DA:537,0
DA:538,0
DA:543,43
DA:544,43
DA:546,1
DA:547,1
DA:548,0
DA:549,0
DA:551,1
DA:552,1
DA:553,0
DA:554,0
DA:556,1
DA:557,1
DA:558,1
DA:559,1
DA:560,1
DA:561,1
DA:562,1
DA:563,1
DA:564,1
DA:575,1
DA:578,1
DA:579,1
DA:580,1
DA:583,1
DA:585,0
DA:587,1
DA:594,43
DA:596,0
DA:597,0
DA:602,43
DA:604,0
DA:605,0
DA:606,0
DA:613,43
DA:629,0
DA:635,0
DA:643,1
DA:646,1
DA:655,43
DA:659,0
DA:672,0
DA:673,0
DA:676,0
DA:677,0
DA:679,0
DA:680,0
DA:709,0
DA:712,0
DA:740,1
DA:758,4
DA:759,4
DA:767,1
DA:778,0
DA:782,0
DA:792,0
DA:793,0
DA:794,0
DA:795,0
DA:796,0
DA:806,0
DA:809,0
DA:812,0
DA:864,0
DA:873,43
DA:877,9
DA:882,9
DA:891,1
DA:901,0
DA:911,0
DA:919,0
DA:924,0
DA:930,0
DA:940,0
DA:983,0
DA:986,0
DA:990,0
DA:1008,0
DA:1019,0
DA:1030,0
DA:1038,0
DA:1051,1
DA:1052,1
DA:1054,1
DA:1055,267
LF:314
LH:190
BRDA:60,0,0,0
BRDA:60,0,1,0
BRDA:64,1,0,0
BRDA:64,1,1,0
BRDA:73,2,0,0
BRDA:73,2,1,0
BRDA:74,3,0,0
BRDA:74,3,1,0
BRDA:76,4,0,0
BRDA:76,4,1,0
BRDA:85,5,0,215
BRDA:85,5,1,0
BRDA:85,6,0,215
BRDA:85,6,1,98
BRDA:86,7,0,98
BRDA:86,7,1,117
BRDA:87,8,0,98
BRDA:87,8,1,117
BRDA:117,9,0,9
BRDA:117,9,1,8
BRDA:119,10,0,8
BRDA:119,10,1,1
BRDA:120,11,0,1
BRDA:120,11,1,7
BRDA:125,12,0,0
BRDA:125,12,1,9
BRDA:132,13,0,9
BRDA:132,13,1,5
BRDA:132,13,2,5
BRDA:142,14,0,6
BRDA:142,14,1,0
BRDA:167,15,0,43
BRDA:167,15,1,0
BRDA:176,16,0,0
BRDA:176,16,1,43
BRDA:177,17,0,43
BRDA:177,17,1,43
BRDA:179,18,0,0
BRDA:179,18,1,0
BRDA:183,19,0,43
BRDA:183,19,1,43
BRDA:202,20,0,0
BRDA:202,20,1,43
BRDA:203,21,0,0
BRDA:203,21,1,43
BRDA:209,22,0,13
BRDA:209,22,1,203
BRDA:210,23,0,13
BRDA:210,23,1,190
BRDA:212,24,0,0
BRDA:212,24,1,13
BRDA:222,25,0,13
BRDA:222,25,1,0
BRDA:222,26,0,13
BRDA:222,26,1,0
BRDA:224,27,0,0
BRDA:224,27,1,0
BRDA:226,28,0,0
BRDA:226,28,1,0
BRDA:226,29,0,0
BRDA:226,29,1,0
BRDA:229,30,0,0
BRDA:229,30,1,0
BRDA:237,31,0,0
BRDA:237,31,1,0
BRDA:238,32,0,0
BRDA:238,32,1,0
BRDA:254,33,0,0
BRDA:254,33,1,989
BRDA:284,34,0,0
BRDA:284,34,1,1
BRDA:285,35,0,0
BRDA:286,36,0,1
BRDA:286,36,1,0
BRDA:286,37,0,1
BRDA:286,37,1,1
BRDA:293,38,0,43
BRDA:293,38,1,43
BRDA:297,39,0,0
BRDA:297,39,1,0
BRDA:297,39,2,0
BRDA:311,40,0,86
BRDA:311,40,1,301
BRDA:324,41,0,344
BRDA:324,41,1,344
BRDA:325,42,0,0
BRDA:325,42,1,0
BRDA:325,43,0,0
BRDA:325,43,1,0
BRDA:334,44,0,43
BRDA:334,44,1,43
BRDA:336,45,0,43
BRDA:336,45,1,43
BRDA:358,46,0,86
BRDA:358,46,1,0
BRDA:361,47,0,86
BRDA:361,47,1,0
BRDA:372,48,0,43
BRDA:372,48,1,43
BRDA:373,49,0,43
BRDA:373,49,1,43
BRDA:377,50,0,0
BRDA:377,50,1,0
BRDA:377,51,0,0
BRDA:377,51,1,0
BRDA:379,52,0,0
BRDA:379,52,1,0
BRDA:387,53,0,4
BRDA:387,53,1,0
BRDA:390,54,0,0
BRDA:390,54,1,0
BRDA:390,55,0,0
BRDA:390,55,1,0
BRDA:390,56,0,0
BRDA:390,56,1,0
BRDA:398,57,0,0
BRDA:398,57,1,0
BRDA:402,58,0,0
BRDA:402,58,1,0
BRDA:403,59,0,0
BRDA:403,59,1,0
BRDA:412,60,0,0
BRDA:412,60,1,4
BRDA:418,61,0,0
BRDA:418,61,1,4
BRDA:419,62,0,0
BRDA:419,62,1,4
BRDA:419,63,0,4
BRDA:419,63,1,0
BRDA:419,63,2,0
BRDA:421,64,0,0
BRDA:421,64,1,0
BRDA:431,65,0,0
BRDA:431,65,1,0
BRDA:431,66,0,0
BRDA:431,66,1,0
BRDA:432,67,0,0
BRDA:432,67,1,0
BRDA:432,68,0,0
BRDA:432,68,1,0
BRDA:437,69,0,0
BRDA:437,69,1,0
BRDA:449,70,0,1
BRDA:449,70,1,3
BRDA:449,71,0,4
BRDA:449,71,1,4
BRDA:456,72,0,3
BRDA:456,72,1,0
BRDA:457,73,0,0
BRDA:457,73,1,3
BRDA:457,74,0,3
BRDA:457,74,1,0
BRDA:462,75,0,3
BRDA:462,75,1,3
BRDA:463,76,0,3
BRDA:463,76,1,3
BRDA:463,76,2,3
BRDA:471,77,0,3
BRDA:471,77,1,3
BRDA:479,78,0,3
BRDA:479,78,1,0
BRDA:480,79,0,0
BRDA:480,79,1,3
BRDA:480,80,0,3
BRDA:480,80,1,3
BRDA:483,81,0,0
BRDA:483,81,1,3
BRDA:491,82,0,3
BRDA:491,82,1,0
BRDA:496,83,0,3
BRDA:496,83,1,0
BRDA:499,84,0,3
BRDA:499,84,1,0
BRDA:499,85,0,3
BRDA:499,85,1,3
BRDA:502,86,0,3
BRDA:502,86,1,0
BRDA:504,87,0,0
BRDA:504,87,1,0
BRDA:510,88,0,0
BRDA:510,88,1,3
BRDA:510,89,0,3
BRDA:510,89,1,0
BRDA:516,90,0,12
BRDA:516,90,1,1
BRDA:520,91,0,1
BRDA:520,91,1,0
BRDA:531,92,0,0
BRDA:531,92,1,0
BRDA:543,93,0,43
BRDA:543,93,1,43
BRDA:547,94,0,0
BRDA:547,94,1,1
BRDA:547,95,0,1
BRDA:547,95,1,1
BRDA:551,96,0,1
BRDA:551,96,1,0
BRDA:552,97,0,0
BRDA:552,97,1,1
BRDA:552,98,0,1
BRDA:552,98,1,0
BRDA:556,99,0,1
BRDA:556,99,1,1
BRDA:557,100,0,1
BRDA:557,100,1,1
BRDA:557,100,2,1
BRDA:561,101,0,1
BRDA:561,101,1,1
BRDA:568,102,0,0
BRDA:568,102,1,1
BRDA:575,103,0,1
BRDA:575,103,1,0
BRDA:580,104,0,1
BRDA:580,104,1,0
BRDA:580,105,0,1
BRDA:580,105,1,0
BRDA:585,106,0,0
BRDA:585,106,1,0
BRDA:596,107,0,0
BRDA:596,107,1,0
BRDA:605,108,0,0
BRDA:605,108,1,0
BRDA:606,109,0,0
BRDA:606,109,1,0
BRDA:606,110,0,0
BRDA:606,110,1,0
BRDA:617,111,0,43
BRDA:617,111,1,0
BRDA:620,112,0,43
BRDA:620,112,1,0
BRDA:625,113,0,43
BRDA:625,113,1,0
BRDA:628,114,0,0
BRDA:628,114,1,0
BRDA:631,115,0,0
BRDA:631,115,1,0
BRDA:634,116,0,0
BRDA:634,116,1,0
BRDA:637,117,0,0
BRDA:637,117,1,0
BRDA:644,118,0,2
BRDA:644,118,1,41
BRDA:657,119,0,43
BRDA:657,119,1,43
BRDA:659,120,0,0
BRDA:659,120,1,0
BRDA:659,121,0,0
BRDA:659,121,1,0
BRDA:684,122,0,0
BRDA:684,122,1,43
BRDA:686,123,0,31
BRDA:686,123,1,12
BRDA:700,124,0,43
BRDA:700,124,1,0
BRDA:716,125,0,0
BRDA:716,125,1,0
BRDA:723,126,0,43
BRDA:723,126,1,2
BRDA:727,127,0,2
BRDA:727,127,1,1
BRDA:759,128,0,3
BRDA:759,128,1,1
BRDA:775,129,0,43
BRDA:775,129,1,0
BRDA:778,130,0,0
BRDA:778,130,1,0
BRDA:782,131,0,0
BRDA:782,131,1,0
BRDA:787,132,0,43
BRDA:787,132,1,0
BRDA:787,132,2,0
BRDA:789,133,0,0
BRDA:789,133,1,0
BRDA:792,134,0,0
BRDA:792,134,1,0
BRDA:793,135,0,0
BRDA:793,135,1,0
BRDA:796,136,0,0
BRDA:796,136,1,0
BRDA:797,137,0,0
BRDA:797,137,1,0
BRDA:806,138,0,0
BRDA:806,138,1,43
BRDA:807,139,0,0
BRDA:807,139,1,43
BRDA:807,140,0,0
BRDA:807,140,1,43
BRDA:809,141,0,0
BRDA:809,141,1,43
BRDA:810,142,0,0
BRDA:810,142,1,43
BRDA:810,143,0,0
BRDA:810,143,1,43
BRDA:813,144,0,0
BRDA:813,144,1,43
BRDA:830,145,0,31
BRDA:830,145,1,12
BRDA:833,146,0,31
BRDA:833,146,1,12
BRDA:839,147,0,43
BRDA:839,147,1,3
BRDA:849,148,0,8
BRDA:849,148,1,35
BRDA:850,149,0,8
BRDA:850,149,1,0
BRDA:856,150,0,43
BRDA:856,150,1,9
BRF:307
BRH:145
end_of_record
TN:
SF:screens\ManageScreen.js
FN:30,LineRow
FN:32,(anonymous_1)
FN:38,(anonymous_2)
FN:44,(anonymous_3)
FN:52,Editor
FN:54,(anonymous_5)
FN:68,(anonymous_6)
FN:81,(anonymous_7)
FN:82,(anonymous_8)
FN:84,(anonymous_9)
FN:91,(anonymous_10)
FN:95,(anonymous_11)
FN:103,(anonymous_12)
FN:110,(anonymous_13)
FN:111,(anonymous_14)
FN:112,(anonymous_15)
FN:116,(anonymous_16)
FN:117,(anonymous_17)
FN:118,(anonymous_18)
FN:125,(anonymous_19)
FN:128,(anonymous_20)
FN:160,(anonymous_21)
FN:173,(anonymous_22)
FN:181,(anonymous_23)
FN:184,(anonymous_24)
FN:187,(anonymous_25)
FN:194,(anonymous_26)
FN:195,(anonymous_27)
FN:204,(anonymous_28)
FN:216,(anonymous_29)
FN:219,(anonymous_30)
FN:270,(anonymous_31)
FN:274,(anonymous_32)
FN:305,(anonymous_33)
FN:308,(anonymous_34)
FN:319,ManageScreen
FN:321,(anonymous_36)
FN:328,(anonymous_37)
FN:332,(anonymous_38)
FN:334,(anonymous_39)
FN:338,(anonymous_40)
FN:346,(anonymous_41)
FN:355,(anonymous_42)
FN:359,(anonymous_43)
FN:366,(anonymous_44)
FN:373,(anonymous_45)
FN:381,(anonymous_46)
FN:394,(anonymous_47)
FN:405,(anonymous_48)
FN:440,(anonymous_49)
FN:462,(anonymous_50)
FN:472,(anonymous_51)
FNF:52
FNH:27
FNDA:12,LineRow
FNDA:12,(anonymous_1)
FNDA:0,(anonymous_2)
FNDA:0,(anonymous_3)
FNDA:12,Editor
FNDA:12,(anonymous_5)
FNDA:1,(anonymous_6)
FNDA:5,(anonymous_7)
FNDA:5,(anonymous_8)
FNDA:10,(anonymous_9)
FNDA:0,(anonymous_10)
FNDA:0,(anonymous_11)
FNDA:0,(anonymous_12)
FNDA:0,(anonymous_13)
FNDA:0,(anonymous_14)
FNDA:0,(anonymous_15)
FNDA:0,(anonymous_16)
FNDA:0,(anonymous_17)
FNDA:0,(anonymous_18)
FNDA:1,(anonymous_19)
FNDA:2,(anonymous_20)
FNDA:2,(anonymous_21)
FNDA:0,(anonymous_22)
FNDA:1,(anonymous_23)
FNDA:2,(anonymous_24)
FNDA:0,(anonymous_25)
FNDA:0,(anonymous_26)
FNDA:0,(anonymous_27)
FNDA:0,(anonymous_28)
FNDA:0,(anonymous_29)
FNDA:1,(anonymous_30)
FNDA:14,(anonymous_31)
FNDA:14,(anonymous_32)
FNDA:3,(anonymous_33)
FNDA:4,(anonymous_34)
FNDA:33,ManageScreen
FNDA:33,(anonymous_36)
FNDA:15,(anonymous_37)
FNDA:0,(anonymous_38)
FNDA:11,(anonymous_39)
FNDA:1,(anonymous_40)
FNDA:2,(anonymous_41)
FNDA:4,(anonymous_42)
FNDA:0,(anonymous_43)
FNDA:1,(anonymous_44)
FNDA:0,(anonymous_45)
FNDA:0,(anonymous_46)
FNDA:0,(anonymous_47)
FNDA:0,(anonymous_48)
FNDA:0,(anonymous_49)
FNDA:0,(anonymous_50)
FNDA:57,(anonymous_51)
DA:26,1
DA:30,1
DA:31,12
DA:32,12
DA:33,12
DA:38,0
DA:44,0
DA:53,12
DA:54,12
DA:55,12
DA:56,12
DA:57,12
DA:58,12
DA:59,12
DA:60,12
DA:61,12
DA:62,12
DA:63,12
DA:64,12
DA:66,12
DA:68,12
DA:69,1
DA:70,1
DA:71,1
DA:72,1
DA:74,0
DA:75,0
DA:76,0
DA:77,0
DA:78,0
DA:81,12
DA:82,5
DA:83,5
DA:84,10
DA:85,5
DA:86,5
DA:87,5
DA:91,12
DA:92,0
DA:94,12
DA:96,0
DA:97,0
DA:98,0
DA:99,0
DA:103,12
DA:104,0
DA:105,0
DA:106,0
DA:110,12
DA:111,0
DA:112,0
DA:113,0
DA:114,0
DA:116,12
DA:117,0
DA:118,0
DA:119,0
DA:120,0
DA:125,12
DA:126,1
DA:127,1
DA:128,2
DA:129,1
DA:130,0
DA:131,0
DA:133,1
DA:135,1
DA:136,1
DA:137,1
DA:138,1
DA:140,1
DA:141,1
DA:142,1
DA:143,1
DA:144,1
DA:146,1
DA:155,1
DA:156,1
DA:157,0
DA:159,1
DA:160,2
DA:163,1
DA:164,1
DA:167,0
DA:169,1
DA:172,12
DA:174,0
DA:175,0
DA:180,12
DA:182,1
DA:183,1
DA:184,2
DA:186,0
DA:187,0
DA:188,0
DA:190,1
DA:194,12
DA:195,0
DA:196,0
DA:197,0
DA:198,0
DA:201,12
DA:204,0
DA:216,0
DA:219,1
DA:270,14
DA:274,14
DA:305,1
DA:306,3
DA:308,4
DA:320,33
DA:321,33
DA:322,33
DA:323,33
DA:324,33
DA:325,33
DA:326,33
DA:328,33
DA:329,15
DA:330,15
DA:332,15
DA:334,33
DA:335,11
DA:338,33
DA:339,1
DA:340,1
DA:341,1
DA:342,1
DA:343,1
DA:344,1
DA:346,33
DA:347,2
DA:348,2
DA:349,2
DA:350,2
DA:351,2
DA:352,2
DA:355,33
DA:356,4
DA:358,33
DA:360,0
DA:361,0
DA:365,33
DA:367,1
DA:368,1
DA:372,33
DA:374,0
DA:375,0
DA:380,33
DA:382,0
DA:383,0
DA:384,0
DA:385,0
DA:390,33
DA:391,5
DA:395,0
DA:396,0
DA:401,28
DA:402,2
DA:406,0
DA:407,0
DA:413,26
DA:440,0
DA:462,0
DA:472,1
DA:473,57
LF:166
LH:114
BRDA:70,0,0,1
BRDA:70,0,1,0
BRDA:77,1,0,0
BRDA:77,1,1,0
BRDA:83,2,0,5
BRDA:83,2,1,0
BRDA:86,3,0,5
BRDA:86,3,1,4
BRDA:98,4,0,0
BRDA:98,4,1,0
BRDA:119,5,0,0
BRDA:119,5,1,0
BRDA:119,6,0,0
BRDA:119,6,1,0
BRDA:126,7,0,0
BRDA:126,7,1,1
BRDA:129,8,0,0
BRDA:129,8,1,1
BRDA:144,9,0,1
BRDA:144,9,1,1
BRDA:146,10,0,1
BRDA:146,10,1,0
BRDA:156,11,0,0
BRDA:156,11,1,1
BRDA:163,12,0,0
BRDA:163,12,1,1
BRDA:167,13,0,0
BRDA:167,13,1,0
BRDA:182,14,0,0
BRDA:182,14,1,1
BRDA:183,15,0,1
BRDA:183,15,1,0
BRDA:186,16,0,0
BRDA:186,16,1,0
BRDA:195,17,0,0
BRDA:195,17,1,0
BRDA:197,18,0,0
BRDA:197,18,1,0
BRDA:217,19,0,12
BRDA:217,19,1,11
BRDA:220,20,0,12
BRDA:220,20,1,1
BRDA:234,21,0,11
BRDA:234,21,1,1
BRDA:241,22,0,6
BRDA:241,22,1,5
BRDA:255,23,0,11
BRDA:255,23,1,11
BRDA:255,23,2,2
BRDA:257,24,0,11
BRDA:257,24,1,11
BRDA:258,25,0,11
BRDA:258,25,1,11
BRDA:259,26,0,9
BRDA:259,26,1,2
BRDA:260,27,0,9
BRDA:260,27,1,2
BRDA:263,28,0,0
BRDA:263,28,1,11
BRDA:263,29,0,9
BRDA:263,29,1,2
BRDA:267,30,0,1
BRDA:267,30,1,10
BRDA:276,31,0,6
BRDA:276,31,1,5
BRDA:278,32,0,0
BRDA:278,32,1,6
BRDA:340,33,0,0
BRDA:340,33,1,1
BRDA:348,34,0,0
BRDA:348,34,1,2
BRDA:356,35,0,0
BRDA:356,35,1,4
BRDA:382,36,0,0
BRDA:382,36,1,0
BRDA:390,37,0,5
BRDA:390,37,1,28
BRDA:396,38,0,0
BRDA:396,38,1,0
BRDA:401,39,0,2
BRDA:401,39,1,26
BRDA:407,40,0,0
BRDA:407,40,1,0
BRDA:419,41,0,26
BRDA:419,41,1,0
BRF:85
BRH:48
end_of_record
TN:
SF:screens\SingleScreen.js
FN:68,copyText
FN:72,SingleScreen
FN:74,(anonymous_2)
FN:94,(anonymous_3)
FN:98,(anonymous_4)
FN:106,(anonymous_5)
FN:108,(anonymous_6)
FN:112,(anonymous_7)
FN:116,(anonymous_8)
FN:122,(anonymous_9)
FN:126,(anonymous_10)
FN:161,(anonymous_11)
FN:162,(anonymous_12)
FN:164,(anonymous_13)
FN:182,(anonymous_14)
FN:207,(anonymous_15)
FN:234,(anonymous_16)
FN:234,(anonymous_17)
FN:239,(anonymous_18)
FN:243,(anonymous_19)
FN:273,(anonymous_20)
FN:273,(anonymous_21)
FN:282,(anonymous_22)
FN:288,(anonymous_23)
FN:295,(anonymous_24)
FN:295,(anonymous_25)
FN:332,(anonymous_26)
FN:332,(anonymous_27)
FN:337,(anonymous_28)
FN:355,(anonymous_29)
FN:370,(anonymous_30)
FN:373,(anonymous_31)
FN:377,(anonymous_32)
FN:382,(anonymous_33)
FN:403,(anonymous_34)
FN:408,(anonymous_35)
FN:419,(anonymous_36)
FN:420,(anonymous_37)
FN:421,(anonymous_38)
FN:434,(anonymous_39)
FN:441,(anonymous_40)
FN:449,(anonymous_41)
FN:461,(anonymous_42)
FN:467,(anonymous_43)
FN:470,(anonymous_44)
FN:470,(anonymous_45)
FN:482,(anonymous_46)
FN:500,(anonymous_47)
FN:508,(anonymous_48)
FN:519,(anonymous_49)
FN:529,(anonymous_50)
FN:548,(anonymous_51)
FN:548,(anonymous_52)
FN:551,(anonymous_53)
FN:551,(anonymous_54)
FN:557,(anonymous_55)
FN:558,(anonymous_56)
FN:568,(anonymous_57)
FN:569,(anonymous_58)
FN:581,(anonymous_59)
FN:582,(anonymous_60)
FN:617,(anonymous_61)
FN:617,(anonymous_62)
FN:646,(anonymous_63)
FN:663,(anonymous_64)
FN:682,(anonymous_65)
FN:708,(anonymous_66)
FN:708,(anonymous_67)
FN:711,(anonymous_68)
FN:711,(anonymous_69)
FN:720,(anonymous_70)
FN:730,(anonymous_71)
FN:747,(anonymous_72)
FN:758,(anonymous_73)
FN:758,(anonymous_74)
FN:765,(anonymous_75)
FN:795,(anonymous_76)
FN:796,(anonymous_77)
FN:807,(anonymous_78)
FN:808,(anonymous_79)
FN:817,rawMeta
FN:822,(anonymous_81)
FNF:82
FNH:32
FNDA:0,copyText
FNDA:30,SingleScreen
FNDA:30,(anonymous_2)
FNDA:1,(anonymous_3)
FNDA:1,(anonymous_4)
FNDA:13,(anonymous_5)
FNDA:13,(anonymous_6)
FNDA:12,(anonymous_7)
FNDA:0,(anonymous_8)
FNDA:17,(anonymous_9)
FNDA:1,(anonymous_10)
FNDA:56,(anonymous_11)
FNDA:28,(anonymous_12)
FNDA:1,(anonymous_13)
FNDA:1,(anonymous_14)
FNDA:1,(anonymous_15)
FNDA:1,(anonymous_16)
FNDA:1,(anonymous_17)
FNDA:0,(anonymous_18)
FNDA:0,(anonymous_19)
FNDA:0,(anonymous_20)
FNDA:0,(anonymous_21)
FNDA:0,(anonymous_22)
FNDA:0,(anonymous_23)
FNDA:0,(anonymous_24)
FNDA:0,(anonymous_25)
FNDA:0,(anonymous_26)
FNDA:0,(anonymous_27)
FNDA:0,(anonymous_28)
FNDA:1,(anonymous_29)
FNDA:1,(anonymous_30)
FNDA:1,(anonymous_31)
FNDA:1,(anonymous_32)
FNDA:0,(anonymous_33)
FNDA:0,(anonymous_34)
FNDA:0,(anonymous_35)
FNDA:84,(anonymous_36)
FNDA:0,(anonymous_37)
FNDA:0,(anonymous_38)
FNDA:140,(anonymous_39)
FNDA:56,(anonymous_40)
FNDA:0,(anonymous_41)
FNDA:84,(anonymous_42)
FNDA:0,(anonymous_43)
FNDA:0,(anonymous_44)
FNDA:0,(anonymous_45)
FNDA:0,(anonymous_46)
FNDA:0,(anonymous_47)
FNDA:1,(anonymous_48)
FNDA:0,(anonymous_49)
FNDA:1,(anonymous_50)
FNDA:0,(anonymous_51)
FNDA:0,(anonymous_52)
FNDA:0,(anonymous_53)
FNDA:0,(anonymous_54)
FNDA:0,(anonymous_55)
FNDA:0,(anonymous_56)
FNDA:0,(anonymous_57)
FNDA:0,(anonymous_58)
FNDA:0,(anonymous_59)
FNDA:0,(anonymous_60)
FNDA:0,(anonymous_61)
FNDA:0,(anonymous_62)
FNDA:0,(anonymous_63)
FNDA:0,(anonymous_64)
FNDA:1,(anonymous_65)
FNDA:0,(anonymous_66)
FNDA:0,(anonymous_67)
FNDA:0,(anonymous_68)
FNDA:0,(anonymous_69)
FNDA:0,(anonymous_70)
FNDA:0,(anonymous_71)
FNDA:252,(anonymous_72)
FNDA:0,(anonymous_73)
FNDA:0,(anonymous_74)
FNDA:0,(anonymous_75)
FNDA:56,(anonymous_76)
FNDA:1,(anonymous_77)
FNDA:0,(anonymous_78)
FNDA:0,(anonymous_79)
FNDA:28,rawMeta
FNDA:30,(anonymous_81)
DA:55,1
DA:56,1
DA:57,1
DA:58,1
DA:61,1
DA:62,1
DA:63,1
DA:66,1
DA:69,0
DA:73,30
DA:74,30
DA:75,30
DA:76,30
DA:78,30
DA:79,30
DA:80,30
DA:81,30
DA:82,30
DA:83,30
DA:84,30
DA:85,30
DA:86,30
DA:87,30
DA:88,30
DA:89,30
DA:90,30
DA:91,30
DA:93,30
DA:95,1
DA:96,1
DA:97,1
DA:98,1
DA:99,1
DA:100,1
DA:106,30
DA:107,13
DA:108,13
DA:109,13
DA:110,13
DA:111,13
DA:112,12
DA:113,12
DA:114,1
DA:116,0
DA:122,30
DA:123,30
DA:124,30
DA:125,30
DA:126,30
DA:127,1
DA:128,1
DA:129,1
DA:130,1
DA:131,1
DA:132,1
DA:135,30
DA:136,2
DA:148,28
DA:149,28
DA:150,28
DA:151,28
DA:152,28
DA:153,28
DA:154,28
DA:155,28
DA:156,28
DA:159,28
DA:160,28
DA:161,56
DA:162,28
DA:164,28
DA:165,1
DA:166,1
DA:167,1
DA:168,1
DA:174,1
DA:176,0
DA:179,0
DA:182,28
DA:183,1
DA:184,1
DA:185,0
DA:186,0
DA:188,1
DA:189,1
DA:190,0
DA:191,0
DA:193,1
DA:194,1
DA:195,0
DA:196,0
DA:198,1
DA:199,1
DA:205,1
DA:206,1
DA:207,1
DA:208,1
DA:209,1
DA:210,1
DA:211,1
DA:212,1
DA:213,1
DA:229,1
DA:230,1
DA:232,0
DA:234,1
DA:235,1
DA:239,28
DA:240,0
DA:241,0
DA:242,0
DA:243,0
DA:244,0
DA:245,0
DA:246,0
DA:247,0
DA:248,0
DA:252,0
DA:267,0
DA:268,0
DA:269,0
DA:271,0
DA:273,0
DA:274,0
DA:280,28
DA:281,28
DA:282,28
DA:283,0
DA:284,0
DA:285,0
DA:286,0
DA:287,0
DA:288,0
DA:289,0
DA:290,0
DA:291,0
DA:292,0
DA:293,0
DA:294,0
DA:295,0
DA:296,0
DA:297,0
DA:299,0
DA:300,0
DA:301,0
DA:302,0
DA:303,0
DA:304,0
DA:305,0
DA:307,0
DA:309,0
DA:310,0
DA:311,0
DA:312,0
DA:324,0
DA:326,0
DA:327,0
DA:328,0
DA:330,0
DA:332,0
DA:333,0
DA:337,28
DA:339,0
DA:340,0
DA:341,0
DA:342,0
DA:344,0
DA:345,0
DA:346,0
DA:347,0
DA:349,0
DA:351,0
DA:355,28
DA:356,1
DA:357,1
DA:358,1
DA:359,1
DA:360,0
DA:361,0
DA:363,1
DA:364,1
DA:366,0
DA:367,0
DA:370,28
DA:371,1
DA:373,28
DA:374,1
DA:375,0
DA:377,28
DA:378,1
DA:379,1
DA:382,28
DA:383,0
DA:384,0
DA:385,0
DA:386,0
DA:388,0
DA:389,0
DA:390,0
DA:391,0
DA:392,0
DA:394,0
DA:395,0
DA:396,0
DA:403,0
DA:404,0
DA:405,0
DA:407,0
DA:408,0
DA:409,0
DA:412,0
DA:414,0
DA:418,28
DA:419,28
DA:420,84
DA:421,84
DA:422,84
DA:424,28
DA:425,28
DA:426,28
DA:430,28
DA:431,28
DA:434,28
DA:435,140
DA:436,112
DA:442,56
DA:449,0
DA:461,28
DA:462,84
DA:463,0
DA:468,0
DA:470,0
DA:483,0
DA:492,28
DA:500,0
DA:508,1
DA:519,0
DA:529,1
DA:548,0
DA:551,0
DA:558,0
DA:569,0
DA:582,0
DA:617,0
DA:646,0
DA:663,0
DA:682,1
DA:708,0
DA:711,0
DA:721,0
DA:722,0
DA:723,0
DA:731,0
DA:732,0
DA:733,0
DA:748,252
DA:758,0
DA:766,0
DA:796,56
DA:807,0
DA:808,0
DA:818,28
DA:819,28
DA:822,1
DA:823,30
LF:265
LH:142
BRDA:55,0,0,0
BRDA:55,0,1,1
BRDA:56,1,0,0
BRDA:56,1,1,1
BRDA:57,2,0,0
BRDA:57,2,1,1
BRDA:58,3,0,0
BRDA:58,3,1,1
BRDA:69,4,0,0
BRDA:69,4,1,0
BRDA:79,5,0,30
BRDA:79,5,1,2
BRDA:97,6,0,1
BRDA:97,6,1,1
BRDA:99,7,0,1
BRDA:99,7,1,0
BRDA:107,8,0,12
BRDA:107,8,1,1
BRDA:111,9,0,12
BRDA:111,9,1,1
BRDA:113,10,0,12
BRDA:113,10,1,0
BRDA:114,11,0,0
BRDA:114,11,1,1
BRDA:116,12,0,0
BRDA:116,12,1,0
BRDA:122,13,0,28
BRDA:122,13,1,2
BRDA:125,14,0,30
BRDA:125,14,1,16
BRDA:127,15,0,0
BRDA:127,15,1,1
BRDA:135,16,0,2
BRDA:135,16,1,28
BRDA:150,17,0,28
BRDA:150,17,1,0
BRDA:150,17,2,0
BRDA:150,17,3,0
BRDA:150,17,4,0
BRDA:152,18,0,28
BRDA:152,18,1,0
BRDA:152,18,2,0
BRDA:155,19,0,0
BRDA:155,19,1,28
BRDA:156,20,0,0
BRDA:156,20,1,28
BRDA:156,21,0,28
BRDA:156,21,1,0
BRDA:162,22,0,28
BRDA:162,22,1,0
BRDA:165,23,0,1
BRDA:165,23,1,0
BRDA:166,24,0,0
BRDA:166,24,1,1
BRDA:170,25,0,1
BRDA:170,25,1,0
BRDA:174,26,0,1
BRDA:174,26,1,0
BRDA:179,27,0,0
BRDA:179,27,1,0
BRDA:183,28,0,0
BRDA:183,28,1,1
BRDA:184,29,0,0
BRDA:184,29,1,1
BRDA:189,30,0,0
BRDA:189,30,1,1
BRDA:193,31,0,1
BRDA:193,31,1,0
BRDA:194,32,0,0
BRDA:194,32,1,1
BRDA:194,33,0,1
BRDA:194,33,1,0
BRDA:198,34,0,1
BRDA:198,34,1,0
BRDA:201,35,0,1
BRDA:201,35,1,0
BRDA:205,36,0,1
BRDA:205,36,1,0
BRDA:216,37,0,1
BRDA:216,37,1,0
BRDA:216,38,0,0
BRDA:216,38,1,1
BRDA:217,39,0,1
BRDA:217,39,1,0
BRDA:219,40,0,1
BRDA:219,40,1,0
BRDA:221,41,0,1
BRDA:221,41,1,0
BRDA:232,42,0,0
BRDA:232,42,1,0
BRDA:240,43,0,0
BRDA:240,43,1,0
BRDA:240,44,0,0
BRDA:240,44,1,0
BRDA:247,45,0,0
BRDA:247,45,1,0
BRDA:262,46,0,0
BRDA:262,46,1,0
BRDA:269,47,0,0
BRDA:269,47,1,0
BRDA:271,48,0,0
BRDA:271,48,1,0
BRDA:283,49,0,0
BRDA:283,49,1,0
BRDA:283,50,0,0
BRDA:283,50,1,0
BRDA:285,51,0,0
BRDA:285,51,1,0
BRDA:292,52,0,0
BRDA:292,52,1,0
BRDA:293,53,0,0
BRDA:293,53,1,0
BRDA:293,54,0,0
BRDA:293,54,1,0
BRDA:299,55,0,0
BRDA:299,55,1,0
BRDA:301,56,0,0
BRDA:301,56,1,0
BRDA:304,57,0,0
BRDA:304,57,1,0
BRDA:328,58,0,0
BRDA:328,58,1,0
BRDA:330,59,0,0
BRDA:330,59,1,0
BRDA:339,60,0,0
BRDA:339,60,1,0
BRDA:339,61,0,0
BRDA:339,61,1,0
BRDA:344,62,0,0
BRDA:344,62,1,0
BRDA:344,63,0,0
BRDA:344,63,1,0
BRDA:347,64,0,0
BRDA:347,64,1,0
BRDA:349,65,0,0
BRDA:349,65,1,0
BRDA:356,66,0,0
BRDA:356,66,1,1
BRDA:359,67,0,0
BRDA:359,67,1,1
BRDA:363,68,0,1
BRDA:363,68,1,0
BRDA:366,69,0,0
BRDA:366,69,1,0
BRDA:371,70,0,1
BRDA:371,70,1,0
BRDA:374,71,0,1
BRDA:374,71,1,0
BRDA:374,72,0,1
BRDA:374,72,1,1
BRDA:384,73,0,0
BRDA:384,73,1,0
BRDA:384,74,0,0
BRDA:384,74,1,0
BRDA:390,75,0,0
BRDA:390,75,1,0
BRDA:391,76,0,0
BRDA:391,76,1,0
BRDA:403,77,0,0
BRDA:403,77,1,0
BRDA:404,78,0,0
BRDA:404,78,1,0
BRDA:408,79,0,0
BRDA:408,79,1,0
BRDA:412,80,0,0
BRDA:412,80,1,0
BRDA:418,81,0,28
BRDA:418,81,1,12
BRDA:420,82,0,0
BRDA:420,82,1,0
BRDA:421,83,0,0
BRDA:421,83,1,0
BRDA:430,84,0,0
BRDA:430,84,1,28
BRDA:435,85,0,28
BRDA:435,85,1,112
BRDA:437,86,0,112
BRDA:437,86,1,56
BRDA:441,87,0,112
BRDA:441,87,1,56
BRDA:443,88,0,56
BRDA:443,88,1,0
BRDA:445,89,0,0
BRDA:445,89,1,56
BRDA:454,90,0,112
BRDA:454,90,1,28
BRDA:462,91,0,84
BRDA:462,91,1,0
BRDA:462,92,0,84
BRDA:462,92,1,84
BRDA:500,93,0,28
BRDA:500,93,1,27
BRDA:503,94,0,28
BRDA:503,94,1,16
BRDA:508,95,0,28
BRDA:508,95,1,27
BRDA:515,96,0,0
BRDA:515,96,1,28
BRDA:516,97,0,0
BRDA:516,97,1,28
BRDA:544,98,0,0
BRDA:544,98,1,28
BRDA:555,99,0,28
BRDA:555,99,1,0
BRDA:564,100,0,28
BRDA:564,100,1,0
BRDA:570,101,0,0
BRDA:570,101,1,0
BRDA:576,102,0,0
BRDA:576,102,1,0
BRDA:577,103,0,0
BRDA:577,103,1,0
BRDA:579,104,0,0
BRDA:579,104,1,0
BRDA:594,105,0,1
BRDA:594,105,1,27
BRDA:594,106,0,1
BRDA:594,106,1,0
BRDA:602,107,0,28
BRDA:602,107,1,28
BRDA:602,107,2,0
BRDA:605,108,0,0
BRDA:605,108,1,0
BRDA:607,109,0,0
BRDA:607,109,1,0
BRDA:609,110,0,0
BRDA:609,110,1,0
BRDA:612,111,0,0
BRDA:612,111,1,0
BRDA:612,112,0,0
BRDA:612,112,1,0
BRDA:612,112,2,0
BRDA:613,113,0,0
BRDA:613,113,1,0
BRDA:616,114,0,0
BRDA:616,114,1,0
BRDA:624,115,0,0
BRDA:624,115,1,28
BRDA:625,116,0,28
BRDA:625,116,1,0
BRDA:632,117,0,28
BRDA:632,117,1,0
BRDA:632,117,2,0
BRDA:632,117,3,0
BRDA:632,117,4,28
BRDA:640,118,0,28
BRDA:640,118,1,0
BRDA:645,119,0,28
BRDA:645,119,1,28
BRDA:652,120,0,28
BRDA:652,120,1,0
BRDA:652,120,2,0
BRDA:657,121,0,0
BRDA:657,121,1,0
BRDA:662,122,0,0
BRDA:662,122,1,0
BRDA:670,123,0,28
BRDA:670,123,1,28
BRDA:670,123,2,28
BRDA:676,124,0,28
BRDA:676,124,1,0
BRDA:681,125,0,28
BRDA:681,125,1,28
BRDA:692,126,0,28
BRDA:692,126,1,0
BRDA:692,126,2,0
BRDA:692,126,3,0
BRDA:692,126,4,28
BRDA:696,127,0,28
BRDA:696,127,1,0
BRDA:696,127,2,0
BRDA:697,128,0,28
BRDA:697,128,1,0
BRDA:697,128,2,0
BRDA:703,129,0,28
BRDA:703,129,1,0
BRDA:703,129,2,28
BRDA:709,130,0,28
BRDA:709,130,1,0
BRDA:709,131,0,0
BRDA:709,131,1,28
BRDA:712,132,0,28
BRDA:712,132,1,0
BRDA:716,133,0,28
BRDA:716,133,1,0
BRDA:740,134,0,0
BRDA:740,134,1,28
BRDA:756,135,0,28
BRDA:756,135,1,28
BRDA:760,136,0,0
BRDA:760,136,1,28
BRDA:763,137,0,28
BRDA:763,137,1,0
BRDA:783,138,0,28
BRDA:783,138,1,0
BRDA:783,138,2,28
BRDA:786,139,0,0
BRDA:786,139,1,28
BRDA:788,140,0,28
BRDA:788,140,1,0
BRDA:789,141,0,0
BRDA:789,141,1,28
BRDA:793,142,0,0
BRDA:793,142,1,28
BRDA:818,143,0,28
BRDA:818,143,1,0
BRF:306
BRH:121
end_of_record
